#! /c/Source/iverilog-install/bin/vvp
:ivl_version "12.0 (devel)" "(s20150603-1539-g2693dd32b)";
:ivl_delay_selection "TYPICAL";
:vpi_time_precision - 12;
:vpi_module "C:\iverilog\lib\ivl\system.vpi";
:vpi_module "C:\iverilog\lib\ivl\vhdl_sys.vpi";
:vpi_module "C:\iverilog\lib\ivl\vhdl_textio.vpi";
:vpi_module "C:\iverilog\lib\ivl\v2005_math.vpi";
:vpi_module "C:\iverilog\lib\ivl\va_math.vpi";
:vpi_module "C:\iverilog\lib\ivl\v2009.vpi";
S_000002a17a857ce0 .scope package, "$unit" "$unit" 2 1;
 .timescale 0 0;
S_000002a17a85d440 .scope module, "pdm_tb" "pdm_tb" 3 4;
 .timescale -9 -12;
v000002a17a8c5440_0 .var "clk_in", 0 0;
v000002a17a8c5300_0 .var/s "level_in", 7 0;
v000002a17a8c5a80_0 .net "pdm_out", 0 0, L_000002a17a86b210;  1 drivers
v000002a17a8c53a0_0 .var "rst_in", 0 0;
v000002a17a8c5120_0 .var "tick_in", 0 0;
S_000002a17a86d270 .scope begin, "$ivl_for_loop0" "$ivl_for_loop0" 3 36, 3 36 0, S_000002a17a85d440;
 .timescale -9 -12;
v000002a17a86d590_0 .var/2s "i", 31 0;
S_000002a17a86d400 .scope begin, "$ivl_for_loop1" "$ivl_for_loop1" 3 38, 3 38 0, S_000002a17a86d270;
 .timescale -9 -12;
v000002a17a85d5d0_0 .var/2s "j", 31 0;
S_000002a17a832510 .scope begin, "$ivl_for_loop2" "$ivl_for_loop2" 3 45, 3 45 0, S_000002a17a85d440;
 .timescale -9 -12;
v000002a17a832830_0 .var/2s "i", 31 0;
S_000002a17a8326a0 .scope begin, "$ivl_for_loop3" "$ivl_for_loop3" 3 47, 3 47 0, S_000002a17a832510;
 .timescale -9 -12;
v000002a17a86d630_0 .var/2s "j", 31 0;
S_000002a17a863990 .scope begin, "$ivl_for_loop4" "$ivl_for_loop4" 3 54, 3 54 0, S_000002a17a85d440;
 .timescale -9 -12;
v000002a17a863cb0_0 .var/2s "i", 31 0;
S_000002a17a863b20 .scope begin, "$ivl_for_loop5" "$ivl_for_loop5" 3 56, 3 56 0, S_000002a17a863990;
 .timescale -9 -12;
v000002a17a8328d0_0 .var/2s "j", 31 0;
S_000002a17a863d50 .scope module, "uut" "pdm" 3 11, 4 3 0, S_000002a17a85d440;
 .timescale -9 -12;
    .port_info 0 /INPUT 1 "clk_in";
    .port_info 1 /INPUT 1 "rst_in";
    .port_info 2 /INPUT 8 "level_in";
    .port_info 3 /INPUT 1 "tick_in";
    .port_info 4 /OUTPUT 1 "pdm_out";
L_000002a17a86b210 .functor NOT 1, L_000002a17a8c5080, C4<0>, C4<0>, C4<0>;
v000002a17a863ee0_0 .net *"_ivl_1", 0 0, L_000002a17a8c5080;  1 drivers
v000002a17a863f80_0 .net "clk_in", 0 0, v000002a17a8c5440_0;  1 drivers
v000002a17a864020_0 .var/s "level", 7 0;
v000002a17a8640c0_0 .net/s "level_in", 7 0, v000002a17a8c5300_0;  1 drivers
v000002a17a864160_0 .net "pdm_out", 0 0, L_000002a17a86b210;  alias, 1 drivers
v000002a17a864200_0 .net "rst_in", 0 0, v000002a17a8c53a0_0;  1 drivers
v000002a17a8642a0_0 .var/s "sum", 8 0;
v000002a17a8c5bc0_0 .net "tick_in", 0 0, v000002a17a8c5120_0;  1 drivers
E_000002a17a85c6c0 .event anyedge, v000002a17a8642a0_0;
E_000002a17a85c300 .event posedge, v000002a17a863f80_0;
L_000002a17a8c5080 .part v000002a17a864020_0, 7, 1;
    .scope S_000002a17a863d50;
T_0 ;
    %wait E_000002a17a85c300;
    %load/vec4 v000002a17a864200_0;
    %flag_set/vec4 8;
    %jmp/0xz  T_0.0, 8;
    %pushi/vec4 0, 0, 8;
    %assign/vec4 v000002a17a864020_0, 0;
    %pushi/vec4 0, 0, 9;
    %assign/vec4 v000002a17a8642a0_0, 0;
    %jmp T_0.1;
T_0.0 ;
    %load/vec4 v000002a17a8c5bc0_0;
    %flag_set/vec4 8;
    %jmp/0xz  T_0.2, 8;
    %load/vec4 v000002a17a8640c0_0;
    %pad/s 9;
    %load/vec4 v000002a17a8642a0_0;
    %add;
    %load/vec4 v000002a17a864020_0;
    %pad/s 9;
    %sub;
    %assign/vec4 v000002a17a8642a0_0, 0;
T_0.2 ;
T_0.1 ;
    %jmp T_0;
    .thread T_0;
    .scope S_000002a17a863d50;
T_1 ;
Ewait_0 .event/or E_000002a17a85c6c0, E_0x0;
    %wait Ewait_0;
    %load/vec4 v000002a17a8642a0_0;
    %parti/s 1, 8, 5;
    %inv;
    %flag_set/vec4 8;
    %jmp/0xz  T_1.0, 8;
    %pushi/vec4 127, 0, 8;
    %store/vec4 v000002a17a864020_0, 0, 8;
    %jmp T_1.1;
T_1.0 ;
    %pushi/vec4 128, 0, 8;
    %store/vec4 v000002a17a864020_0, 0, 8;
T_1.1 ;
    %jmp T_1;
    .thread T_1, $push;
    .scope S_000002a17a85d440;
T_2 ;
    %delay 5000, 0;
    %load/vec4 v000002a17a8c5440_0;
    %nor/r;
    %store/vec4 v000002a17a8c5440_0, 0, 1;
    %jmp T_2;
    .thread T_2;
    .scope S_000002a17a85d440;
T_3 ;
    %vpi_call/w 3 25 "$dumpfile", "pdm_tb.vcd" {0 0 0};
    %vpi_call/w 3 26 "$dumpvars", 32'sb00000000000000000000000000000000, S_000002a17a85d440 {0 0 0};
    %vpi_call/w 3 27 "$display", "Starting Sim" {0 0 0};
    %pushi/vec4 0, 0, 1;
    %store/vec4 v000002a17a8c5440_0, 0, 1;
    %pushi/vec4 0, 0, 1;
    %store/vec4 v000002a17a8c53a0_0, 0, 1;
    %pushi/vec4 0, 0, 8;
    %store/vec4 v000002a17a8c5300_0, 0, 8;
    %pushi/vec4 0, 0, 1;
    %store/vec4 v000002a17a8c5120_0, 0, 1;
    %delay 10000, 0;
    %pushi/vec4 1, 0, 1;
    %store/vec4 v000002a17a8c53a0_0, 0, 1;
    %delay 10000, 0;
    %pushi/vec4 0, 0, 1;
    %store/vec4 v000002a17a8c53a0_0, 0, 1;
    %fork t_1, S_000002a17a86d270;
    %jmp t_0;
    .scope S_000002a17a86d270;
t_1 ;
    %pushi/vec4 0, 0, 32;
    %store/vec4 v000002a17a86d590_0, 0, 32;
T_3.0 ;
    %load/vec4 v000002a17a86d590_0;
    %cmpi/s 128, 0, 32;
    %jmp/0xz T_3.1, 5;
    %load/vec4 v000002a17a86d590_0;
    %pad/s 8;
    %store/vec4 v000002a17a8c5300_0, 0, 8;
    %fork t_3, S_000002a17a86d400;
    %jmp t_2;
    .scope S_000002a17a86d400;
t_3 ;
    %pushi/vec4 0, 0, 32;
    %store/vec4 v000002a17a85d5d0_0, 0, 32;
T_3.2 ;
    %load/vec4 v000002a17a85d5d0_0;
    %cmpi/s 30, 0, 32;
    %jmp/0xz T_3.3, 5;
    %pushi/vec4 1, 0, 1;
    %store/vec4 v000002a17a8c5120_0, 0, 1;
    %delay 10000, 0;
    %pushi/vec4 0, 0, 1;
    %store/vec4 v000002a17a8c5120_0, 0, 1;
    %delay 10000, 0;
    %load/vec4 v000002a17a85d5d0_0;
    %addi 1, 0, 32;
    %cast2;
    %store/vec4 v000002a17a85d5d0_0, 0, 32;
    %jmp T_3.2;
T_3.3 ;
    %end;
    .scope S_000002a17a86d270;
t_2 %join;
    %load/vec4 v000002a17a86d590_0;
    %addi 1, 0, 32;
    %cast2;
    %store/vec4 v000002a17a86d590_0, 0, 32;
    %jmp T_3.0;
T_3.1 ;
    %end;
    .scope S_000002a17a85d440;
t_0 %join;
    %fork t_5, S_000002a17a832510;
    %jmp t_4;
    .scope S_000002a17a832510;
t_5 ;
    %pushi/vec4 127, 0, 32;
    %store/vec4 v000002a17a832830_0, 0, 32;
T_3.4 ;
    %load/vec4 v000002a17a832830_0;
    %cmpi/s 4294967168, 0, 32;
    %flag_inv 5; GE is !LT
    %jmp/0xz T_3.5, 5;
    %load/vec4 v000002a17a832830_0;
    %pad/s 8;
    %store/vec4 v000002a17a8c5300_0, 0, 8;
    %fork t_7, S_000002a17a8326a0;
    %jmp t_6;
    .scope S_000002a17a8326a0;
t_7 ;
    %pushi/vec4 0, 0, 32;
    %store/vec4 v000002a17a86d630_0, 0, 32;
T_3.6 ;
    %load/vec4 v000002a17a86d630_0;
    %cmpi/s 30, 0, 32;
    %jmp/0xz T_3.7, 5;
    %pushi/vec4 1, 0, 1;
    %store/vec4 v000002a17a8c5120_0, 0, 1;
    %delay 10000, 0;
    %pushi/vec4 0, 0, 1;
    %store/vec4 v000002a17a8c5120_0, 0, 1;
    %delay 10000, 0;
    %load/vec4 v000002a17a86d630_0;
    %addi 1, 0, 32;
    %cast2;
    %store/vec4 v000002a17a86d630_0, 0, 32;
    %jmp T_3.6;
T_3.7 ;
    %end;
    .scope S_000002a17a832510;
t_6 %join;
    %load/vec4 v000002a17a832830_0;
    %subi 1, 0, 32;
    %cast2;
    %store/vec4 v000002a17a832830_0, 0, 32;
    %jmp T_3.4;
T_3.5 ;
    %end;
    .scope S_000002a17a85d440;
t_4 %join;
    %fork t_9, S_000002a17a863990;
    %jmp t_8;
    .scope S_000002a17a863990;
t_9 ;
    %pushi/vec4 4294967168, 0, 32;
    %store/vec4 v000002a17a863cb0_0, 0, 32;
T_3.8 ;
    %load/vec4 v000002a17a863cb0_0;
    %cmpi/s 0, 0, 32;
    %jmp/0xz T_3.9, 5;
    %load/vec4 v000002a17a863cb0_0;
    %pad/s 8;
    %store/vec4 v000002a17a8c5300_0, 0, 8;
    %fork t_11, S_000002a17a863b20;
    %jmp t_10;
    .scope S_000002a17a863b20;
t_11 ;
    %pushi/vec4 0, 0, 32;
    %store/vec4 v000002a17a8328d0_0, 0, 32;
T_3.10 ;
    %load/vec4 v000002a17a8328d0_0;
    %cmpi/s 30, 0, 32;
    %jmp/0xz T_3.11, 5;
    %pushi/vec4 1, 0, 1;
    %store/vec4 v000002a17a8c5120_0, 0, 1;
    %delay 10000, 0;
    %pushi/vec4 0, 0, 1;
    %store/vec4 v000002a17a8c5120_0, 0, 1;
    %delay 10000, 0;
    %load/vec4 v000002a17a8328d0_0;
    %addi 1, 0, 32;
    %cast2;
    %store/vec4 v000002a17a8328d0_0, 0, 32;
    %jmp T_3.10;
T_3.11 ;
    %end;
    .scope S_000002a17a863990;
t_10 %join;
    %load/vec4 v000002a17a863cb0_0;
    %addi 1, 0, 32;
    %cast2;
    %store/vec4 v000002a17a863cb0_0, 0, 32;
    %jmp T_3.8;
T_3.9 ;
    %end;
    .scope S_000002a17a85d440;
t_8 %join;
    %vpi_call/w 3 63 "$display", "Simulation finished" {0 0 0};
    %vpi_call/w 3 64 "$finish" {0 0 0};
    %end;
    .thread T_3;
# The file index is used to find the file name in the following table.
:file_names 5;
    "N/A";
    "<interactive>";
    "-";
    "sim/pdm_tb.sv";
    "hdl/pdm.sv";
