#-----------------------------------------------------------
# Vivado v2023.1 (64-bit)
# SW Build 3865809 on Sun May  7 15:05:29 MDT 2023
# IP Build 3864474 on Sun May  7 20:36:21 MDT 2023
# SharedData Build 3865790 on Sun May 07 13:33:03 MDT 2023
# Start of session at: Thu Dec 14 15:16:51 2023
# Process ID: 14224
# Current directory: C:/Users/Cesar/Documents/GitHub/FPinGA
# Command line: vivado.exe -mode batch -source build.tcl
# Log file: C:/Users/Cesar/Documents/GitHub/FPinGA/vivado.log
# Journal file: C:/Users/Cesar/Documents/GitHub/FPinGA\vivado.jou
# Running On: DESKTOP-M3QN9GM, OS: Windows, CPU Frequency: 2803 MHz, CPU Physical cores: 4, Host memory: 34056 MB
#-----------------------------------------------------------
source build.tcl
# set partNum xc7s50csga324-1
# set outputDir obj
# file mkdir $outputDir
# set files [glob -nocomplain "$outputDir/*"]
# if {[llength $files] != 0} {
#     # clear folder contents
#     puts "deleting contents of $outputDir"
#     file delete -force {*}[glob -directory $outputDir *];
# } else {
#     puts "$outputDir is empty"
# }
obj is empty
# read_verilog -sv [ glob ./hdl/*.sv ]
read_verilog: Time (s): cpu = 00:00:04 ; elapsed = 00:00:06 . Memory (MB): peak = 1461.816 ; gain = 160.898
# read_verilog  [ glob ./hdl/*.v ]
# read_xdc ./xdc/top_level.xdc
# set_part $partNum
INFO: [Coretcl 2-1500] The part has been set to 'xc7s50csga324-1' for the current project only. Run set_part -help for more details. To evaluate different speed grades in the current design, use the set_speed_grade command, or use the open_checkpoint -part command to change the part used by an existing checkpoint design.
# read_ip ./ip/xfft_1/xfft_1.xci
INFO: [IP_Flow 19-234] Refreshing IP repositories
INFO: [IP_Flow 19-1704] No user IP repositories specified
INFO: [IP_Flow 19-2313] Loaded Vivado IP repository 'C:/Xilinx/Vivado/2023.1/data/ip'.
WARNING: [Vivado 12-13650] The IP file 'C:/Users/Cesar/Documents/GitHub/FPinGA/ip/xfft_1/xfft_1.xci' has been moved from its original location, as a result the outputs for this IP will now be generated in 'c:/Users/Cesar/Documents/GitHub/FPinGA/ip/xfft_1/ip/xfft_1'. Alternatively a copy of the IP can be imported into the project using one of the 'import_ip' or 'import_files' commands.
# read_ip ./ip/div_gen_0/div_gen_0.xci
WARNING: [Vivado 12-13650] The IP file 'C:/Users/Cesar/Documents/GitHub/FPinGA/ip/div_gen_0/div_gen_0.xci' has been moved from its original location, as a result the outputs for this IP will now be generated in 'c:/Users/Cesar/Documents/GitHub/FPinGA/ip/div_gen_0/ip/div_gen_0'. Alternatively a copy of the IP can be imported into the project using one of the 'import_ip' or 'import_files' commands.
# read_ip ./ip/mult_gen_0/mult_gen_0.xci
WARNING: [Vivado 12-13650] The IP file 'C:/Users/Cesar/Documents/GitHub/FPinGA/ip/mult_gen_0/mult_gen_0.xci' has been moved from its original location, as a result the outputs for this IP will now be generated in 'c:/Users/Cesar/Documents/GitHub/FPinGA/ip/mult_gen_0/ip/mult_gen_0'. Alternatively a copy of the IP can be imported into the project using one of the 'import_ip' or 'import_files' commands.
# generate_target all [get_ips]
# synth_ip [get_ips]
INFO: [Vivado 12-3435] The given sub-design is up-to-date, no action was taken.  If a regeneration is desired, use the '-force' option: C:/Users/Cesar/Documents/GitHub/FPinGA/ip/div_gen_0/div_gen_0.xci
INFO: [Vivado 12-3435] The given sub-design is up-to-date, no action was taken.  If a regeneration is desired, use the '-force' option: C:/Users/Cesar/Documents/GitHub/FPinGA/ip/mult_gen_0/mult_gen_0.xci
INFO: [Vivado 12-3435] The given sub-design is up-to-date, no action was taken.  If a regeneration is desired, use the '-force' option: C:/Users/Cesar/Documents/GitHub/FPinGA/ip/xfft_1/xfft_1.xci
INFO: [Vivado 12-3441] generate_netlist_ip - operation complete
# synth_design -top top_level -part $partNum -verbose
Command: synth_design -top top_level -part xc7s50csga324-1 -verbose
Starting synth_design
Attempting to get a license for feature 'Synthesis' and/or device 'xc7s50'
INFO: [Common 17-349] Got license for feature 'Synthesis' and/or device 'xc7s50'
INFO: [Device 21-403] Loading part xc7s50csga324-1
INFO: [Synth 8-7079] Multithreading enabled for synth_design using a maximum of 2 processes.
INFO: [Synth 8-7078] Launching helper process for spawning children vivado processes
INFO: [Synth 8-7075] Helper process launched with PID 16832
WARNING: [Synth 8-10795] illegal cast without ' [C:/Users/Cesar/Documents/GitHub/FPinGA/hdl/debouncer.sv:12]
WARNING: [Synth 8-11065] parameter 'COUNTER_MAX' becomes localparam in 'debouncer' with formal parameter declaration list [C:/Users/Cesar/Documents/GitHub/FPinGA/hdl/debouncer.sv:12]
WARNING: [Synth 8-11065] parameter 'COUNTER_SIZE' becomes localparam in 'debouncer' with formal parameter declaration list [C:/Users/Cesar/Documents/GitHub/FPinGA/hdl/debouncer.sv:13]
---------------------------------------------------------------------------------
Starting RTL Elaboration : Time (s): cpu = 00:00:04 ; elapsed = 00:00:04 . Memory (MB): peak = 2282.578 ; gain = 410.059
---------------------------------------------------------------------------------
INFO: [Synth 8-6157] synthesizing module 'top_level' [C:/Users/Cesar/Documents/GitHub/FPinGA/hdl/top_level.sv:4]
INFO: [Synth 8-6157] synthesizing module 'seven_segment_controller' [C:/Users/Cesar/Documents/GitHub/FPinGA/hdl/seven_segment_controller.sv:3]
INFO: [Synth 8-6157] synthesizing module 'bto7s' [C:/Users/Cesar/Documents/GitHub/FPinGA/hdl/bto7s.sv:1]
INFO: [Synth 8-6155] done synthesizing module 'bto7s' (0#1) [C:/Users/Cesar/Documents/GitHub/FPinGA/hdl/bto7s.sv:1]
INFO: [Synth 8-6155] done synthesizing module 'seven_segment_controller' (0#1) [C:/Users/Cesar/Documents/GitHub/FPinGA/hdl/seven_segment_controller.sv:3]
INFO: [Synth 8-6157] synthesizing module 'debouncer' [C:/Users/Cesar/Documents/GitHub/FPinGA/hdl/debouncer.sv:5]
INFO: [Synth 8-6155] done synthesizing module 'debouncer' (0#1) [C:/Users/Cesar/Documents/GitHub/FPinGA/hdl/debouncer.sv:5]
INFO: [Synth 8-6157] synthesizing module 'recorder' [C:/Users/Cesar/Documents/GitHub/FPinGA/hdl/recorder.sv:3]
INFO: [Synth 8-6157] synthesizing module 'xilinx_true_dual_port_read_first_2_clock_ram' [C:/Users/Cesar/Documents/GitHub/FPinGA/hdl/xilinx_true_dual_port_read_first_2_clock_ram.v:10]
	Parameter RAM_WIDTH bound to: 8 - type: integer 
	Parameter RAM_DEPTH bound to: 18000 - type: integer 
INFO: [Synth 8-6155] done synthesizing module 'xilinx_true_dual_port_read_first_2_clock_ram' (0#1) [C:/Users/Cesar/Documents/GitHub/FPinGA/hdl/xilinx_true_dual_port_read_first_2_clock_ram.v:10]
WARNING: [Synth 8-689] width (16) of port connection 'addra' does not match port width (15) of module 'xilinx_true_dual_port_read_first_2_clock_ram' [C:/Users/Cesar/Documents/GitHub/FPinGA/hdl/recorder.sv:94]
WARNING: [Synth 8-689] width (16) of port connection 'addrb' does not match port width (15) of module 'xilinx_true_dual_port_read_first_2_clock_ram' [C:/Users/Cesar/Documents/GitHub/FPinGA/hdl/recorder.sv:103]
INFO: [Synth 8-6155] done synthesizing module 'recorder' (0#1) [C:/Users/Cesar/Documents/GitHub/FPinGA/hdl/recorder.sv:3]
INFO: [Synth 8-6157] synthesizing module 'div_gen_0' [C:/Users/Cesar/Documents/GitHub/FPinGA/.Xil/Vivado-14224-DESKTOP-M3QN9GM/realtime/div_gen_0_stub.v:6]
INFO: [Synth 8-6155] done synthesizing module 'div_gen_0' (0#1) [C:/Users/Cesar/Documents/GitHub/FPinGA/.Xil/Vivado-14224-DESKTOP-M3QN9GM/realtime/div_gen_0_stub.v:6]
WARNING: [Synth 8-689] width (62) of port connection 'm_axis_dout_tdata' does not match port width (64) of module 'div_gen_0' [C:/Users/Cesar/Documents/GitHub/FPinGA/hdl/top_level.sv:134]
WARNING: [Synth 8-7071] port 's_axis_dividend_tvalid' of module 'div_gen_0' is unconnected for instance 'fft_spacing' [C:/Users/Cesar/Documents/GitHub/FPinGA/hdl/top_level.sv:128]
WARNING: [Synth 8-7023] instance 'fft_spacing' of module 'div_gen_0' has 7 connections declared, but only 6 given [C:/Users/Cesar/Documents/GitHub/FPinGA/hdl/top_level.sv:128]
INFO: [Synth 8-6157] synthesizing module 'xfft_1' [C:/Users/Cesar/Documents/GitHub/FPinGA/.Xil/Vivado-14224-DESKTOP-M3QN9GM/realtime/xfft_1_stub.v:6]
INFO: [Synth 8-6155] done synthesizing module 'xfft_1' (0#1) [C:/Users/Cesar/Documents/GitHub/FPinGA/.Xil/Vivado-14224-DESKTOP-M3QN9GM/realtime/xfft_1_stub.v:6]
WARNING: [Synth 8-7071] port 'event_status_channel_halt' of module 'xfft_1' is unconnected for instance 'fft' [C:/Users/Cesar/Documents/GitHub/FPinGA/hdl/top_level.sv:187]
WARNING: [Synth 8-7023] instance 'fft' of module 'xfft_1' has 18 connections declared, but only 17 given [C:/Users/Cesar/Documents/GitHub/FPinGA/hdl/top_level.sv:187]
INFO: [Synth 8-6157] synthesizing module 'tone_detection_fsm' [C:/Users/Cesar/Documents/GitHub/FPinGA/hdl/tone_detection_fsm.sv:3]
INFO: [Synth 8-155] case statement is not full and has no default [C:/Users/Cesar/Documents/GitHub/FPinGA/hdl/tone_detection_fsm.sv:57]
WARNING: [Synth 8-689] width (62) of port connection 'm_axis_dout_tdata' does not match port width (64) of module 'div_gen_0' [C:/Users/Cesar/Documents/GitHub/FPinGA/hdl/tone_detection_fsm.sv:158]
WARNING: [Synth 8-7071] port 's_axis_dividend_tvalid' of module 'div_gen_0' is unconnected for instance 'first_div' [C:/Users/Cesar/Documents/GitHub/FPinGA/hdl/tone_detection_fsm.sv:152]
WARNING: [Synth 8-7023] instance 'first_div' of module 'div_gen_0' has 7 connections declared, but only 6 given [C:/Users/Cesar/Documents/GitHub/FPinGA/hdl/tone_detection_fsm.sv:152]
WARNING: [Synth 8-689] width (62) of port connection 'm_axis_dout_tdata' does not match port width (64) of module 'div_gen_0' [C:/Users/Cesar/Documents/GitHub/FPinGA/hdl/tone_detection_fsm.sv:166]
WARNING: [Synth 8-7071] port 's_axis_dividend_tvalid' of module 'div_gen_0' is unconnected for instance 'second_div' [C:/Users/Cesar/Documents/GitHub/FPinGA/hdl/tone_detection_fsm.sv:160]
WARNING: [Synth 8-7023] instance 'second_div' of module 'div_gen_0' has 7 connections declared, but only 6 given [C:/Users/Cesar/Documents/GitHub/FPinGA/hdl/tone_detection_fsm.sv:160]
WARNING: [Synth 8-689] width (62) of port connection 'm_axis_dout_tdata' does not match port width (64) of module 'div_gen_0' [C:/Users/Cesar/Documents/GitHub/FPinGA/hdl/tone_detection_fsm.sv:174]
WARNING: [Synth 8-7071] port 's_axis_dividend_tvalid' of module 'div_gen_0' is unconnected for instance 'third_div' [C:/Users/Cesar/Documents/GitHub/FPinGA/hdl/tone_detection_fsm.sv:168]
WARNING: [Synth 8-7023] instance 'third_div' of module 'div_gen_0' has 7 connections declared, but only 6 given [C:/Users/Cesar/Documents/GitHub/FPinGA/hdl/tone_detection_fsm.sv:168]
INFO: [Synth 8-6155] done synthesizing module 'tone_detection_fsm' (0#1) [C:/Users/Cesar/Documents/GitHub/FPinGA/hdl/tone_detection_fsm.sv:3]
INFO: [Synth 8-6155] done synthesizing module 'top_level' (0#1) [C:/Users/Cesar/Documents/GitHub/FPinGA/hdl/top_level.sv:4]
WARNING: [Synth 8-87] always_comb on 'finish_reg' did not result in combinational logic [C:/Users/Cesar/Documents/GitHub/FPinGA/hdl/recorder.sv:70]
WARNING: [Synth 8-87] always_comb on 'audio_in_final_reg' did not result in combinational logic [C:/Users/Cesar/Documents/GitHub/FPinGA/hdl/recorder.sv:72]
WARNING: [Synth 8-87] always_comb on 'w_address_reg' did not result in combinational logic [C:/Users/Cesar/Documents/GitHub/FPinGA/hdl/recorder.sv:68]
WARNING: [Synth 8-6014] Unused sequential element ready_to_div_reg was removed.  [C:/Users/Cesar/Documents/GitHub/FPinGA/hdl/tone_detection_fsm.sv:39]
WARNING: [Synth 8-6014] Unused sequential element pwm_counter_reg was removed.  [C:/Users/Cesar/Documents/GitHub/FPinGA/hdl/top_level.sv:81]
WARNING: [Synth 8-6014] Unused sequential element sampled_mic_data_reg was removed.  [C:/Users/Cesar/Documents/GitHub/FPinGA/hdl/top_level.sv:96]
WARNING: [Synth 8-3917] design top_level has port rgb0[2] driven by constant 0
WARNING: [Synth 8-3917] design top_level has port rgb0[1] driven by constant 0
WARNING: [Synth 8-3917] design top_level has port rgb0[0] driven by constant 0
WARNING: [Synth 8-3917] design top_level has port rgb1[2] driven by constant 0
WARNING: [Synth 8-3917] design top_level has port rgb1[1] driven by constant 0
WARNING: [Synth 8-3917] design top_level has port rgb1[0] driven by constant 0
WARNING: [Synth 8-7129] Port btn[3] in module top_level is either unconnected or has no load
WARNING: [Synth 8-7129] Port btn[2] in module top_level is either unconnected or has no load
---------------------------------------------------------------------------------
Finished RTL Elaboration : Time (s): cpu = 00:00:07 ; elapsed = 00:00:08 . Memory (MB): peak = 2415.523 ; gain = 543.004
---------------------------------------------------------------------------------
---------------------------------------------------------------------------------
Start Handling Custom Attributes
---------------------------------------------------------------------------------
---------------------------------------------------------------------------------
Finished Handling Custom Attributes : Time (s): cpu = 00:00:07 ; elapsed = 00:00:08 . Memory (MB): peak = 2433.445 ; gain = 560.926
---------------------------------------------------------------------------------
---------------------------------------------------------------------------------
Finished RTL Optimization Phase 1 : Time (s): cpu = 00:00:07 ; elapsed = 00:00:08 . Memory (MB): peak = 2433.445 ; gain = 560.926
---------------------------------------------------------------------------------
Netlist sorting complete. Time (s): cpu = 00:00:00 ; elapsed = 00:00:00.014 . Memory (MB): peak = 2433.445 ; gain = 0.000
INFO: [Project 1-570] Preparing netlist for logic optimization

Processing XDC Constraints
Initializing timing engine
Parsing XDC File [c:/Users/Cesar/Documents/GitHub/FPinGA/ip/xfft_1/ip/xfft_1/xfft_1/xfft_1_in_context.xdc] for cell 'fft'
Finished Parsing XDC File [c:/Users/Cesar/Documents/GitHub/FPinGA/ip/xfft_1/ip/xfft_1/xfft_1/xfft_1_in_context.xdc] for cell 'fft'
Parsing XDC File [c:/Users/Cesar/Documents/GitHub/FPinGA/ip/div_gen_0/ip/div_gen_0/div_gen_0/div_gen_0_in_context.xdc] for cell 'tone_detection/first_div'
Finished Parsing XDC File [c:/Users/Cesar/Documents/GitHub/FPinGA/ip/div_gen_0/ip/div_gen_0/div_gen_0/div_gen_0_in_context.xdc] for cell 'tone_detection/first_div'
Parsing XDC File [c:/Users/Cesar/Documents/GitHub/FPinGA/ip/div_gen_0/ip/div_gen_0/div_gen_0/div_gen_0_in_context.xdc] for cell 'tone_detection/second_div'
Finished Parsing XDC File [c:/Users/Cesar/Documents/GitHub/FPinGA/ip/div_gen_0/ip/div_gen_0/div_gen_0/div_gen_0_in_context.xdc] for cell 'tone_detection/second_div'
Parsing XDC File [c:/Users/Cesar/Documents/GitHub/FPinGA/ip/div_gen_0/ip/div_gen_0/div_gen_0/div_gen_0_in_context.xdc] for cell 'tone_detection/third_div'
Finished Parsing XDC File [c:/Users/Cesar/Documents/GitHub/FPinGA/ip/div_gen_0/ip/div_gen_0/div_gen_0/div_gen_0_in_context.xdc] for cell 'tone_detection/third_div'
Parsing XDC File [c:/Users/Cesar/Documents/GitHub/FPinGA/ip/div_gen_0/ip/div_gen_0/div_gen_0/div_gen_0_in_context.xdc] for cell 'fft_spacing'
Finished Parsing XDC File [c:/Users/Cesar/Documents/GitHub/FPinGA/ip/div_gen_0/ip/div_gen_0/div_gen_0/div_gen_0_in_context.xdc] for cell 'fft_spacing'
Parsing XDC File [C:/Users/Cesar/Documents/GitHub/FPinGA/xdc/top_level.xdc]
WARNING: [Vivado 12-584] No ports matched 'ss0_cdp'. [C:/Users/Cesar/Documents/GitHub/FPinGA/xdc/top_level.xdc:78]
WARNING: [Vivado 12-584] No ports matched 'ss1_c[7]'. [C:/Users/Cesar/Documents/GitHub/FPinGA/xdc/top_level.xdc:87]
WARNING: [Vivado 12-584] No ports matched 'pmoda[0]'. [C:/Users/Cesar/Documents/GitHub/FPinGA/xdc/top_level.xdc:89]
WARNING: [Vivado 12-584] No ports matched 'pmoda[1]'. [C:/Users/Cesar/Documents/GitHub/FPinGA/xdc/top_level.xdc:90]
WARNING: [Vivado 12-584] No ports matched 'pmoda[2]'. [C:/Users/Cesar/Documents/GitHub/FPinGA/xdc/top_level.xdc:91]
WARNING: [Vivado 12-584] No ports matched 'pmoda[3]'. [C:/Users/Cesar/Documents/GitHub/FPinGA/xdc/top_level.xdc:92]
WARNING: [Vivado 12-584] No ports matched 'pmoda[4]'. [C:/Users/Cesar/Documents/GitHub/FPinGA/xdc/top_level.xdc:93]
WARNING: [Vivado 12-584] No ports matched 'pmoda[5]'. [C:/Users/Cesar/Documents/GitHub/FPinGA/xdc/top_level.xdc:94]
WARNING: [Vivado 12-584] No ports matched 'pmoda[6]'. [C:/Users/Cesar/Documents/GitHub/FPinGA/xdc/top_level.xdc:95]
WARNING: [Vivado 12-584] No ports matched 'pmoda[7]'. [C:/Users/Cesar/Documents/GitHub/FPinGA/xdc/top_level.xdc:96]
WARNING: [Vivado 12-584] No ports matched 'pmodb[0]'. [C:/Users/Cesar/Documents/GitHub/FPinGA/xdc/top_level.xdc:98]
WARNING: [Vivado 12-584] No ports matched 'pmodb[1]'. [C:/Users/Cesar/Documents/GitHub/FPinGA/xdc/top_level.xdc:99]
WARNING: [Vivado 12-584] No ports matched 'pmodb[2]'. [C:/Users/Cesar/Documents/GitHub/FPinGA/xdc/top_level.xdc:100]
WARNING: [Vivado 12-584] No ports matched 'pmodbclk'. [C:/Users/Cesar/Documents/GitHub/FPinGA/xdc/top_level.xdc:101]
WARNING: [Vivado 12-584] No ports matched 'pmodblock'. [C:/Users/Cesar/Documents/GitHub/FPinGA/xdc/top_level.xdc:102]
WARNING: [Vivado 12-584] No ports matched 'pmodb[3]'. [C:/Users/Cesar/Documents/GitHub/FPinGA/xdc/top_level.xdc:103]
WARNING: [Vivado 12-584] No ports matched 'pmodb[4]'. [C:/Users/Cesar/Documents/GitHub/FPinGA/xdc/top_level.xdc:104]
WARNING: [Vivado 12-584] No ports matched 'pmodb[5]'. [C:/Users/Cesar/Documents/GitHub/FPinGA/xdc/top_level.xdc:105]
WARNING: [Vivado 12-584] No ports matched 'pmodb[6]'. [C:/Users/Cesar/Documents/GitHub/FPinGA/xdc/top_level.xdc:106]
WARNING: [Vivado 12-584] No ports matched 'pmodb[7]'. [C:/Users/Cesar/Documents/GitHub/FPinGA/xdc/top_level.xdc:107]
WARNING: [Vivado 12-584] No ports matched 'hdmi_clk_n'. [C:/Users/Cesar/Documents/GitHub/FPinGA/xdc/top_level.xdc:110]
WARNING: [Vivado 12-584] No ports matched 'hdmi_clk_p'. [C:/Users/Cesar/Documents/GitHub/FPinGA/xdc/top_level.xdc:111]
WARNING: [Vivado 12-584] No ports matched 'hdmi_tx_n[0]'. [C:/Users/Cesar/Documents/GitHub/FPinGA/xdc/top_level.xdc:112]
WARNING: [Vivado 12-584] No ports matched 'hdmi_tx_n[1]'. [C:/Users/Cesar/Documents/GitHub/FPinGA/xdc/top_level.xdc:113]
WARNING: [Vivado 12-584] No ports matched 'hdmi_tx_n[2]'. [C:/Users/Cesar/Documents/GitHub/FPinGA/xdc/top_level.xdc:114]
WARNING: [Vivado 12-584] No ports matched 'hdmi_tx_p[0]'. [C:/Users/Cesar/Documents/GitHub/FPinGA/xdc/top_level.xdc:115]
WARNING: [Vivado 12-584] No ports matched 'hdmi_tx_p[1]'. [C:/Users/Cesar/Documents/GitHub/FPinGA/xdc/top_level.xdc:116]
WARNING: [Vivado 12-584] No ports matched 'hdmi_tx_p[2]'. [C:/Users/Cesar/Documents/GitHub/FPinGA/xdc/top_level.xdc:117]
WARNING: [Vivado 12-584] No ports matched 'spkl'. [C:/Users/Cesar/Documents/GitHub/FPinGA/xdc/top_level.xdc:120]
WARNING: [Vivado 12-584] No ports matched 'spkr'. [C:/Users/Cesar/Documents/GitHub/FPinGA/xdc/top_level.xdc:121]
WARNING: [Vivado 12-584] No ports matched 'spk*'. [C:/Users/Cesar/Documents/GitHub/FPinGA/xdc/top_level.xdc:122]
Finished Parsing XDC File [C:/Users/Cesar/Documents/GitHub/FPinGA/xdc/top_level.xdc]
WARNING: [Project 1-498] One or more constraints failed evaluation while reading constraint file [C:/Users/Cesar/Documents/GitHub/FPinGA/xdc/top_level.xdc] and the design contains unresolved black boxes. These constraints will be read post-synthesis (as long as their source constraint file is marked as used_in_implementation) and should be applied correctly then. You should review the constraints listed in the file [.Xil/top_level_propImpl.xdc] and check the run log file to verify that these constraints were correctly applied.
INFO: [Project 1-236] Implementation specific constraints were found while reading constraint file [C:/Users/Cesar/Documents/GitHub/FPinGA/xdc/top_level.xdc]. These constraints will be ignored for synthesis but will be used in implementation. Impacted constraints are listed in the file [.Xil/top_level_propImpl.xdc].
Resolution: To avoid this warning, move constraints listed in [.Xil/top_level_propImpl.xdc] to another XDC file and exclude this new file from synthesis with the used_in_synthesis property (File Properties dialog in GUI) and re-run elaboration/synthesis.
Completed Processing XDC Constraints

Netlist sorting complete. Time (s): cpu = 00:00:00 ; elapsed = 00:00:00.001 . Memory (MB): peak = 2546.125 ; gain = 0.000
INFO: [Project 1-111] Unisim Transformation Summary:
No Unisim elements were transformed.

Constraint Validation Runtime : Time (s): cpu = 00:00:00 ; elapsed = 00:00:00.011 . Memory (MB): peak = 2546.125 ; gain = 0.000
WARNING: [Timing 38-316] Clock period '1000.000' specified during out-of-context synthesis of instance 'fft_spacing' at clock pin 'aclk' is different from the actual clock period '10.000', this can lead to different synthesis results.
WARNING: [Timing 38-316] Clock period '1000.000' specified during out-of-context synthesis of instance 'tone_detection/first_div' at clock pin 'aclk' is different from the actual clock period '10.000', this can lead to different synthesis results.
WARNING: [Timing 38-316] Clock period '1000.000' specified during out-of-context synthesis of instance 'tone_detection/second_div' at clock pin 'aclk' is different from the actual clock period '10.000', this can lead to different synthesis results.
WARNING: [Timing 38-316] Clock period '1000.000' specified during out-of-context synthesis of instance 'tone_detection/third_div' at clock pin 'aclk' is different from the actual clock period '10.000', this can lead to different synthesis results.
---------------------------------------------------------------------------------
Finished Constraint Validation : Time (s): cpu = 00:00:12 ; elapsed = 00:00:15 . Memory (MB): peak = 2546.125 ; gain = 673.605
---------------------------------------------------------------------------------
---------------------------------------------------------------------------------
Start Loading Part and Timing Information
---------------------------------------------------------------------------------
Loading part: xc7s50csga324-1
---------------------------------------------------------------------------------
Finished Loading Part and Timing Information : Time (s): cpu = 00:00:12 ; elapsed = 00:00:16 . Memory (MB): peak = 2546.125 ; gain = 673.605
---------------------------------------------------------------------------------
---------------------------------------------------------------------------------
Start Applying 'set_property' XDC Constraints
---------------------------------------------------------------------------------
Applied set_property KEEP_HIERARCHY = SOFT for fft. (constraint file  auto generated constraint).
Applied set_property KEEP_HIERARCHY = SOFT for fft_spacing. (constraint file  auto generated constraint).
Applied set_property KEEP_HIERARCHY = SOFT for tone_detection/first_div. (constraint file  auto generated constraint).
Applied set_property KEEP_HIERARCHY = SOFT for tone_detection/second_div. (constraint file  auto generated constraint).
Applied set_property KEEP_HIERARCHY = SOFT for tone_detection/third_div. (constraint file  auto generated constraint).
---------------------------------------------------------------------------------
Finished applying 'set_property' XDC Constraints : Time (s): cpu = 00:00:12 ; elapsed = 00:00:16 . Memory (MB): peak = 2546.125 ; gain = 673.605
---------------------------------------------------------------------------------
INFO: [Synth 8-3971] The signal "xilinx_true_dual_port_read_first_2_clock_ram:/BRAM_reg" was recognized as a true dual port RAM template.
WARNING: [Synth 8-327] inferring latch for variable 'finish_reg' [C:/Users/Cesar/Documents/GitHub/FPinGA/hdl/recorder.sv:70]
WARNING: [Synth 8-327] inferring latch for variable 'w_address_reg' [C:/Users/Cesar/Documents/GitHub/FPinGA/hdl/recorder.sv:68]
WARNING: [Synth 8-327] inferring latch for variable 'audio_in_final_reg' [C:/Users/Cesar/Documents/GitHub/FPinGA/hdl/recorder.sv:72]
---------------------------------------------------------------------------------
Finished RTL Optimization Phase 2 : Time (s): cpu = 00:00:13 ; elapsed = 00:00:16 . Memory (MB): peak = 2546.125 ; gain = 673.605
---------------------------------------------------------------------------------
---------------------------------------------------------------------------------
Start RTL Component Statistics 
---------------------------------------------------------------------------------
Detailed RTL Component Info : 
+---Adders : 
	   3 Input   33 Bit       Adders := 3     
	   2 Input   16 Bit       Adders := 2     
	   2 Input   11 Bit       Adders := 1     
	   2 Input    9 Bit       Adders := 2     
	   2 Input    8 Bit       Adders := 1     
	   2 Input    3 Bit       Adders := 1     
+---Registers : 
	               33 Bit    Registers := 3     
	               32 Bit    Registers := 4     
	               16 Bit    Registers := 3     
	               11 Bit    Registers := 1     
	                9 Bit    Registers := 2     
	                8 Bit    Registers := 9     
	                6 Bit    Registers := 1     
	                3 Bit    Registers := 2     
	                1 Bit    Registers := 10    
+---Multipliers : 
	               7x33  Multipliers := 3     
+---RAMs : 
	             140K Bit	(18000 X 8 bit)          RAMs := 1     
+---Muxes : 
	   5 Input   32 Bit        Muxes := 1     
	   2 Input   32 Bit        Muxes := 1     
	   4 Input   32 Bit        Muxes := 1     
	   6 Input   16 Bit        Muxes := 1     
	   3 Input   13 Bit        Muxes := 1     
	   2 Input    9 Bit        Muxes := 1     
	   2 Input    8 Bit        Muxes := 2     
	   2 Input    3 Bit        Muxes := 5     
	  21 Input    3 Bit        Muxes := 1     
	   6 Input    3 Bit        Muxes := 1     
	   2 Input    2 Bit        Muxes := 8     
	   3 Input    1 Bit        Muxes := 2     
	   2 Input    1 Bit        Muxes := 28    
	   4 Input    1 Bit        Muxes := 6     
---------------------------------------------------------------------------------
Finished RTL Component Statistics 
---------------------------------------------------------------------------------
---------------------------------------------------------------------------------
Start Part Resource Summary
---------------------------------------------------------------------------------
Part Resources:
DSPs: 120 (col length:60)
BRAMs: 150 (col length: RAMB18 60 RAMB36 30)
---------------------------------------------------------------------------------
Finished Part Resource Summary
---------------------------------------------------------------------------------
---------------------------------------------------------------------------------
Start Cross Boundary and Area Optimization
---------------------------------------------------------------------------------
WARNING: [Synth 8-7080] Parallel synthesis criteria is not met
WARNING: [Synth 8-3917] design top_level has port rgb0[2] driven by constant 0
WARNING: [Synth 8-3917] design top_level has port rgb0[1] driven by constant 0
WARNING: [Synth 8-3917] design top_level has port rgb0[0] driven by constant 0
WARNING: [Synth 8-3917] design top_level has port rgb1[2] driven by constant 0
WARNING: [Synth 8-3917] design top_level has port rgb1[1] driven by constant 0
WARNING: [Synth 8-3917] design top_level has port rgb1[0] driven by constant 0
WARNING: [Synth 8-7129] Port btn[3] in module top_level is either unconnected or has no load
WARNING: [Synth 8-7129] Port btn[2] in module top_level is either unconnected or has no load
WARNING: [Synth 8-6014] Unused sequential element recorder/audio_buffer/BRAM_reg was removed. 
WARNING: [Synth 8-3332] Sequential element (recorder/audio_in_final_reg[7]) is unused and will be removed from module top_level.
WARNING: [Synth 8-3332] Sequential element (recorder/audio_in_final_reg[6]) is unused and will be removed from module top_level.
WARNING: [Synth 8-3332] Sequential element (recorder/audio_in_final_reg[5]) is unused and will be removed from module top_level.
WARNING: [Synth 8-3332] Sequential element (recorder/audio_in_final_reg[4]) is unused and will be removed from module top_level.
WARNING: [Synth 8-3332] Sequential element (recorder/audio_in_final_reg[3]) is unused and will be removed from module top_level.
WARNING: [Synth 8-3332] Sequential element (recorder/audio_in_final_reg[2]) is unused and will be removed from module top_level.
WARNING: [Synth 8-3332] Sequential element (recorder/audio_in_final_reg[1]) is unused and will be removed from module top_level.
WARNING: [Synth 8-3332] Sequential element (recorder/audio_in_final_reg[0]) is unused and will be removed from module top_level.
---------------------------------------------------------------------------------
Finished Cross Boundary and Area Optimization : Time (s): cpu = 00:00:16 ; elapsed = 00:00:20 . Memory (MB): peak = 2546.125 ; gain = 673.605
---------------------------------------------------------------------------------
---------------------------------------------------------------------------------
Start ROM, RAM, DSP, Shift Register and Retiming Reporting
---------------------------------------------------------------------------------

Block RAM: Preliminary Mapping Report (see note below)
+------------+--------------------------------+------------------------+---+---+------------------------+---+---+------------------+--------+--------+
|Module Name | RTL Object                     | PORT A (Depth x Width) | W | R | PORT B (Depth x Width) | W | R | Ports driving FF | RAMB18 | RAMB36 | 
+------------+--------------------------------+------------------------+---+---+------------------------+---+---+------------------+--------+--------+
|top_level   | recorder/audio_buffer/BRAM_reg | 17 K x 8(READ_FIRST)   | W |   | 17 K x 8(WRITE_FIRST)  |   | R | Port A and B     | 0      | 8      | 
+------------+--------------------------------+------------------------+---+---+------------------------+---+---+------------------+--------+--------+

Note: The table above is a preliminary report that shows the Block RAMs at the current stage of the synthesis flow. Some Block RAMs may be reimplemented as non Block RAM primitives later in the synthesis flow. Multiple instantiated Block RAMs are reported only once. 
---------------------------------------------------------------------------------
Finished ROM, RAM, DSP, Shift Register and Retiming Reporting
---------------------------------------------------------------------------------
---------------------------------------------------------------------------------
Start Applying XDC Timing Constraints
---------------------------------------------------------------------------------
---------------------------------------------------------------------------------
Finished Applying XDC Timing Constraints : Time (s): cpu = 00:00:20 ; elapsed = 00:00:25 . Memory (MB): peak = 2546.125 ; gain = 673.605
---------------------------------------------------------------------------------
---------------------------------------------------------------------------------
Start Timing Optimization
---------------------------------------------------------------------------------
---------------------------------------------------------------------------------
Finished Timing Optimization : Time (s): cpu = 00:00:20 ; elapsed = 00:00:25 . Memory (MB): peak = 2546.125 ; gain = 673.605
---------------------------------------------------------------------------------
---------------------------------------------------------------------------------
Start ROM, RAM, DSP, Shift Register and Retiming Reporting
---------------------------------------------------------------------------------

Block RAM: Final Mapping Report
+------------+--------------------------------+------------------------+---+---+------------------------+---+---+------------------+--------+--------+
|Module Name | RTL Object                     | PORT A (Depth x Width) | W | R | PORT B (Depth x Width) | W | R | Ports driving FF | RAMB18 | RAMB36 | 
+------------+--------------------------------+------------------------+---+---+------------------------+---+---+------------------+--------+--------+
|top_level   | recorder/audio_buffer/BRAM_reg | 17 K x 8(READ_FIRST)   | W |   | 17 K x 8(WRITE_FIRST)  |   | R | Port A and B     | 0      | 8      | 
+------------+--------------------------------+------------------------+---+---+------------------------+---+---+------------------+--------+--------+

---------------------------------------------------------------------------------
Finished ROM, RAM, DSP, Shift Register and Retiming Reporting
---------------------------------------------------------------------------------
---------------------------------------------------------------------------------
Start Technology Mapping
---------------------------------------------------------------------------------
---------------------------------------------------------------------------------
Finished Technology Mapping : Time (s): cpu = 00:00:20 ; elapsed = 00:00:25 . Memory (MB): peak = 2546.125 ; gain = 673.605
---------------------------------------------------------------------------------
---------------------------------------------------------------------------------
Start IO Insertion
---------------------------------------------------------------------------------
---------------------------------------------------------------------------------
Start Flattening Before IO Insertion
---------------------------------------------------------------------------------
---------------------------------------------------------------------------------
Finished Flattening Before IO Insertion
---------------------------------------------------------------------------------
---------------------------------------------------------------------------------
Start Final Netlist Cleanup
---------------------------------------------------------------------------------
---------------------------------------------------------------------------------
Finished Final Netlist Cleanup
---------------------------------------------------------------------------------
CRITICAL WARNING: [Synth 8-4442] BlackBox module \tone_detection/first_div  has unconnected pin s_axis_dividend_tvalid
CRITICAL WARNING: [Synth 8-4442] BlackBox module \tone_detection/second_div  has unconnected pin s_axis_dividend_tvalid
CRITICAL WARNING: [Synth 8-4442] BlackBox module \tone_detection/third_div  has unconnected pin s_axis_dividend_tvalid
CRITICAL WARNING: [Synth 8-4442] BlackBox module fft_spacing has unconnected pin s_axis_dividend_tvalid
---------------------------------------------------------------------------------
Finished IO Insertion : Time (s): cpu = 00:00:24 ; elapsed = 00:00:29 . Memory (MB): peak = 2546.125 ; gain = 673.605
---------------------------------------------------------------------------------
---------------------------------------------------------------------------------
Start Renaming Generated Instances
---------------------------------------------------------------------------------
---------------------------------------------------------------------------------
Finished Renaming Generated Instances : Time (s): cpu = 00:00:24 ; elapsed = 00:00:29 . Memory (MB): peak = 2546.125 ; gain = 673.605
---------------------------------------------------------------------------------
CRITICAL WARNING: [Synth 8-6859] multi-driven net on pin recorder/w_address[14] with 1st driver pin 'recorder/w_address_reg[14]__0/Q' [C:/Users/Cesar/Documents/GitHub/FPinGA/hdl/recorder.sv:31]
CRITICAL WARNING: [Synth 8-6859] multi-driven net on pin recorder/w_address[14] with 2nd driver pin 'recorder/w_address_reg[14]/Q' [C:/Users/Cesar/Documents/GitHub/FPinGA/hdl/recorder.sv:68]
CRITICAL WARNING: [Synth 8-6859] multi-driven net on pin recorder/w_address[13] with 1st driver pin 'recorder/w_address_reg[13]__0/Q' [C:/Users/Cesar/Documents/GitHub/FPinGA/hdl/recorder.sv:31]
CRITICAL WARNING: [Synth 8-6859] multi-driven net on pin recorder/w_address[13] with 2nd driver pin 'recorder/w_address_reg[13]/Q' [C:/Users/Cesar/Documents/GitHub/FPinGA/hdl/recorder.sv:68]
CRITICAL WARNING: [Synth 8-6859] multi-driven net on pin recorder/w_address[12] with 1st driver pin 'recorder/w_address_reg[12]__0/Q' [C:/Users/Cesar/Documents/GitHub/FPinGA/hdl/recorder.sv:31]
CRITICAL WARNING: [Synth 8-6859] multi-driven net on pin recorder/w_address[12] with 2nd driver pin 'recorder/w_address_reg[12]/Q' [C:/Users/Cesar/Documents/GitHub/FPinGA/hdl/recorder.sv:68]
CRITICAL WARNING: [Synth 8-6859] multi-driven net on pin recorder/w_address[11] with 1st driver pin 'recorder/w_address_reg[11]__0/Q' [C:/Users/Cesar/Documents/GitHub/FPinGA/hdl/recorder.sv:31]
CRITICAL WARNING: [Synth 8-6859] multi-driven net on pin recorder/w_address[11] with 2nd driver pin 'recorder/w_address_reg[11]/Q' [C:/Users/Cesar/Documents/GitHub/FPinGA/hdl/recorder.sv:68]
CRITICAL WARNING: [Synth 8-6859] multi-driven net on pin recorder/w_address[10] with 1st driver pin 'recorder/w_address_reg[10]__0/Q' [C:/Users/Cesar/Documents/GitHub/FPinGA/hdl/recorder.sv:31]
CRITICAL WARNING: [Synth 8-6859] multi-driven net on pin recorder/w_address[10] with 2nd driver pin 'recorder/w_address_reg[10]/Q' [C:/Users/Cesar/Documents/GitHub/FPinGA/hdl/recorder.sv:68]
CRITICAL WARNING: [Synth 8-6859] multi-driven net on pin recorder/w_address[9] with 1st driver pin 'recorder/w_address_reg[9]__0/Q' [C:/Users/Cesar/Documents/GitHub/FPinGA/hdl/recorder.sv:31]
CRITICAL WARNING: [Synth 8-6859] multi-driven net on pin recorder/w_address[9] with 2nd driver pin 'recorder/w_address_reg[9]/Q' [C:/Users/Cesar/Documents/GitHub/FPinGA/hdl/recorder.sv:68]
CRITICAL WARNING: [Synth 8-6859] multi-driven net on pin recorder/w_address[8] with 1st driver pin 'recorder/w_address_reg[8]__0/Q' [C:/Users/Cesar/Documents/GitHub/FPinGA/hdl/recorder.sv:31]
CRITICAL WARNING: [Synth 8-6859] multi-driven net on pin recorder/w_address[8] with 2nd driver pin 'recorder/w_address_reg[8]/Q' [C:/Users/Cesar/Documents/GitHub/FPinGA/hdl/recorder.sv:68]
CRITICAL WARNING: [Synth 8-6859] multi-driven net on pin recorder/w_address[7] with 1st driver pin 'recorder/w_address_reg[7]__0/Q' [C:/Users/Cesar/Documents/GitHub/FPinGA/hdl/recorder.sv:31]
CRITICAL WARNING: [Synth 8-6859] multi-driven net on pin recorder/w_address[7] with 2nd driver pin 'recorder/w_address_reg[7]/Q' [C:/Users/Cesar/Documents/GitHub/FPinGA/hdl/recorder.sv:68]
CRITICAL WARNING: [Synth 8-6859] multi-driven net on pin recorder/w_address[6] with 1st driver pin 'recorder/w_address_reg[6]__0/Q' [C:/Users/Cesar/Documents/GitHub/FPinGA/hdl/recorder.sv:31]
CRITICAL WARNING: [Synth 8-6859] multi-driven net on pin recorder/w_address[6] with 2nd driver pin 'recorder/w_address_reg[6]/Q' [C:/Users/Cesar/Documents/GitHub/FPinGA/hdl/recorder.sv:68]
CRITICAL WARNING: [Synth 8-6859] multi-driven net on pin recorder/w_address[5] with 1st driver pin 'recorder/w_address_reg[5]__0/Q' [C:/Users/Cesar/Documents/GitHub/FPinGA/hdl/recorder.sv:31]
CRITICAL WARNING: [Synth 8-6859] multi-driven net on pin recorder/w_address[5] with 2nd driver pin 'recorder/w_address_reg[5]/Q' [C:/Users/Cesar/Documents/GitHub/FPinGA/hdl/recorder.sv:68]
CRITICAL WARNING: [Synth 8-6859] multi-driven net on pin recorder/w_address[4] with 1st driver pin 'recorder/w_address_reg[4]__0/Q' [C:/Users/Cesar/Documents/GitHub/FPinGA/hdl/recorder.sv:31]
CRITICAL WARNING: [Synth 8-6859] multi-driven net on pin recorder/w_address[4] with 2nd driver pin 'recorder/w_address_reg[4]/Q' [C:/Users/Cesar/Documents/GitHub/FPinGA/hdl/recorder.sv:68]
CRITICAL WARNING: [Synth 8-6859] multi-driven net on pin recorder/w_address[3] with 1st driver pin 'recorder/w_address_reg[3]__0/Q' [C:/Users/Cesar/Documents/GitHub/FPinGA/hdl/recorder.sv:31]
CRITICAL WARNING: [Synth 8-6859] multi-driven net on pin recorder/w_address[3] with 2nd driver pin 'recorder/w_address_reg[3]/Q' [C:/Users/Cesar/Documents/GitHub/FPinGA/hdl/recorder.sv:68]
CRITICAL WARNING: [Synth 8-6859] multi-driven net on pin recorder/w_address[2] with 1st driver pin 'recorder/w_address_reg[2]__0/Q' [C:/Users/Cesar/Documents/GitHub/FPinGA/hdl/recorder.sv:31]
CRITICAL WARNING: [Synth 8-6859] multi-driven net on pin recorder/w_address[2] with 2nd driver pin 'recorder/w_address_reg[2]/Q' [C:/Users/Cesar/Documents/GitHub/FPinGA/hdl/recorder.sv:68]
CRITICAL WARNING: [Synth 8-6859] multi-driven net on pin recorder/w_address[1] with 1st driver pin 'recorder/w_address_reg[1]__0/Q' [C:/Users/Cesar/Documents/GitHub/FPinGA/hdl/recorder.sv:31]
CRITICAL WARNING: [Synth 8-6859] multi-driven net on pin recorder/w_address[1] with 2nd driver pin 'recorder/w_address_reg[1]/Q' [C:/Users/Cesar/Documents/GitHub/FPinGA/hdl/recorder.sv:68]
CRITICAL WARNING: [Synth 8-6859] multi-driven net on pin recorder/w_address[0] with 1st driver pin 'recorder/w_address_reg[0]__0/Q' [C:/Users/Cesar/Documents/GitHub/FPinGA/hdl/recorder.sv:31]
CRITICAL WARNING: [Synth 8-6859] multi-driven net on pin recorder/w_address[0] with 2nd driver pin 'recorder/w_address_reg[0]/Q' [C:/Users/Cesar/Documents/GitHub/FPinGA/hdl/recorder.sv:68]
CRITICAL WARNING: [Synth 8-6859] multi-driven net on pin recorder/w_address[15] with 1st driver pin 'recorder/w_address_reg[15]__0/Q' [C:/Users/Cesar/Documents/GitHub/FPinGA/hdl/recorder.sv:31]
CRITICAL WARNING: [Synth 8-6859] multi-driven net on pin recorder/w_address[15] with 2nd driver pin 'recorder/w_address_reg[15]/Q' [C:/Users/Cesar/Documents/GitHub/FPinGA/hdl/recorder.sv:68]

Report Check Netlist: 
+------+------------------+-------+---------+-------+------------------+
|      |Item              |Errors |Warnings |Status |Description       |
+------+------------------+-------+---------+-------+------------------+
|1     |multi_driven_nets |      0|       16|Failed |Multi driven nets |
+------+------------------+-------+---------+-------+------------------+
---------------------------------------------------------------------------------
Start Rebuilding User Hierarchy
---------------------------------------------------------------------------------
---------------------------------------------------------------------------------
Finished Rebuilding User Hierarchy : Time (s): cpu = 00:00:24 ; elapsed = 00:00:30 . Memory (MB): peak = 2546.125 ; gain = 673.605
---------------------------------------------------------------------------------
---------------------------------------------------------------------------------
Start Renaming Generated Ports
---------------------------------------------------------------------------------
---------------------------------------------------------------------------------
Finished Renaming Generated Ports : Time (s): cpu = 00:00:24 ; elapsed = 00:00:30 . Memory (MB): peak = 2546.125 ; gain = 673.605
---------------------------------------------------------------------------------
---------------------------------------------------------------------------------
Start Handling Custom Attributes
---------------------------------------------------------------------------------
---------------------------------------------------------------------------------
Finished Handling Custom Attributes : Time (s): cpu = 00:00:24 ; elapsed = 00:00:30 . Memory (MB): peak = 2546.125 ; gain = 673.605
---------------------------------------------------------------------------------
---------------------------------------------------------------------------------
Start Renaming Generated Nets
---------------------------------------------------------------------------------
---------------------------------------------------------------------------------
Finished Renaming Generated Nets : Time (s): cpu = 00:00:24 ; elapsed = 00:00:30 . Memory (MB): peak = 2546.125 ; gain = 673.605
---------------------------------------------------------------------------------
---------------------------------------------------------------------------------
Start Writing Synthesis Report
---------------------------------------------------------------------------------

Report BlackBoxes: 
+------+--------------+----------+
|      |BlackBox name |Instances |
+------+--------------+----------+
|1     |div_gen_0     |         4|
|2     |xfft_1        |         1|
+------+--------------+----------+

Report Cell Usage: 
+------+----------+------+
|      |Cell      |Count |
+------+----------+------+
|1     |div_gen   |     1|
|2     |div_gen_0 |     3|
|5     |xfft      |     1|
|6     |BUFG      |     2|
|7     |CARRY4    |    94|
|8     |LUT1      |    21|
|9     |LUT2      |   127|
|10    |LUT3      |   120|
|11    |LUT4      |   192|
|12    |LUT5      |    59|
|13    |LUT6      |    62|
|14    |RAMB36E1  |     8|
|15    |FDRE      |   499|
|16    |FDSE      |     2|
|17    |LD        |    17|
|18    |IBUF      |    20|
|19    |OBUF      |    45|
+------+----------+------+
---------------------------------------------------------------------------------
Finished Writing Synthesis Report : Time (s): cpu = 00:00:24 ; elapsed = 00:00:30 . Memory (MB): peak = 2546.125 ; gain = 673.605
---------------------------------------------------------------------------------
Synthesis finished with 0 errors, 36 critical warnings and 21 warnings.
Synthesis Optimization Runtime : Time (s): cpu = 00:00:16 ; elapsed = 00:00:28 . Memory (MB): peak = 2546.125 ; gain = 560.926
Synthesis Optimization Complete : Time (s): cpu = 00:00:24 ; elapsed = 00:00:30 . Memory (MB): peak = 2546.125 ; gain = 673.605
INFO: [Project 1-571] Translating synthesized netlist
INFO: [Project 1-454] Reading design checkpoint 'c:/Users/Cesar/Documents/GitHub/FPinGA/ip/div_gen_0/ip/div_gen_0/div_gen_0.dcp' for cell 'fft_spacing'
INFO: [Project 1-454] Reading design checkpoint 'c:/Users/Cesar/Documents/GitHub/FPinGA/ip/xfft_1/ip/xfft_1/xfft_1.dcp' for cell 'fft'
Netlist sorting complete. Time (s): cpu = 00:00:01 ; elapsed = 00:00:01 . Memory (MB): peak = 2546.125 ; gain = 0.000
INFO: [Netlist 29-17] Analyzing 2912 Unisim elements for replacement
INFO: [Netlist 29-28] Unisim Transformation completed in 0 CPU seconds
INFO: [Project 1-479] Netlist was created with Vivado 2023.1
INFO: [Project 1-570] Preparing netlist for logic optimization
Parsing XDC File [C:/Users/Cesar/Documents/GitHub/FPinGA/xdc/top_level.xdc]
WARNING: [Vivado 12-584] No ports matched 'ss0_cdp'. [C:/Users/Cesar/Documents/GitHub/FPinGA/xdc/top_level.xdc:78]
CRITICAL WARNING: [Common 17-55] 'set_property' expects at least one object. [C:/Users/Cesar/Documents/GitHub/FPinGA/xdc/top_level.xdc:78]
Resolution: If [get_<value>] was used to populate the object, check to make sure this command returns at least one valid object.
WARNING: [Vivado 12-584] No ports matched 'ss1_c[7]'. [C:/Users/Cesar/Documents/GitHub/FPinGA/xdc/top_level.xdc:87]
CRITICAL WARNING: [Common 17-55] 'set_property' expects at least one object. [C:/Users/Cesar/Documents/GitHub/FPinGA/xdc/top_level.xdc:87]
Resolution: If [get_<value>] was used to populate the object, check to make sure this command returns at least one valid object.
WARNING: [Vivado 12-584] No ports matched 'pmoda[0]'. [C:/Users/Cesar/Documents/GitHub/FPinGA/xdc/top_level.xdc:89]
CRITICAL WARNING: [Common 17-55] 'set_property' expects at least one object. [C:/Users/Cesar/Documents/GitHub/FPinGA/xdc/top_level.xdc:89]
Resolution: If [get_<value>] was used to populate the object, check to make sure this command returns at least one valid object.
WARNING: [Vivado 12-584] No ports matched 'pmoda[1]'. [C:/Users/Cesar/Documents/GitHub/FPinGA/xdc/top_level.xdc:90]
CRITICAL WARNING: [Common 17-55] 'set_property' expects at least one object. [C:/Users/Cesar/Documents/GitHub/FPinGA/xdc/top_level.xdc:90]
Resolution: If [get_<value>] was used to populate the object, check to make sure this command returns at least one valid object.
WARNING: [Vivado 12-584] No ports matched 'pmoda[2]'. [C:/Users/Cesar/Documents/GitHub/FPinGA/xdc/top_level.xdc:91]
CRITICAL WARNING: [Common 17-55] 'set_property' expects at least one object. [C:/Users/Cesar/Documents/GitHub/FPinGA/xdc/top_level.xdc:91]
Resolution: If [get_<value>] was used to populate the object, check to make sure this command returns at least one valid object.
WARNING: [Vivado 12-584] No ports matched 'pmoda[3]'. [C:/Users/Cesar/Documents/GitHub/FPinGA/xdc/top_level.xdc:92]
CRITICAL WARNING: [Common 17-55] 'set_property' expects at least one object. [C:/Users/Cesar/Documents/GitHub/FPinGA/xdc/top_level.xdc:92]
Resolution: If [get_<value>] was used to populate the object, check to make sure this command returns at least one valid object.
WARNING: [Vivado 12-584] No ports matched 'pmoda[4]'. [C:/Users/Cesar/Documents/GitHub/FPinGA/xdc/top_level.xdc:93]
CRITICAL WARNING: [Common 17-55] 'set_property' expects at least one object. [C:/Users/Cesar/Documents/GitHub/FPinGA/xdc/top_level.xdc:93]
Resolution: If [get_<value>] was used to populate the object, check to make sure this command returns at least one valid object.
WARNING: [Vivado 12-584] No ports matched 'pmoda[5]'. [C:/Users/Cesar/Documents/GitHub/FPinGA/xdc/top_level.xdc:94]
CRITICAL WARNING: [Common 17-55] 'set_property' expects at least one object. [C:/Users/Cesar/Documents/GitHub/FPinGA/xdc/top_level.xdc:94]
Resolution: If [get_<value>] was used to populate the object, check to make sure this command returns at least one valid object.
WARNING: [Vivado 12-584] No ports matched 'pmoda[6]'. [C:/Users/Cesar/Documents/GitHub/FPinGA/xdc/top_level.xdc:95]
CRITICAL WARNING: [Common 17-55] 'set_property' expects at least one object. [C:/Users/Cesar/Documents/GitHub/FPinGA/xdc/top_level.xdc:95]
Resolution: If [get_<value>] was used to populate the object, check to make sure this command returns at least one valid object.
WARNING: [Vivado 12-584] No ports matched 'pmoda[7]'. [C:/Users/Cesar/Documents/GitHub/FPinGA/xdc/top_level.xdc:96]
CRITICAL WARNING: [Common 17-55] 'set_property' expects at least one object. [C:/Users/Cesar/Documents/GitHub/FPinGA/xdc/top_level.xdc:96]
Resolution: If [get_<value>] was used to populate the object, check to make sure this command returns at least one valid object.
WARNING: [Vivado 12-584] No ports matched 'pmodb[0]'. [C:/Users/Cesar/Documents/GitHub/FPinGA/xdc/top_level.xdc:98]
CRITICAL WARNING: [Common 17-55] 'set_property' expects at least one object. [C:/Users/Cesar/Documents/GitHub/FPinGA/xdc/top_level.xdc:98]
Resolution: If [get_<value>] was used to populate the object, check to make sure this command returns at least one valid object.
WARNING: [Vivado 12-584] No ports matched 'pmodb[1]'. [C:/Users/Cesar/Documents/GitHub/FPinGA/xdc/top_level.xdc:99]
CRITICAL WARNING: [Common 17-55] 'set_property' expects at least one object. [C:/Users/Cesar/Documents/GitHub/FPinGA/xdc/top_level.xdc:99]
Resolution: If [get_<value>] was used to populate the object, check to make sure this command returns at least one valid object.
WARNING: [Vivado 12-584] No ports matched 'pmodb[2]'. [C:/Users/Cesar/Documents/GitHub/FPinGA/xdc/top_level.xdc:100]
CRITICAL WARNING: [Common 17-55] 'set_property' expects at least one object. [C:/Users/Cesar/Documents/GitHub/FPinGA/xdc/top_level.xdc:100]
Resolution: If [get_<value>] was used to populate the object, check to make sure this command returns at least one valid object.
WARNING: [Vivado 12-584] No ports matched 'pmodbclk'. [C:/Users/Cesar/Documents/GitHub/FPinGA/xdc/top_level.xdc:101]
CRITICAL WARNING: [Common 17-55] 'set_property' expects at least one object. [C:/Users/Cesar/Documents/GitHub/FPinGA/xdc/top_level.xdc:101]
Resolution: If [get_<value>] was used to populate the object, check to make sure this command returns at least one valid object.
WARNING: [Vivado 12-584] No ports matched 'pmodblock'. [C:/Users/Cesar/Documents/GitHub/FPinGA/xdc/top_level.xdc:102]
CRITICAL WARNING: [Common 17-55] 'set_property' expects at least one object. [C:/Users/Cesar/Documents/GitHub/FPinGA/xdc/top_level.xdc:102]
Resolution: If [get_<value>] was used to populate the object, check to make sure this command returns at least one valid object.
WARNING: [Vivado 12-584] No ports matched 'pmodb[3]'. [C:/Users/Cesar/Documents/GitHub/FPinGA/xdc/top_level.xdc:103]
CRITICAL WARNING: [Common 17-55] 'set_property' expects at least one object. [C:/Users/Cesar/Documents/GitHub/FPinGA/xdc/top_level.xdc:103]
Resolution: If [get_<value>] was used to populate the object, check to make sure this command returns at least one valid object.
WARNING: [Vivado 12-584] No ports matched 'pmodb[4]'. [C:/Users/Cesar/Documents/GitHub/FPinGA/xdc/top_level.xdc:104]
CRITICAL WARNING: [Common 17-55] 'set_property' expects at least one object. [C:/Users/Cesar/Documents/GitHub/FPinGA/xdc/top_level.xdc:104]
Resolution: If [get_<value>] was used to populate the object, check to make sure this command returns at least one valid object.
WARNING: [Vivado 12-584] No ports matched 'pmodb[5]'. [C:/Users/Cesar/Documents/GitHub/FPinGA/xdc/top_level.xdc:105]
CRITICAL WARNING: [Common 17-55] 'set_property' expects at least one object. [C:/Users/Cesar/Documents/GitHub/FPinGA/xdc/top_level.xdc:105]
Resolution: If [get_<value>] was used to populate the object, check to make sure this command returns at least one valid object.
WARNING: [Vivado 12-584] No ports matched 'pmodb[6]'. [C:/Users/Cesar/Documents/GitHub/FPinGA/xdc/top_level.xdc:106]
CRITICAL WARNING: [Common 17-55] 'set_property' expects at least one object. [C:/Users/Cesar/Documents/GitHub/FPinGA/xdc/top_level.xdc:106]
Resolution: If [get_<value>] was used to populate the object, check to make sure this command returns at least one valid object.
WARNING: [Vivado 12-584] No ports matched 'pmodb[7]'. [C:/Users/Cesar/Documents/GitHub/FPinGA/xdc/top_level.xdc:107]
CRITICAL WARNING: [Common 17-55] 'set_property' expects at least one object. [C:/Users/Cesar/Documents/GitHub/FPinGA/xdc/top_level.xdc:107]
Resolution: If [get_<value>] was used to populate the object, check to make sure this command returns at least one valid object.
WARNING: [Vivado 12-584] No ports matched 'hdmi_clk_n'. [C:/Users/Cesar/Documents/GitHub/FPinGA/xdc/top_level.xdc:110]
CRITICAL WARNING: [Common 17-55] 'set_property' expects at least one object. [C:/Users/Cesar/Documents/GitHub/FPinGA/xdc/top_level.xdc:110]
Resolution: If [get_<value>] was used to populate the object, check to make sure this command returns at least one valid object.
WARNING: [Vivado 12-584] No ports matched 'hdmi_clk_p'. [C:/Users/Cesar/Documents/GitHub/FPinGA/xdc/top_level.xdc:111]
CRITICAL WARNING: [Common 17-55] 'set_property' expects at least one object. [C:/Users/Cesar/Documents/GitHub/FPinGA/xdc/top_level.xdc:111]
Resolution: If [get_<value>] was used to populate the object, check to make sure this command returns at least one valid object.
WARNING: [Vivado 12-584] No ports matched 'hdmi_tx_n[0]'. [C:/Users/Cesar/Documents/GitHub/FPinGA/xdc/top_level.xdc:112]
CRITICAL WARNING: [Common 17-55] 'set_property' expects at least one object. [C:/Users/Cesar/Documents/GitHub/FPinGA/xdc/top_level.xdc:112]
Resolution: If [get_<value>] was used to populate the object, check to make sure this command returns at least one valid object.
WARNING: [Vivado 12-584] No ports matched 'hdmi_tx_n[1]'. [C:/Users/Cesar/Documents/GitHub/FPinGA/xdc/top_level.xdc:113]
CRITICAL WARNING: [Common 17-55] 'set_property' expects at least one object. [C:/Users/Cesar/Documents/GitHub/FPinGA/xdc/top_level.xdc:113]
Resolution: If [get_<value>] was used to populate the object, check to make sure this command returns at least one valid object.
WARNING: [Vivado 12-584] No ports matched 'hdmi_tx_n[2]'. [C:/Users/Cesar/Documents/GitHub/FPinGA/xdc/top_level.xdc:114]
CRITICAL WARNING: [Common 17-55] 'set_property' expects at least one object. [C:/Users/Cesar/Documents/GitHub/FPinGA/xdc/top_level.xdc:114]
Resolution: If [get_<value>] was used to populate the object, check to make sure this command returns at least one valid object.
WARNING: [Vivado 12-584] No ports matched 'hdmi_tx_p[0]'. [C:/Users/Cesar/Documents/GitHub/FPinGA/xdc/top_level.xdc:115]
CRITICAL WARNING: [Common 17-55] 'set_property' expects at least one object. [C:/Users/Cesar/Documents/GitHub/FPinGA/xdc/top_level.xdc:115]
Resolution: If [get_<value>] was used to populate the object, check to make sure this command returns at least one valid object.
WARNING: [Vivado 12-584] No ports matched 'hdmi_tx_p[1]'. [C:/Users/Cesar/Documents/GitHub/FPinGA/xdc/top_level.xdc:116]
CRITICAL WARNING: [Common 17-55] 'set_property' expects at least one object. [C:/Users/Cesar/Documents/GitHub/FPinGA/xdc/top_level.xdc:116]
Resolution: If [get_<value>] was used to populate the object, check to make sure this command returns at least one valid object.
WARNING: [Vivado 12-584] No ports matched 'hdmi_tx_p[2]'. [C:/Users/Cesar/Documents/GitHub/FPinGA/xdc/top_level.xdc:117]
CRITICAL WARNING: [Common 17-55] 'set_property' expects at least one object. [C:/Users/Cesar/Documents/GitHub/FPinGA/xdc/top_level.xdc:117]
Resolution: If [get_<value>] was used to populate the object, check to make sure this command returns at least one valid object.
WARNING: [Vivado 12-584] No ports matched 'spkl'. [C:/Users/Cesar/Documents/GitHub/FPinGA/xdc/top_level.xdc:120]
CRITICAL WARNING: [Common 17-55] 'set_property' expects at least one object. [C:/Users/Cesar/Documents/GitHub/FPinGA/xdc/top_level.xdc:120]
Resolution: If [get_<value>] was used to populate the object, check to make sure this command returns at least one valid object.
WARNING: [Vivado 12-584] No ports matched 'spkr'. [C:/Users/Cesar/Documents/GitHub/FPinGA/xdc/top_level.xdc:121]
CRITICAL WARNING: [Common 17-55] 'set_property' expects at least one object. [C:/Users/Cesar/Documents/GitHub/FPinGA/xdc/top_level.xdc:121]
Resolution: If [get_<value>] was used to populate the object, check to make sure this command returns at least one valid object.
WARNING: [Vivado 12-584] No ports matched 'spk*'. [C:/Users/Cesar/Documents/GitHub/FPinGA/xdc/top_level.xdc:122]
CRITICAL WARNING: [Common 17-55] 'set_property' expects at least one object. [C:/Users/Cesar/Documents/GitHub/FPinGA/xdc/top_level.xdc:122]
Resolution: If [get_<value>] was used to populate the object, check to make sure this command returns at least one valid object.
Finished Parsing XDC File [C:/Users/Cesar/Documents/GitHub/FPinGA/xdc/top_level.xdc]
INFO: [Project 1-538] Using original IP XDC constraints instead of the XDC constraints in dcp 'c:/Users/Cesar/Documents/GitHub/FPinGA/ip/xfft_1/ip/xfft_1/xfft_1.dcp'
INFO: [Project 1-538] Using original IP XDC constraints instead of the XDC constraints in dcp 'c:/Users/Cesar/Documents/GitHub/FPinGA/ip/div_gen_0/ip/div_gen_0/div_gen_0.dcp'
INFO: [Project 1-538] Using original IP XDC constraints instead of the XDC constraints in dcp 'c:/Users/Cesar/Documents/GitHub/FPinGA/ip/div_gen_0/ip/div_gen_0/div_gen_0.dcp'
INFO: [Project 1-538] Using original IP XDC constraints instead of the XDC constraints in dcp 'c:/Users/Cesar/Documents/GitHub/FPinGA/ip/div_gen_0/ip/div_gen_0/div_gen_0.dcp'
INFO: [Project 1-538] Using original IP XDC constraints instead of the XDC constraints in dcp 'c:/Users/Cesar/Documents/GitHub/FPinGA/ip/div_gen_0/ip/div_gen_0/div_gen_0.dcp'
INFO: [Opt 31-138] Pushed 0 inverter(s) to 0 load pin(s).
Netlist sorting complete. Time (s): cpu = 00:00:00 ; elapsed = 00:00:00.033 . Memory (MB): peak = 2625.488 ; gain = 0.000
INFO: [Project 1-111] Unisim Transformation Summary:
  A total of 48 instances were transformed.
  LD => LDCE: 17 instances
  RAM64X1S => RAM64X1S (RAMS64E): 31 instances

Synth Design complete | Checksum: b45957de
INFO: [Common 17-83] Releasing license: Synthesis
43 Infos, 121 Warnings, 67 Critical Warnings and 0 Errors encountered.
synth_design completed successfully
synth_design: Time (s): cpu = 00:00:39 ; elapsed = 00:00:48 . Memory (MB): peak = 2625.488 ; gain = 1133.172
# write_checkpoint -force $outputDir/post_synth.dcp
INFO: [Timing 38-480] Writing timing data to binary archive.
Writing XDEF routing.
Writing XDEF routing logical nets.
Writing XDEF routing special nets.
Write XDEF Complete: Time (s): cpu = 00:00:00 ; elapsed = 00:00:00.059 . Memory (MB): peak = 2625.488 ; gain = 0.000
INFO: [Common 17-1381] The checkpoint 'C:/Users/Cesar/Documents/GitHub/FPinGA/obj/post_synth.dcp' has been generated.
# report_timing_summary -file $outputDir/post_synth_timing_summary.rpt
INFO: [Timing 38-35] Done setting XDC timing constraints.
INFO: [Timing 38-91] UpdateTimingParams: Speed grade: -1, Delay Type: min_max.
INFO: [Timing 38-191] Multithreading enabled for timing update using a maximum of 2 CPUs
report_timing_summary: Time (s): cpu = 00:00:08 ; elapsed = 00:00:08 . Memory (MB): peak = 2966.770 ; gain = 341.281
# report_utilization -file $outputDir/post_synth_util.rpt
# report_timing -file $outputDir/post_synth_timing.rpt
INFO: [Timing 38-91] UpdateTimingParams: Speed grade: -1, Delay Type: max.
INFO: [Timing 38-191] Multithreading enabled for timing update using a maximum of 2 CPUs
INFO: [Timing 38-78] ReportTimingParams: -max_paths 1 -nworst 1 -delay_type max -sort_by slack.
# opt_design
Command: opt_design
Attempting to get a license for feature 'Implementation' and/or device 'xc7s50'
INFO: [Common 17-349] Got license for feature 'Implementation' and/or device 'xc7s50'
Running DRC as a precondition to command opt_design

Starting DRC Task
INFO: [DRC 23-27] Running DRC with 2 threads
ERROR: [DRC MDRV-1] Multiple Driver Nets: Net recorder/w_address[0] has multiple drivers: recorder/w_address_reg[0]/Q, and recorder/w_address_reg[0]__0/Q.
ERROR: [DRC MDRV-1] Multiple Driver Nets: Net recorder/w_address[10] has multiple drivers: recorder/w_address_reg[10]/Q, and recorder/w_address_reg[10]__0/Q.
ERROR: [DRC MDRV-1] Multiple Driver Nets: Net recorder/w_address[11] has multiple drivers: recorder/w_address_reg[11]/Q, and recorder/w_address_reg[11]__0/Q.
ERROR: [DRC MDRV-1] Multiple Driver Nets: Net recorder/w_address[12] has multiple drivers: recorder/w_address_reg[12]/Q, and recorder/w_address_reg[12]__0/Q.
ERROR: [DRC MDRV-1] Multiple Driver Nets: Net recorder/w_address[13] has multiple drivers: recorder/w_address_reg[13]/Q, and recorder/w_address_reg[13]__0/Q.
ERROR: [DRC MDRV-1] Multiple Driver Nets: Net recorder/w_address[14] has multiple drivers: recorder/w_address_reg[14]/Q, and recorder/w_address_reg[14]__0/Q.
ERROR: [DRC MDRV-1] Multiple Driver Nets: Net recorder/w_address[15] has multiple drivers: recorder/w_address_reg[15]/Q, and recorder/w_address_reg[15]__0/Q.
ERROR: [DRC MDRV-1] Multiple Driver Nets: Net recorder/w_address[1] has multiple drivers: recorder/w_address_reg[1]/Q, and recorder/w_address_reg[1]__0/Q.
ERROR: [DRC MDRV-1] Multiple Driver Nets: Net recorder/w_address[2] has multiple drivers: recorder/w_address_reg[2]/Q, and recorder/w_address_reg[2]__0/Q.
ERROR: [DRC MDRV-1] Multiple Driver Nets: Net recorder/w_address[3] has multiple drivers: recorder/w_address_reg[3]/Q, and recorder/w_address_reg[3]__0/Q.
ERROR: [DRC MDRV-1] Multiple Driver Nets: Net recorder/w_address[4] has multiple drivers: recorder/w_address_reg[4]/Q, and recorder/w_address_reg[4]__0/Q.
ERROR: [DRC MDRV-1] Multiple Driver Nets: Net recorder/w_address[5] has multiple drivers: recorder/w_address_reg[5]/Q, and recorder/w_address_reg[5]__0/Q.
ERROR: [DRC MDRV-1] Multiple Driver Nets: Net recorder/w_address[6] has multiple drivers: recorder/w_address_reg[6]/Q, and recorder/w_address_reg[6]__0/Q.
ERROR: [DRC MDRV-1] Multiple Driver Nets: Net recorder/w_address[7] has multiple drivers: recorder/w_address_reg[7]/Q, and recorder/w_address_reg[7]__0/Q.
ERROR: [DRC MDRV-1] Multiple Driver Nets: Net recorder/w_address[8] has multiple drivers: recorder/w_address_reg[8]/Q, and recorder/w_address_reg[8]__0/Q.
ERROR: [DRC MDRV-1] Multiple Driver Nets: Net recorder/w_address[9] has multiple drivers: recorder/w_address_reg[9]/Q, and recorder/w_address_reg[9]__0/Q.
INFO: [Project 1-461] DRC finished with 16 Errors
INFO: [Project 1-462] Please refer to the DRC report (report_drc) for more information.
ERROR: [Vivado_Tcl 4-78] Error(s) found during DRC. Opt_design not run.

Time (s): cpu = 00:00:01 ; elapsed = 00:00:01 . Memory (MB): peak = 2993.723 ; gain = 26.953
INFO: [Common 17-83] Releasing license: Implementation
5 Infos, 0 Warnings, 0 Critical Warnings and 17 Errors encountered.
opt_design failed
ERROR: [Common 17-39] 'opt_design' failed due to earlier errors.

    while executing
"opt_design"
    (file "build.tcl" line 44)
INFO: [Common 17-206] Exiting Vivado at Thu Dec 14 15:18:05 2023...
