#-----------------------------------------------------------
# Vivado v2023.1 (64-bit)
# SW Build 3865809 on Sun May  7 15:05:29 MDT 2023
# IP Build 3864474 on Sun May  7 20:36:21 MDT 2023
# SharedData Build 3865790 on Sun May 07 13:33:03 MDT 2023
# Start of session at: Tue Dec 12 20:42:00 2023
# Process ID: 15760
# Current directory: C:/Users/Cesar/Documents/GitHub/FPinGA
# Command line: vivado.exe -mode batch -source build.tcl
# Log file: C:/Users/Cesar/Documents/GitHub/FPinGA/vivado.log
# Journal file: C:/Users/Cesar/Documents/GitHub/FPinGA\vivado.jou
# Running On: DESKTOP-89OFCK6, OS: Windows, CPU Frequency: 3696 MHz, CPU Physical cores: 10, Host memory: 68614 MB
#-----------------------------------------------------------
source build.tcl
# set partNum xc7s50csga324-1
# set outputDir obj
# file mkdir $outputDir
# set files [glob -nocomplain "$outputDir/*"]
# if {[llength $files] != 0} {
#     # clear folder contents
#     puts "deleting contents of $outputDir"
#     file delete -force {*}[glob -directory $outputDir *];
# } else {
#     puts "$outputDir is empty"
# }
obj is empty
# read_verilog -sv [ glob ./hdl/*.sv ]
read_verilog: Time (s): cpu = 00:00:05 ; elapsed = 00:00:05 . Memory (MB): peak = 455.156 ; gain = 161.906
# read_verilog  [ glob ./hdl/*.v ]
# read_xdc ./xdc/top_level.xdc
# set_part $partNum
INFO: [Coretcl 2-1500] The part has been set to 'xc7s50csga324-1' for the current project only. Run set_part -help for more details. To evaluate different speed grades in the current design, use the set_speed_grade command, or use the open_checkpoint -part command to change the part used by an existing checkpoint design.
# read_ip ./ip/xfft_1/xfft_1.xci
INFO: [IP_Flow 19-234] Refreshing IP repositories
INFO: [IP_Flow 19-1704] No user IP repositories specified
INFO: [IP_Flow 19-2313] Loaded Vivado IP repository 'C:/Xilinx/Vivado/2023.1/data/ip'.
WARNING: [Vivado 12-13650] The IP file 'C:/Users/Cesar/Documents/GitHub/FPinGA/ip/xfft_1/xfft_1.xci' has been moved from its original location, as a result the outputs for this IP will now be generated in 'c:/Users/Cesar/Documents/GitHub/FPinGA/ip/xfft_1/ip/xfft_1'. Alternatively a copy of the IP can be imported into the project using one of the 'import_ip' or 'import_files' commands.
# read_ip ./ip/div_gen_0/div_gen_0.xci
WARNING: [Vivado 12-13650] The IP file 'C:/Users/Cesar/Documents/GitHub/FPinGA/ip/div_gen_0/div_gen_0.xci' has been moved from its original location, as a result the outputs for this IP will now be generated in 'c:/Users/Cesar/Documents/GitHub/FPinGA/ip/div_gen_0/ip/div_gen_0'. Alternatively a copy of the IP can be imported into the project using one of the 'import_ip' or 'import_files' commands.
# read_ip ./ip/mult_gen_0/mult_gen_0.xci
WARNING: [Vivado 12-13650] The IP file 'C:/Users/Cesar/Documents/GitHub/FPinGA/ip/mult_gen_0/mult_gen_0.xci' has been moved from its original location, as a result the outputs for this IP will now be generated in 'c:/Users/Cesar/Documents/GitHub/FPinGA/ip/mult_gen_0/ip/mult_gen_0'. Alternatively a copy of the IP can be imported into the project using one of the 'import_ip' or 'import_files' commands.
# generate_target all [get_ips]
# synth_ip [get_ips]
INFO: [Vivado 12-3435] The given sub-design is up-to-date, no action was taken.  If a regeneration is desired, use the '-force' option: C:/Users/Cesar/Documents/GitHub/FPinGA/ip/div_gen_0/div_gen_0.xci
INFO: [Vivado 12-3435] The given sub-design is up-to-date, no action was taken.  If a regeneration is desired, use the '-force' option: C:/Users/Cesar/Documents/GitHub/FPinGA/ip/mult_gen_0/mult_gen_0.xci
INFO: [Vivado 12-3435] The given sub-design is up-to-date, no action was taken.  If a regeneration is desired, use the '-force' option: C:/Users/Cesar/Documents/GitHub/FPinGA/ip/xfft_1/xfft_1.xci
INFO: [Vivado 12-3441] generate_netlist_ip - operation complete
# synth_design -top top_level -part $partNum -verbose
Command: synth_design -top top_level -part xc7s50csga324-1 -verbose
Starting synth_design
Attempting to get a license for feature 'Synthesis' and/or device 'xc7s50'
INFO: [Common 17-349] Got license for feature 'Synthesis' and/or device 'xc7s50'
INFO: [Device 21-403] Loading part xc7s50csga324-1
INFO: [Synth 8-7079] Multithreading enabled for synth_design using a maximum of 2 processes.
INFO: [Synth 8-7078] Launching helper process for spawning children vivado processes
INFO: [Synth 8-7075] Helper process launched with PID 31628
WARNING: [Synth 8-10795] illegal cast without ' [C:/Users/Cesar/Documents/GitHub/FPinGA/hdl/debouncer.sv:12]
WARNING: [Synth 8-11065] parameter 'COUNTER_MAX' becomes localparam in 'debouncer' with formal parameter declaration list [C:/Users/Cesar/Documents/GitHub/FPinGA/hdl/debouncer.sv:12]
WARNING: [Synth 8-11065] parameter 'COUNTER_SIZE' becomes localparam in 'debouncer' with formal parameter declaration list [C:/Users/Cesar/Documents/GitHub/FPinGA/hdl/debouncer.sv:13]
ERROR: [Synth 8-36] 'clk_0' is not declared [C:/Users/Cesar/Documents/GitHub/FPinGA/hdl/top_level.sv:33]
ERROR: [Synth 8-36] 'clk_0' is not declared [C:/Users/Cesar/Documents/GitHub/FPinGA/hdl/top_level.sv:40]
ERROR: [Synth 8-36] 'clk_0' is not declared [C:/Users/Cesar/Documents/GitHub/FPinGA/hdl/top_level.sv:128]
ERROR: [Synth 8-36] 'clk_0' is not declared [C:/Users/Cesar/Documents/GitHub/FPinGA/hdl/top_level.sv:169]
ERROR: [Synth 8-36] 'clk_0' is not declared [C:/Users/Cesar/Documents/GitHub/FPinGA/hdl/top_level.sv:189]
ERROR: [Synth 8-36] 'clk_0' is not declared [C:/Users/Cesar/Documents/GitHub/FPinGA/hdl/top_level.sv:203]
ERROR: [Synth 8-36] 'clk_0' is not declared [C:/Users/Cesar/Documents/GitHub/FPinGA/hdl/top_level.sv:222]
INFO: [Synth 8-10285] module 'top_level' is ignored due to previous errors [C:/Users/Cesar/Documents/GitHub/FPinGA/hdl/top_level.sv:236]
INFO: [Synth 8-9084] Verilog file 'C:/Users/Cesar/Documents/GitHub/FPinGA/hdl/top_level.sv' ignored due to errors
Failed to read verilog 'C:/Users/Cesar/Documents/GitHub/FPinGA/hdl/top_level.sv'
INFO: [Common 17-83] Releasing license: Synthesis
8 Infos, 3 Warnings, 0 Critical Warnings and 8 Errors encountered.
synth_design failed
ERROR: [Common 17-69] Command failed: Synthesis failed - please see the console or run log file for details
INFO: [Common 17-206] Exiting Vivado at Tue Dec 12 20:42:21 2023...
