#-----------------------------------------------------------
# Vivado v2023.1 (64-bit)
# SW Build 3865809 on Sun May  7 15:05:29 MDT 2023
# IP Build 3864474 on Sun May  7 20:36:21 MDT 2023
# SharedData Build 3865790 on Sun May 07 13:33:03 MDT 2023
# Start of session at: Tue Dec 12 20:32:54 2023
# Process ID: 39808
# Current directory: C:/Users/Cesar/Documents/GitHub/FPinGA
# Command line: vivado.exe -mode batch -source build.tcl
# Log file: C:/Users/Cesar/Documents/GitHub/FPinGA/vivado.log
# Journal file: C:/Users/Cesar/Documents/GitHub/FPinGA\vivado.jou
# Running On: DESKTOP-89OFCK6, OS: Windows, CPU Frequency: 3696 MHz, CPU Physical cores: 10, Host memory: 68614 MB
#-----------------------------------------------------------
source build.tcl
# set partNum xc7s50csga324-1
# set outputDir obj
# file mkdir $outputDir
# set files [glob -nocomplain "$outputDir/*"]
# if {[llength $files] != 0} {
#     # clear folder contents
#     puts "deleting contents of $outputDir"
#     file delete -force {*}[glob -directory $outputDir *];
# } else {
#     puts "$outputDir is empty"
# }
obj is empty
# read_verilog -sv [ glob ./hdl/*.sv ]
read_verilog: Time (s): cpu = 00:00:04 ; elapsed = 00:00:06 . Memory (MB): peak = 456.484 ; gain = 160.977
# read_verilog  [ glob ./hdl/*.v ]
# read_xdc ./xdc/top_level.xdc
# set_part $partNum
INFO: [Coretcl 2-1500] The part has been set to 'xc7s50csga324-1' for the current project only. Run set_part -help for more details. To evaluate different speed grades in the current design, use the set_speed_grade command, or use the open_checkpoint -part command to change the part used by an existing checkpoint design.
# read_ip ./ip/xfft_1/xfft_1.xci
INFO: [IP_Flow 19-234] Refreshing IP repositories
INFO: [IP_Flow 19-1704] No user IP repositories specified
INFO: [IP_Flow 19-2313] Loaded Vivado IP repository 'C:/Xilinx/Vivado/2023.1/data/ip'.
WARNING: [Vivado 12-13650] The IP file 'C:/Users/Cesar/Documents/GitHub/FPinGA/ip/xfft_1/xfft_1.xci' has been moved from its original location, as a result the outputs for this IP will now be generated in 'c:/Users/Cesar/Documents/GitHub/FPinGA/ip/xfft_1/ip/xfft_1'. Alternatively a copy of the IP can be imported into the project using one of the 'import_ip' or 'import_files' commands.
# read_ip ./ip/div_gen_0/div_gen_0.xci
WARNING: [Vivado 12-13650] The IP file 'C:/Users/Cesar/Documents/GitHub/FPinGA/ip/div_gen_0/div_gen_0.xci' has been moved from its original location, as a result the outputs for this IP will now be generated in 'c:/Users/Cesar/Documents/GitHub/FPinGA/ip/div_gen_0/ip/div_gen_0'. Alternatively a copy of the IP can be imported into the project using one of the 'import_ip' or 'import_files' commands.
# read_ip ./ip/mult_gen_0/mult_gen_0.xci
WARNING: [Vivado 12-13650] The IP file 'C:/Users/Cesar/Documents/GitHub/FPinGA/ip/mult_gen_0/mult_gen_0.xci' has been moved from its original location, as a result the outputs for this IP will now be generated in 'c:/Users/Cesar/Documents/GitHub/FPinGA/ip/mult_gen_0/ip/mult_gen_0'. Alternatively a copy of the IP can be imported into the project using one of the 'import_ip' or 'import_files' commands.
# generate_target all [get_ips]
# synth_ip [get_ips]
INFO: [Vivado 12-3435] The given sub-design is up-to-date, no action was taken.  If a regeneration is desired, use the '-force' option: C:/Users/Cesar/Documents/GitHub/FPinGA/ip/div_gen_0/div_gen_0.xci
INFO: [Vivado 12-3435] The given sub-design is up-to-date, no action was taken.  If a regeneration is desired, use the '-force' option: C:/Users/Cesar/Documents/GitHub/FPinGA/ip/mult_gen_0/mult_gen_0.xci
INFO: [Vivado 12-3435] The given sub-design is up-to-date, no action was taken.  If a regeneration is desired, use the '-force' option: C:/Users/Cesar/Documents/GitHub/FPinGA/ip/xfft_1/xfft_1.xci
INFO: [Vivado 12-3441] generate_netlist_ip - operation complete
# synth_design -top top_level -part $partNum -verbose
Command: synth_design -top top_level -part xc7s50csga324-1 -verbose
Starting synth_design
Attempting to get a license for feature 'Synthesis' and/or device 'xc7s50'
INFO: [Common 17-349] Got license for feature 'Synthesis' and/or device 'xc7s50'
INFO: [Device 21-403] Loading part xc7s50csga324-1
INFO: [Synth 8-7079] Multithreading enabled for synth_design using a maximum of 2 processes.
INFO: [Synth 8-7078] Launching helper process for spawning children vivado processes
INFO: [Synth 8-7075] Helper process launched with PID 42784
WARNING: [Synth 8-10795] illegal cast without ' [C:/Users/Cesar/Documents/GitHub/FPinGA/hdl/debouncer.sv:12]
WARNING: [Synth 8-11065] parameter 'COUNTER_MAX' becomes localparam in 'debouncer' with formal parameter declaration list [C:/Users/Cesar/Documents/GitHub/FPinGA/hdl/debouncer.sv:12]
WARNING: [Synth 8-11065] parameter 'COUNTER_SIZE' becomes localparam in 'debouncer' with formal parameter declaration list [C:/Users/Cesar/Documents/GitHub/FPinGA/hdl/debouncer.sv:13]
---------------------------------------------------------------------------------
Starting RTL Elaboration : Time (s): cpu = 00:00:04 ; elapsed = 00:00:05 . Memory (MB): peak = 1275.785 ; gain = 410.355
---------------------------------------------------------------------------------
INFO: [Synth 8-6157] synthesizing module 'top_level' [C:/Users/Cesar/Documents/GitHub/FPinGA/hdl/top_level.sv:4]
INFO: [Synth 8-6157] synthesizing module 'audio_clk_wiz' [C:/Users/Cesar/Documents/GitHub/FPinGA/hdl/audio_clk_wiz.v:68]
INFO: [Synth 8-6157] synthesizing module 'IBUF' [C:/Xilinx/Vivado/2023.1/scripts/rt/data/unisim_comp.v:71768]
INFO: [Synth 8-6155] done synthesizing module 'IBUF' (0#1) [C:/Xilinx/Vivado/2023.1/scripts/rt/data/unisim_comp.v:71768]
INFO: [Synth 8-6157] synthesizing module 'MMCME2_ADV' [C:/Xilinx/Vivado/2023.1/scripts/rt/data/unisim_comp.v:80311]
	Parameter BANDWIDTH bound to: OPTIMIZED - type: string 
	Parameter CLKFBOUT_MULT_F bound to: 57.750000 - type: double 
	Parameter CLKFBOUT_PHASE bound to: 0.000000 - type: double 
	Parameter CLKFBOUT_USE_FINE_PS bound to: FALSE - type: string 
	Parameter CLKIN1_PERIOD bound to: 10.000000 - type: double 
	Parameter CLKOUT0_DIVIDE_F bound to: 11.750000 - type: double 
	Parameter CLKOUT0_DUTY_CYCLE bound to: 0.500000 - type: double 
	Parameter CLKOUT0_PHASE bound to: 0.000000 - type: double 
	Parameter CLKOUT0_USE_FINE_PS bound to: FALSE - type: string 
	Parameter CLKOUT4_CASCADE bound to: FALSE - type: string 
	Parameter COMPENSATION bound to: ZHOLD - type: string 
	Parameter DIVCLK_DIVIDE bound to: 5 - type: integer 
	Parameter STARTUP_WAIT bound to: FALSE - type: string 
INFO: [Synth 8-6155] done synthesizing module 'MMCME2_ADV' (0#1) [C:/Xilinx/Vivado/2023.1/scripts/rt/data/unisim_comp.v:80311]
INFO: [Synth 8-6157] synthesizing module 'BUFG' [C:/Xilinx/Vivado/2023.1/scripts/rt/data/unisim_comp.v:1519]
INFO: [Synth 8-6155] done synthesizing module 'BUFG' (0#1) [C:/Xilinx/Vivado/2023.1/scripts/rt/data/unisim_comp.v:1519]
INFO: [Synth 8-6155] done synthesizing module 'audio_clk_wiz' (0#1) [C:/Users/Cesar/Documents/GitHub/FPinGA/hdl/audio_clk_wiz.v:68]
INFO: [Synth 8-6157] synthesizing module 'seven_segment_controller' [C:/Users/Cesar/Documents/GitHub/FPinGA/hdl/seven_segment_controller.sv:3]
INFO: [Synth 8-6157] synthesizing module 'bto7s' [C:/Users/Cesar/Documents/GitHub/FPinGA/hdl/bto7s.sv:1]
INFO: [Synth 8-6155] done synthesizing module 'bto7s' (0#1) [C:/Users/Cesar/Documents/GitHub/FPinGA/hdl/bto7s.sv:1]
INFO: [Synth 8-6155] done synthesizing module 'seven_segment_controller' (0#1) [C:/Users/Cesar/Documents/GitHub/FPinGA/hdl/seven_segment_controller.sv:3]
INFO: [Synth 8-6157] synthesizing module 'debouncer' [C:/Users/Cesar/Documents/GitHub/FPinGA/hdl/debouncer.sv:5]
INFO: [Synth 8-6155] done synthesizing module 'debouncer' (0#1) [C:/Users/Cesar/Documents/GitHub/FPinGA/hdl/debouncer.sv:5]
INFO: [Synth 8-6157] synthesizing module 'recorder' [C:/Users/Cesar/Documents/GitHub/FPinGA/hdl/recorder.sv:3]
INFO: [Synth 8-6157] synthesizing module 'mult_gen_0' [C:/Users/Cesar/Documents/GitHub/FPinGA/.Xil/Vivado-39808-DESKTOP-89OFCK6/realtime/mult_gen_0_stub.v:6]
INFO: [Synth 8-6155] done synthesizing module 'mult_gen_0' (0#1) [C:/Users/Cesar/Documents/GitHub/FPinGA/.Xil/Vivado-39808-DESKTOP-89OFCK6/realtime/mult_gen_0_stub.v:6]
WARNING: [Synth 8-689] width (32) of port connection 'P' does not match port width (64) of module 'mult_gen_0' [C:/Users/Cesar/Documents/GitHub/FPinGA/hdl/recorder.sv:70]
INFO: [Synth 8-6157] synthesizing module 'xilinx_true_dual_port_read_first_2_clock_ram' [C:/Users/Cesar/Documents/GitHub/FPinGA/hdl/xilinx_true_dual_port_read_first_2_clock_ram.v:10]
	Parameter RAM_WIDTH bound to: 8 - type: integer 
	Parameter RAM_DEPTH bound to: 18000 - type: integer 
INFO: [Synth 8-6155] done synthesizing module 'xilinx_true_dual_port_read_first_2_clock_ram' (0#1) [C:/Users/Cesar/Documents/GitHub/FPinGA/hdl/xilinx_true_dual_port_read_first_2_clock_ram.v:10]
WARNING: [Synth 8-689] width (16) of port connection 'addra' does not match port width (15) of module 'xilinx_true_dual_port_read_first_2_clock_ram' [C:/Users/Cesar/Documents/GitHub/FPinGA/hdl/recorder.sv:78]
WARNING: [Synth 8-689] width (16) of port connection 'addrb' does not match port width (15) of module 'xilinx_true_dual_port_read_first_2_clock_ram' [C:/Users/Cesar/Documents/GitHub/FPinGA/hdl/recorder.sv:87]
INFO: [Synth 8-6155] done synthesizing module 'recorder' (0#1) [C:/Users/Cesar/Documents/GitHub/FPinGA/hdl/recorder.sv:3]
ERROR: [Synth 8-11365] for the instance 'recorder' of module 'recorder' declared at 'C:/Users/Cesar/Documents/GitHub/FPinGA/hdl/recorder.sv:3', named port connection 'recording_length' does not exist [C:/Users/Cesar/Documents/GitHub/FPinGA/hdl/top_level.sv:110]
INFO: [Synth 8-6157] synthesizing module 'div_gen_0' [C:/Users/Cesar/Documents/GitHub/FPinGA/.Xil/Vivado-39808-DESKTOP-89OFCK6/realtime/div_gen_0_stub.v:6]
ERROR: [Synth 8-6156] failed synthesizing module 'div_gen_0' [C:/Users/Cesar/Documents/GitHub/FPinGA/.Xil/Vivado-39808-DESKTOP-89OFCK6/realtime/div_gen_0_stub.v:6]
ERROR: [Synth 8-6156] failed synthesizing module 'top_level' [C:/Users/Cesar/Documents/GitHub/FPinGA/hdl/top_level.sv:4]
---------------------------------------------------------------------------------
Finished RTL Elaboration : Time (s): cpu = 00:00:06 ; elapsed = 00:00:07 . Memory (MB): peak = 1403.840 ; gain = 538.410
---------------------------------------------------------------------------------
RTL Elaboration failed
INFO: [Common 17-83] Releasing license: Synthesis
28 Infos, 6 Warnings, 0 Critical Warnings and 4 Errors encountered.
synth_design failed
ERROR: [Common 17-69] Command failed: Synthesis failed - please see the console or run log file for details
INFO: [Common 17-206] Exiting Vivado at Tue Dec 12 20:33:18 2023...
