#-----------------------------------------------------------
# Vivado v2023.1 (64-bit)
# SW Build 3865809 on Sun May  7 15:05:29 MDT 2023
# IP Build 3864474 on Sun May  7 20:36:21 MDT 2023
# SharedData Build 3865790 on Sun May 07 13:33:03 MDT 2023
# Start of session at: Wed Sep 27 16:03:16 2023
# Process ID: 32128
# Current directory: C:/Users/Cesar/Desktop/6.2050/Lab 3
# Command line: vivado.exe -mode batch -source build.tcl
# Log file: C:/Users/Cesar/Desktop/6.2050/Lab 3/vivado.log
# Journal file: C:/Users/Cesar/Desktop/6.2050/Lab 3\vivado.jou
# Running On: DESKTOP-M3QN9GM, OS: Windows, CPU Frequency: 2803 MHz, CPU Physical cores: 4, Host memory: 34056 MB
#-----------------------------------------------------------
source build.tcl
# set partNum xc7s50csga324-1
# set outputDir obj
# file mkdir $outputDir
# set files [glob -nocomplain "$outputDir/*"]
# if {[llength $files] != 0} {
#     # clear folder contents
#     puts "deleting contents of $outputDir"
#     file delete -force {*}[glob -directory $outputDir *];
# } else {
#     puts "$outputDir is empty"
# }
deleting contents of obj
# read_verilog -sv [ glob ./hdl/*.sv ]
read_verilog: Time (s): cpu = 00:00:03 ; elapsed = 00:00:06 . Memory (MB): peak = 1461.215 ; gain = 160.496
# read_xdc ./xdc/top_level.xdc
# set_part $partNum
INFO: [Coretcl 2-1500] The part has been set to 'xc7s50csga324-1' for the current project only. Run set_part -help for more details. To evaluate different speed grades in the current design, use the set_speed_grade command, or use the open_checkpoint -part command to change the part used by an existing checkpoint design.
# synth_design -top top_level -part $partNum -verbose
Command: synth_design -top top_level -part xc7s50csga324-1 -verbose
Starting synth_design
Attempting to get a license for feature 'Synthesis' and/or device 'xc7s50'
INFO: [Common 17-349] Got license for feature 'Synthesis' and/or device 'xc7s50'
INFO: [Device 21-403] Loading part xc7s50csga324-1
INFO: [Synth 8-7079] Multithreading enabled for synth_design using a maximum of 2 processes.
INFO: [Synth 8-7078] Launching helper process for spawning children vivado processes
INFO: [Synth 8-7075] Helper process launched with PID 28796
CRITICAL WARNING: [Synth 8-9873] overwriting previous definition of module 'current_counter' [C:/Users/Cesar/Desktop/6.2050/Lab 3/hdl/ir_decoder.sv:139]
INFO: [Synth 8-9937] previous definition of design element 'current_counter' is here [C:/Users/Cesar/Desktop/6.2050/Lab 3/hdl/current_counter.sv:23]
ERROR: [Synth 8-2716] syntax error near '(' [C:/Users/Cesar/Desktop/6.2050/Lab 3/hdl/top_level.sv:149]
ERROR: [Synth 8-2716] syntax error near '-' [C:/Users/Cesar/Desktop/6.2050/Lab 3/hdl/top_level.sv:149]
ERROR: [Synth 8-36] 'max' is not declared [C:/Users/Cesar/Desktop/6.2050/Lab 3/hdl/top_level.sv:103]
INFO: [Synth 8-10285] module 'top_level' is ignored due to previous errors [C:/Users/Cesar/Desktop/6.2050/Lab 3/hdl/top_level.sv:159]
INFO: [Synth 8-9084] Verilog file 'C:/Users/Cesar/Desktop/6.2050/Lab 3/hdl/top_level.sv' ignored due to errors
Failed to read verilog 'C:/Users/Cesar/Desktop/6.2050/Lab 3/hdl/top_level.sv'
INFO: [Common 17-83] Releasing license: Synthesis
9 Infos, 0 Warnings, 1 Critical Warnings and 4 Errors encountered.
synth_design failed
ERROR: [Common 17-69] Command failed: Synthesis failed - please see the console or run log file for details
INFO: [Common 17-206] Exiting Vivado at Wed Sep 27 16:03:37 2023...
