#! /c/Source/iverilog-install/bin/vvp
:ivl_version "12.0 (devel)" "(s20150603-1539-g2693dd32b)";
:ivl_delay_selection "TYPICAL";
:vpi_time_precision - 12;
:vpi_module "C:\iverilog\lib\ivl\system.vpi";
:vpi_module "C:\iverilog\lib\ivl\vhdl_sys.vpi";
:vpi_module "C:\iverilog\lib\ivl\vhdl_textio.vpi";
:vpi_module "C:\iverilog\lib\ivl\v2005_math.vpi";
:vpi_module "C:\iverilog\lib\ivl\va_math.vpi";
:vpi_module "C:\iverilog\lib\ivl\v2009.vpi";
S_00000248479de8c0 .scope package, "$unit" "$unit" 2 1;
 .timescale 0 0;
S_00000248479dea50 .scope module, "pwm_tb" "pwm_tb" 3 4;
 .timescale -9 -12;
v00000248479dbc40_0 .var "clk_in", 0 0;
v00000248479dbce0_0 .var "level_in", 7 0;
v00000248479dbd80_0 .net "pwm_out", 0 0, v00000248479dbb00_0;  1 drivers
v0000024847c04080_0 .var "rst_in", 0 0;
S_0000024847bd2510 .scope begin, "$ivl_for_loop0" "$ivl_for_loop0" 3 35, 3 35 0, S_00000248479dea50;
 .timescale -9 -12;
v0000024847c049d0_0 .var/2s "i", 31 0;
S_0000024847bd26a0 .scope begin, "$ivl_for_loop1" "$ivl_for_loop1" 3 40, 3 40 0, S_00000248479dea50;
 .timescale -9 -12;
v00000248479da110_0 .var/2s "i", 31 0;
S_0000024847bd2830 .scope module, "pwm" "pwm" 3 12, 4 4 0, S_00000248479dea50;
 .timescale -9 -12;
    .port_info 0 /INPUT 1 "clk_in";
    .port_info 1 /INPUT 1 "rst_in";
    .port_info 2 /INPUT 8 "level_in";
    .port_info 3 /OUTPUT 1 "pwm_out";
v00000248479debe0_0 .net "clk_in", 0 0, v00000248479dbc40_0;  1 drivers
v00000248479dec80_0 .var "counter", 31 0;
v00000248479dba60_0 .net "level_in", 7 0, v00000248479dbce0_0;  1 drivers
v00000248479dbb00_0 .var "pwm_out", 0 0;
v00000248479dbba0_0 .net "rst_in", 0 0, v0000024847c04080_0;  1 drivers
E_0000024847c04b80 .event posedge, v00000248479debe0_0;
    .scope S_0000024847bd2830;
T_0 ;
    %wait E_0000024847c04b80;
    %load/vec4 v00000248479dbba0_0;
    %flag_set/vec4 8;
    %jmp/0xz  T_0.0, 8;
    %pushi/vec4 0, 0, 32;
    %assign/vec4 v00000248479dec80_0, 0;
    %pushi/vec4 0, 0, 1;
    %assign/vec4 v00000248479dbb00_0, 0;
    %jmp T_0.1;
T_0.0 ;
    %load/vec4 v00000248479dec80_0;
    %addi 1, 0, 32;
    %assign/vec4 v00000248479dec80_0, 0;
    %load/vec4 v00000248479dec80_0;
    %pushi/vec4 256, 0, 32;
    %load/vec4 v00000248479dba60_0;
    %pad/u 32;
    %sub;
    %cmp/e;
    %jmp/0xz  T_0.2, 4;
    %pushi/vec4 1, 0, 1;
    %assign/vec4 v00000248479dbb00_0, 0;
    %jmp T_0.3;
T_0.2 ;
    %load/vec4 v00000248479dec80_0;
    %cmpi/e 256, 0, 32;
    %jmp/0xz  T_0.4, 4;
    %pushi/vec4 0, 0, 1;
    %assign/vec4 v00000248479dbb00_0, 0;
    %pushi/vec4 0, 0, 32;
    %assign/vec4 v00000248479dec80_0, 0;
T_0.4 ;
T_0.3 ;
T_0.1 ;
    %jmp T_0;
    .thread T_0;
    .scope S_00000248479dea50;
T_1 ;
    %delay 5000, 0;
    %load/vec4 v00000248479dbc40_0;
    %nor/r;
    %store/vec4 v00000248479dbc40_0, 0, 1;
    %jmp T_1;
    .thread T_1;
    .scope S_00000248479dea50;
T_2 ;
    %vpi_call/w 3 23 "$dumpfile", "pwb.vcd" {0 0 0};
    %vpi_call/w 3 24 "$dumpvars", 32'sb00000000000000000000000000000000, S_00000248479dea50 {0 0 0};
    %vpi_call/w 3 25 "$display", "Starting Sim" {0 0 0};
    %pushi/vec4 0, 0, 1;
    %store/vec4 v00000248479dbc40_0, 0, 1;
    %pushi/vec4 0, 0, 1;
    %store/vec4 v0000024847c04080_0, 0, 1;
    %pushi/vec4 100, 0, 8;
    %store/vec4 v00000248479dbce0_0, 0, 8;
    %delay 10000, 0;
    %pushi/vec4 1, 0, 1;
    %store/vec4 v0000024847c04080_0, 0, 1;
    %delay 10000, 0;
    %pushi/vec4 0, 0, 1;
    %store/vec4 v0000024847c04080_0, 0, 1;
    %fork t_1, S_0000024847bd2510;
    %jmp t_0;
    .scope S_0000024847bd2510;
t_1 ;
    %pushi/vec4 0, 0, 32;
    %store/vec4 v0000024847c049d0_0, 0, 32;
T_2.0 ;
    %load/vec4 v0000024847c049d0_0;
    %cmpi/s 3000, 0, 32;
    %jmp/0xz T_2.1, 5;
    %delay 10000, 0;
    %load/vec4 v0000024847c049d0_0;
    %addi 1, 0, 32;
    %cast2;
    %store/vec4 v0000024847c049d0_0, 0, 32;
    %jmp T_2.0;
T_2.1 ;
    %end;
    .scope S_00000248479dea50;
t_0 %join;
    %pushi/vec4 255, 0, 8;
    %store/vec4 v00000248479dbce0_0, 0, 8;
    %fork t_3, S_0000024847bd26a0;
    %jmp t_2;
    .scope S_0000024847bd26a0;
t_3 ;
    %pushi/vec4 0, 0, 32;
    %store/vec4 v00000248479da110_0, 0, 32;
T_2.2 ;
    %load/vec4 v00000248479da110_0;
    %cmpi/s 3000, 0, 32;
    %jmp/0xz T_2.3, 5;
    %delay 10000, 0;
    %load/vec4 v00000248479da110_0;
    %addi 1, 0, 32;
    %cast2;
    %store/vec4 v00000248479da110_0, 0, 32;
    %jmp T_2.2;
T_2.3 ;
    %end;
    .scope S_00000248479dea50;
t_2 %join;
    %vpi_call/w 3 44 "$finish" {0 0 0};
    %end;
    .thread T_2;
# The file index is used to find the file name in the following table.
:file_names 5;
    "N/A";
    "<interactive>";
    "-";
    "sim/pwm_tb.sv";
    "hdl/pwm.sv";
