#! /usr/bin/vvp
:ivl_version "11.0 (stable)";
:ivl_delay_selection "TYPICAL";
:vpi_time_precision - 12;
:vpi_module "/usr/lib/x86_64-linux-gnu/ivl/system.vpi";
:vpi_module "/usr/lib/x86_64-linux-gnu/ivl/vhdl_sys.vpi";
:vpi_module "/usr/lib/x86_64-linux-gnu/ivl/vhdl_textio.vpi";
:vpi_module "/usr/lib/x86_64-linux-gnu/ivl/v2005_math.vpi";
:vpi_module "/usr/lib/x86_64-linux-gnu/ivl/va_math.vpi";
:vpi_module "/usr/lib/x86_64-linux-gnu/ivl/v2009.vpi";
S_0x55f57c266610 .scope package, "$unit" "$unit" 2 1;
 .timescale 0 0;
S_0x55f57c23ad90 .scope module, "pdm_tb" "pdm_tb" 3 4;
 .timescale -9 -12;
v0x55f57c29a860_0 .var "clk_in", 0 0;
v0x55f57c29a920_0 .var/s "level_in", 7 0;
v0x55f57c29a9f0_0 .net "pdm_out", 0 0, L_0x55f57c2ab400;  1 drivers
v0x55f57c29aaf0_0 .var "rst_in", 0 0;
v0x55f57c29abc0_0 .var "tick_in", 0 0;
S_0x55f57c23af20 .scope begin, "$ivl_for_loop0" "$ivl_for_loop0" 3 36, 3 36 0, S_0x55f57c23ad90;
 .timescale -9 -12;
v0x55f57c298aa0_0 .var/2s "i", 31 0;
S_0x55f57c27d0b0 .scope begin, "$ivl_for_loop1" "$ivl_for_loop1" 3 38, 3 38 0, S_0x55f57c23af20;
 .timescale -9 -12;
v0x55f57c27d290_0 .var/2s "j", 31 0;
S_0x55f57c298ba0 .scope begin, "$ivl_for_loop2" "$ivl_for_loop2" 3 45, 3 45 0, S_0x55f57c23ad90;
 .timescale -9 -12;
v0x55f57c299080_0 .var/2s "i", 31 0;
S_0x55f57c298da0 .scope begin, "$ivl_for_loop3" "$ivl_for_loop3" 3 47, 3 47 0, S_0x55f57c298ba0;
 .timescale -9 -12;
v0x55f57c298f80_0 .var/2s "j", 31 0;
S_0x55f57c299180 .scope begin, "$ivl_for_loop4" "$ivl_for_loop4" 3 54, 3 54 0, S_0x55f57c23ad90;
 .timescale -9 -12;
v0x55f57c299640_0 .var/2s "i", 31 0;
S_0x55f57c299360 .scope begin, "$ivl_for_loop5" "$ivl_for_loop5" 3 56, 3 56 0, S_0x55f57c299180;
 .timescale -9 -12;
v0x55f57c299540_0 .var/2s "j", 31 0;
S_0x55f57c299740 .scope module, "uut" "pdm" 3 11, 4 5 0, S_0x55f57c23ad90;
 .timescale -9 -12;
    .port_info 0 /INPUT 1 "clk_in";
    .port_info 1 /INPUT 1 "rst_in";
    .port_info 2 /INPUT 8 "level_in";
    .port_info 3 /INPUT 1 "tick_in";
    .port_info 4 /OUTPUT 1 "pdm_out";
L_0x7f709617e018 .functor BUFT 1, C4<001111111>, C4<0>, C4<0>, C4<0>;
v0x55f57c2999e0_0 .net/2s *"_ivl_0", 8 0, L_0x7f709617e018;  1 drivers
L_0x7f709617e0a8 .functor BUFT 1, C4<00000000000000000000000000000000>, C4<0>, C4<0>, C4<0>;
v0x55f57c299ae0_0 .net/2s *"_ivl_10", 31 0, L_0x7f709617e0a8;  1 drivers
v0x55f57c299bc0_0 .net *"_ivl_12", 0 0, L_0x55f57c2ab080;  1 drivers
L_0x7f709617e0f0 .functor BUFT 1, C4<01>, C4<0>, C4<0>, C4<0>;
v0x55f57c299c90_0 .net/2s *"_ivl_14", 1 0, L_0x7f709617e0f0;  1 drivers
L_0x7f709617e138 .functor BUFT 1, C4<00>, C4<0>, C4<0>, C4<0>;
v0x55f57c299d70_0 .net/2s *"_ivl_16", 1 0, L_0x7f709617e138;  1 drivers
v0x55f57c299ea0_0 .net *"_ivl_18", 1 0, L_0x55f57c2ab270;  1 drivers
L_0x7f709617e060 .functor BUFT 1, C4<110000000>, C4<0>, C4<0>, C4<0>;
v0x55f57c299f80_0 .net/2s *"_ivl_2", 8 0, L_0x7f709617e060;  1 drivers
v0x55f57c29a060_0 .net *"_ivl_4", 8 0, L_0x55f57c2aacd0;  1 drivers
v0x55f57c29a140_0 .net/s *"_ivl_8", 31 0, L_0x55f57c2aaf80;  1 drivers
v0x55f57c29a220_0 .net "clk_in", 0 0, v0x55f57c29a860_0;  1 drivers
v0x55f57c29a2e0_0 .net/s "error", 7 0, L_0x55f57c2aae90;  1 drivers
v0x55f57c29a3c0_0 .var/s "error_big", 8 0;
v0x55f57c29a4a0_0 .net/s "level_in", 7 0, v0x55f57c29a920_0;  1 drivers
v0x55f57c29a580_0 .net "pdm_out", 0 0, L_0x55f57c2ab400;  alias, 1 drivers
v0x55f57c29a640_0 .net "rst_in", 0 0, v0x55f57c29aaf0_0;  1 drivers
v0x55f57c29a700_0 .net "tick_in", 0 0, v0x55f57c29abc0_0;  1 drivers
E_0x55f57c27ea10 .event posedge, v0x55f57c29a220_0;
L_0x55f57c2aacd0 .functor MUXZ 9, L_0x7f709617e060, L_0x7f709617e018, L_0x55f57c2ab400, C4<>;
L_0x55f57c2aae90 .part L_0x55f57c2aacd0, 0, 8;
L_0x55f57c2aaf80 .extend/s 32, v0x55f57c29a3c0_0;
L_0x55f57c2ab080 .cmp/ge.s 32, L_0x55f57c2aaf80, L_0x7f709617e0a8;
L_0x55f57c2ab270 .functor MUXZ 2, L_0x7f709617e138, L_0x7f709617e0f0, L_0x55f57c2ab080, C4<>;
L_0x55f57c2ab400 .part L_0x55f57c2ab270, 0, 1;
    .scope S_0x55f57c299740;
T_0 ;
    %wait E_0x55f57c27ea10;
    %load/vec4 v0x55f57c29a640_0;
    %flag_set/vec4 8;
    %jmp/0xz  T_0.0, 8;
    %pushi/vec4 0, 0, 9;
    %assign/vec4 v0x55f57c29a3c0_0, 0;
    %jmp T_0.1;
T_0.0 ;
    %load/vec4 v0x55f57c29a700_0;
    %flag_set/vec4 8;
    %jmp/0xz  T_0.2, 8;
    %load/vec4 v0x55f57c29a3c0_0;
    %load/vec4 v0x55f57c29a4a0_0;
    %pad/s 9;
    %add;
    %load/vec4 v0x55f57c29a2e0_0;
    %pad/s 9;
    %sub;
    %store/vec4 v0x55f57c29a3c0_0, 0, 9;
T_0.2 ;
T_0.1 ;
    %jmp T_0;
    .thread T_0;
    .scope S_0x55f57c23ad90;
T_1 ;
    %delay 5000, 0;
    %load/vec4 v0x55f57c29a860_0;
    %nor/r;
    %store/vec4 v0x55f57c29a860_0, 0, 1;
    %jmp T_1;
    .thread T_1;
    .scope S_0x55f57c23ad90;
T_2 ;
    %vpi_call/w 3 25 "$dumpfile", "pdm_tb.vcd" {0 0 0};
    %vpi_call/w 3 26 "$dumpvars", 32'sb00000000000000000000000000000000, S_0x55f57c23ad90 {0 0 0};
    %vpi_call/w 3 27 "$display", "Starting Sim" {0 0 0};
    %pushi/vec4 0, 0, 1;
    %store/vec4 v0x55f57c29a860_0, 0, 1;
    %pushi/vec4 0, 0, 1;
    %store/vec4 v0x55f57c29aaf0_0, 0, 1;
    %pushi/vec4 0, 0, 8;
    %store/vec4 v0x55f57c29a920_0, 0, 8;
    %pushi/vec4 0, 0, 1;
    %store/vec4 v0x55f57c29abc0_0, 0, 1;
    %delay 10000, 0;
    %pushi/vec4 1, 0, 1;
    %store/vec4 v0x55f57c29aaf0_0, 0, 1;
    %delay 10000, 0;
    %pushi/vec4 0, 0, 1;
    %store/vec4 v0x55f57c29aaf0_0, 0, 1;
    %fork t_1, S_0x55f57c23af20;
    %jmp t_0;
    .scope S_0x55f57c23af20;
t_1 ;
    %pushi/vec4 0, 0, 32;
    %store/vec4 v0x55f57c298aa0_0, 0, 32;
T_2.0 ;
    %load/vec4 v0x55f57c298aa0_0;
    %cmpi/s 128, 0, 32;
    %jmp/0xz T_2.1, 5;
    %load/vec4 v0x55f57c298aa0_0;
    %pad/s 8;
    %store/vec4 v0x55f57c29a920_0, 0, 8;
    %fork t_3, S_0x55f57c27d0b0;
    %jmp t_2;
    .scope S_0x55f57c27d0b0;
t_3 ;
    %pushi/vec4 0, 0, 32;
    %store/vec4 v0x55f57c27d290_0, 0, 32;
T_2.2 ;
    %load/vec4 v0x55f57c27d290_0;
    %cmpi/s 30, 0, 32;
    %jmp/0xz T_2.3, 5;
    %pushi/vec4 1, 0, 1;
    %store/vec4 v0x55f57c29abc0_0, 0, 1;
    %delay 10000, 0;
    %pushi/vec4 0, 0, 1;
    %store/vec4 v0x55f57c29abc0_0, 0, 1;
    %delay 10000, 0;
    %load/vec4 v0x55f57c27d290_0;
    %addi 1, 0, 32;
    %cast2;
    %store/vec4 v0x55f57c27d290_0, 0, 32;
    %jmp T_2.2;
T_2.3 ;
    %end;
    .scope S_0x55f57c23af20;
t_2 %join;
    %load/vec4 v0x55f57c298aa0_0;
    %addi 1, 0, 32;
    %cast2;
    %store/vec4 v0x55f57c298aa0_0, 0, 32;
    %jmp T_2.0;
T_2.1 ;
    %end;
    .scope S_0x55f57c23ad90;
t_0 %join;
    %fork t_5, S_0x55f57c298ba0;
    %jmp t_4;
    .scope S_0x55f57c298ba0;
t_5 ;
    %pushi/vec4 127, 0, 32;
    %store/vec4 v0x55f57c299080_0, 0, 32;
T_2.4 ;
    %load/vec4 v0x55f57c299080_0;
    %cmpi/s 4294967168, 0, 32;
    %flag_inv 5; GE is !LT
    %jmp/0xz T_2.5, 5;
    %load/vec4 v0x55f57c299080_0;
    %pad/s 8;
    %store/vec4 v0x55f57c29a920_0, 0, 8;
    %fork t_7, S_0x55f57c298da0;
    %jmp t_6;
    .scope S_0x55f57c298da0;
t_7 ;
    %pushi/vec4 0, 0, 32;
    %store/vec4 v0x55f57c298f80_0, 0, 32;
T_2.6 ;
    %load/vec4 v0x55f57c298f80_0;
    %cmpi/s 30, 0, 32;
    %jmp/0xz T_2.7, 5;
    %pushi/vec4 1, 0, 1;
    %store/vec4 v0x55f57c29abc0_0, 0, 1;
    %delay 10000, 0;
    %pushi/vec4 0, 0, 1;
    %store/vec4 v0x55f57c29abc0_0, 0, 1;
    %delay 10000, 0;
    %load/vec4 v0x55f57c298f80_0;
    %addi 1, 0, 32;
    %cast2;
    %store/vec4 v0x55f57c298f80_0, 0, 32;
    %jmp T_2.6;
T_2.7 ;
    %end;
    .scope S_0x55f57c298ba0;
t_6 %join;
    %load/vec4 v0x55f57c299080_0;
    %subi 1, 0, 32;
    %cast2;
    %store/vec4 v0x55f57c299080_0, 0, 32;
    %jmp T_2.4;
T_2.5 ;
    %end;
    .scope S_0x55f57c23ad90;
t_4 %join;
    %fork t_9, S_0x55f57c299180;
    %jmp t_8;
    .scope S_0x55f57c299180;
t_9 ;
    %pushi/vec4 4294967168, 0, 32;
    %store/vec4 v0x55f57c299640_0, 0, 32;
T_2.8 ;
    %load/vec4 v0x55f57c299640_0;
    %cmpi/s 0, 0, 32;
    %jmp/0xz T_2.9, 5;
    %load/vec4 v0x55f57c299640_0;
    %pad/s 8;
    %store/vec4 v0x55f57c29a920_0, 0, 8;
    %fork t_11, S_0x55f57c299360;
    %jmp t_10;
    .scope S_0x55f57c299360;
t_11 ;
    %pushi/vec4 0, 0, 32;
    %store/vec4 v0x55f57c299540_0, 0, 32;
T_2.10 ;
    %load/vec4 v0x55f57c299540_0;
    %cmpi/s 30, 0, 32;
    %jmp/0xz T_2.11, 5;
    %pushi/vec4 1, 0, 1;
    %store/vec4 v0x55f57c29abc0_0, 0, 1;
    %delay 10000, 0;
    %pushi/vec4 0, 0, 1;
    %store/vec4 v0x55f57c29abc0_0, 0, 1;
    %delay 10000, 0;
    %load/vec4 v0x55f57c299540_0;
    %addi 1, 0, 32;
    %cast2;
    %store/vec4 v0x55f57c299540_0, 0, 32;
    %jmp T_2.10;
T_2.11 ;
    %end;
    .scope S_0x55f57c299180;
t_10 %join;
    %load/vec4 v0x55f57c299640_0;
    %addi 1, 0, 32;
    %cast2;
    %store/vec4 v0x55f57c299640_0, 0, 32;
    %jmp T_2.8;
T_2.9 ;
    %end;
    .scope S_0x55f57c23ad90;
t_8 %join;
    %vpi_call/w 3 63 "$display", "Simulation finished" {0 0 0};
    %vpi_call/w 3 64 "$finish" {0 0 0};
    %end;
    .thread T_2;
# The file index is used to find the file name in the following table.
:file_names 5;
    "N/A";
    "<interactive>";
    "-";
    "sim/pdm_tb.sv";
    "hdl/pdm.sv";
