Copyright 1986-2022 Xilinx, Inc. All Rights Reserved. Copyright 2022-2023 Advanced Micro Devices, Inc. All Rights Reserved.
---------------------------------------------------------------------------------------------------------------------------------------------
| Tool Version : Vivado v.2023.1 (win64) Build 3865809 Sun May  7 15:05:29 MDT 2023
| Date         : Wed Oct 25 22:33:43 2023
| Host         : DESKTOP-M3QN9GM running 64-bit major release  (build 9200)
| Command      : report_timing -file obj/post_route_timing.rpt
| Design       : top_level
| Device       : 7s50-csga324
| Speed File   : -1  PRODUCTION 1.23 2018-06-13
| Design State : Routed
---------------------------------------------------------------------------------------------------------------------------------------------

Timing Report

Slack (MET) :             4.411ns  (required time - arrival time)
  Source:                 rec_deb/current_reg/C
                            (rising edge-triggered cell FDRE clocked by clk_out_audio_clk_wiz  {rise@0.000ns fall@5.087ns period=10.173ns})
  Destination:            my_recorder/audio_buffer/BRAM_reg_1_4/ENARDEN
                            (rising edge-triggered cell RAMB36E1 clocked by clk_out_audio_clk_wiz  {rise@0.000ns fall@5.087ns period=10.173ns})
  Path Group:             clk_out_audio_clk_wiz
  Path Type:              Setup (Max at Slow Process Corner)
  Requirement:            10.173ns  (clk_out_audio_clk_wiz rise@10.173ns - clk_out_audio_clk_wiz rise@0.000ns)
  Data Path Delay:        5.021ns  (logic 0.608ns (12.109%)  route 4.413ns (87.891%))
  Logic Levels:           1  (LUT3=1)
  Clock Path Skew:        0.011ns (DCD - SCD + CPR)
    Destination Clock Delay (DCD):    -1.526ns = ( 8.647 - 10.173 ) 
    Source Clock Delay      (SCD):    -0.977ns
    Clock Pessimism Removal (CPR):    0.561ns
  Clock Uncertainty:      0.107ns  ((TSJ^2 + DJ^2)^1/2) / 2 + PE
    Total System Jitter     (TSJ):    0.071ns
    Discrete Jitter          (DJ):    0.203ns
    Phase Error              (PE):    0.000ns

    Location             Delay type                Incr(ns)  Path(ns)    Netlist Resource(s)
  -------------------------------------------------------------------    -------------------
                         (clock clk_out_audio_clk_wiz rise edge)
                                                      0.000     0.000 r  
    N15                                               0.000     0.000 r  clk_100mhz (IN)
                         net (fo=0)                   0.000     0.000    macw/clk_100mhz
    N15                  IBUF (Prop_ibuf_I_O)         1.440     1.440 r  macw/clkin1_ibufg/O
                         net (fo=1, routed)           1.233     2.673    macw/clk_in_audio_clk_wiz
    MMCME2_ADV_X0Y0      MMCME2_ADV (Prop_mmcme2_adv_CLKIN1_CLKOUT0)
                                                     -6.965    -4.291 r  macw/mmcm_adv_inst/CLKOUT0
                         net (fo=1, routed)           1.666    -2.625    macw/clk_out_audio_clk_wiz
    BUFGCTRL_X0Y0        BUFG (Prop_bufg_I_O)         0.096    -2.529 r  macw/clkout1_buf/O
                         net (fo=251, routed)         1.552    -0.977    rec_deb/clk_out
    SLICE_X53Y65         FDRE                                         r  rec_deb/current_reg/C
  -------------------------------------------------------------------    -------------------
    SLICE_X53Y65         FDRE (Prop_fdre_C_Q)         0.456    -0.521 r  rec_deb/current_reg/Q
                         net (fo=58, routed)          3.725     3.204    my_recorder/audio_buffer/pwropt_1
    SLICE_X57Y87         LUT3 (Prop_lut3_I0_O)        0.152     3.356 r  my_recorder/audio_buffer/BRAM_reg_1_4_ENARDEN_cooolgate_en_gate_9_LOPT_REMAP/O
                         net (fo=1, routed)           0.688     4.044    my_recorder/audio_buffer/BRAM_reg_1_4_ENARDEN_cooolgate_en_sig_5
    RAMB36_X2Y18         RAMB36E1                                     r  my_recorder/audio_buffer/BRAM_reg_1_4/ENARDEN
  -------------------------------------------------------------------    -------------------

                         (clock clk_out_audio_clk_wiz rise edge)
                                                     10.173    10.173 r  
    N15                                               0.000    10.173 r  clk_100mhz (IN)
                         net (fo=0)                   0.000    10.173    macw/clk_100mhz
    N15                  IBUF (Prop_ibuf_I_O)         1.370    11.543 r  macw/clkin1_ibufg/O
                         net (fo=1, routed)           1.162    12.705    macw/clk_in_audio_clk_wiz
    MMCME2_ADV_X0Y0      MMCME2_ADV (Prop_mmcme2_adv_CLKIN1_CLKOUT0)
                                                     -7.221     5.484 r  macw/mmcm_adv_inst/CLKOUT0
                         net (fo=1, routed)           1.587     7.071    macw/clk_out_audio_clk_wiz
    BUFGCTRL_X0Y0        BUFG (Prop_bufg_I_O)         0.091     7.162 r  macw/clkout1_buf/O
                         net (fo=251, routed)         1.485     8.647    my_recorder/audio_buffer/clk_out
    RAMB36_X2Y18         RAMB36E1                                     r  my_recorder/audio_buffer/BRAM_reg_1_4/CLKARDCLK
                         clock pessimism              0.561     9.208    
                         clock uncertainty           -0.107     9.100    
    RAMB36_X2Y18         RAMB36E1 (Setup_ramb36e1_CLKARDCLK_ENARDEN)
                                                     -0.645     8.455    my_recorder/audio_buffer/BRAM_reg_1_4
  -------------------------------------------------------------------
                         required time                          8.455    
                         arrival time                          -4.044    
  -------------------------------------------------------------------
                         slack                                  4.411    




