Copyright 1986-2022 Xilinx, Inc. All Rights Reserved. Copyright 2022-2023 Advanced Micro Devices, Inc. All Rights Reserved.
---------------------------------------------------------------------------------------------------------------------------------------------
| Tool Version : Vivado v.2023.1 (win64) Build 3865809 Sun May  7 15:05:29 MDT 2023
| Date         : Wed Oct 25 22:33:15 2023
| Host         : DESKTOP-M3QN9GM running 64-bit major release  (build 9200)
| Command      : report_timing -file obj/post_place_timing.rpt
| Design       : top_level
| Device       : 7s50-csga324
| Speed File   : -1  PRODUCTION 1.23 2018-06-13
| Design State : Fully Placed
---------------------------------------------------------------------------------------------------------------------------------------------

Timing Report

Slack (MET) :             6.026ns  (required time - arrival time)
  Source:                 rec_deb/counter_reg[17]/C
                            (rising edge-triggered cell FDRE clocked by clk_out_audio_clk_wiz  {rise@0.000ns fall@5.087ns period=10.173ns})
  Destination:            rec_deb/counter_reg[12]/R
                            (rising edge-triggered cell FDRE clocked by clk_out_audio_clk_wiz  {rise@0.000ns fall@5.087ns period=10.173ns})
  Path Group:             clk_out_audio_clk_wiz
  Path Type:              Setup (Max at Slow Process Corner)
  Requirement:            10.173ns  (clk_out_audio_clk_wiz rise@10.173ns - clk_out_audio_clk_wiz rise@0.000ns)
  Data Path Delay:        3.493ns  (logic 0.890ns (25.480%)  route 2.603ns (74.520%))
  Logic Levels:           3  (LUT4=1 LUT5=1 LUT6=1)
  Clock Path Skew:        -0.023ns (DCD - SCD + CPR)
    Destination Clock Delay (DCD):    -1.635ns = ( 8.538 - 10.173 ) 
    Source Clock Delay      (SCD):    -1.045ns
    Clock Pessimism Removal (CPR):    0.568ns
  Clock Uncertainty:      0.107ns  ((TSJ^2 + DJ^2)^1/2) / 2 + PE
    Total System Jitter     (TSJ):    0.071ns
    Discrete Jitter          (DJ):    0.203ns
    Phase Error              (PE):    0.000ns

    Location             Delay type                Incr(ns)  Path(ns)    Netlist Resource(s)
  -------------------------------------------------------------------    -------------------
                         (clock clk_out_audio_clk_wiz rise edge)
                                                      0.000     0.000 r  
    N15                                               0.000     0.000 r  clk_100mhz (IN)
                         net (fo=0)                   0.000     0.000    macw/clk_100mhz
    N15                  IBUF (Prop_ibuf_I_O)         1.440     1.440 r  macw/clkin1_ibufg/O
                         net (fo=1, estimated)        1.233     2.673    macw/clk_in_audio_clk_wiz
    MMCME2_ADV_X0Y0      MMCME2_ADV (Prop_mmcme2_adv_CLKIN1_CLKOUT0)
                                                     -7.025    -4.352 r  macw/mmcm_adv_inst/CLKOUT0
                         net (fo=1, estimated)        1.666    -2.686    macw/clk_out_audio_clk_wiz
    BUFGCTRL_X0Y0        BUFG (Prop_bufg_I_O)         0.096    -2.590 r  macw/clkout1_buf/O
                         net (fo=251, estimated)      1.545    -1.045    rec_deb/clk_out
    SLICE_X52Y69         FDRE                                         r  rec_deb/counter_reg[17]/C
  -------------------------------------------------------------------    -------------------
    SLICE_X52Y69         FDRE (Prop_fdre_C_Q)         0.518    -0.527 r  rec_deb/counter_reg[17]/Q
                         net (fo=2, estimated)        0.808     0.281    rec_deb/counter_reg[17]
    SLICE_X53Y67         LUT4 (Prop_lut4_I0_O)        0.124     0.405 f  rec_deb/counter[0]_i_10/O
                         net (fo=1, estimated)        0.483     0.888    rec_deb/counter[0]_i_10_n_0
    SLICE_X53Y67         LUT5 (Prop_lut5_I4_O)        0.124     1.012 f  rec_deb/counter[0]_i_3/O
                         net (fo=1, estimated)        0.601     1.613    rec_deb/counter[0]_i_3_n_0
    SLICE_X53Y67         LUT6 (Prop_lut6_I1_O)        0.124     1.737 r  rec_deb/counter[0]_i_1/O
                         net (fo=20, estimated)       0.711     2.448    rec_deb/current0
    SLICE_X52Y68         FDRE                                         r  rec_deb/counter_reg[12]/R
  -------------------------------------------------------------------    -------------------

                         (clock clk_out_audio_clk_wiz rise edge)
                                                     10.173    10.173 r  
    N15                                               0.000    10.173 r  clk_100mhz (IN)
                         net (fo=0)                   0.000    10.173    macw/clk_100mhz
    N15                  IBUF (Prop_ibuf_I_O)         1.370    11.543 r  macw/clkin1_ibufg/O
                         net (fo=1, estimated)        1.171    12.715    macw/clk_in_audio_clk_wiz
    MMCME2_ADV_X0Y0      MMCME2_ADV (Prop_mmcme2_adv_CLKIN1_CLKOUT0)
                                                     -7.279     5.436 r  macw/mmcm_adv_inst/CLKOUT0
                         net (fo=1, estimated)        1.583     7.019    macw/clk_out_audio_clk_wiz
    BUFGCTRL_X0Y0        BUFG (Prop_bufg_I_O)         0.091     7.110 r  macw/clkout1_buf/O
                         net (fo=251, estimated)      1.428     8.538    rec_deb/clk_out
    SLICE_X52Y68         FDRE                                         r  rec_deb/counter_reg[12]/C
                         clock pessimism              0.568     9.105    
                         clock uncertainty           -0.107     8.998    
    SLICE_X52Y68         FDRE (Setup_fdre_C_R)       -0.524     8.474    rec_deb/counter_reg[12]
  -------------------------------------------------------------------
                         required time                          8.474    
                         arrival time                          -2.448    
  -------------------------------------------------------------------
                         slack                                  6.026    




