#! /c/Source/iverilog-install/bin/vvp
:ivl_version "12.0 (devel)" "(s20150603-1539-g2693dd32b)";
:ivl_delay_selection "TYPICAL";
:vpi_time_precision - 12;
:vpi_module "C:\iverilog\lib\ivl\system.vpi";
:vpi_module "C:\iverilog\lib\ivl\vhdl_sys.vpi";
:vpi_module "C:\iverilog\lib\ivl\vhdl_textio.vpi";
:vpi_module "C:\iverilog\lib\ivl\v2005_math.vpi";
:vpi_module "C:\iverilog\lib\ivl\va_math.vpi";
:vpi_module "C:\iverilog\lib\ivl\v2009.vpi";
S_00000197ec991d30 .scope package, "$unit" "$unit" 2 1;
 .timescale 0 0;
S_00000197ec991ec0 .scope module, "alu_tb" "alu_tb" 3 8;
 .timescale -9 -12;
v00000197ec9ecca0_0 .var "d0_in", 7 0;
v00000197ec9ecd40_0 .var "d1_in", 7 0;
v00000197ec9ecde0_0 .net "eq_out", 0 0, v00000197ec9eca20_0;  1 drivers
v00000197ec9ece80_0 .net "gt_out", 0 0, v00000197ec9ecac0_0;  1 drivers
v00000197ec9ed510_0 .net "res_out", 15 0, v00000197ec9ecb60_0;  1 drivers
v00000197ec9ed8d0_0 .var "sel_in", 2 0;
S_00000197ec952510 .scope begin, "$ivl_for_loop0" "$ivl_for_loop0" 3 42, 3 42 0, S_00000197ec991ec0;
 .timescale -9 -12;
v00000197ec992050_0 .var/i "i", 31 0;
S_00000197ec984630 .scope begin, "$ivl_for_loop1" "$ivl_for_loop1" 3 63, 3 63 0, S_00000197ec991ec0;
 .timescale -9 -12;
v00000197ec9920f0_0 .var/i "i", 31 0;
S_00000197ec9526a0 .scope begin, "$ivl_for_loop2" "$ivl_for_loop2" 3 84, 3 84 0, S_00000197ec991ec0;
 .timescale -9 -12;
v00000197ec9847c0_0 .var/i "i", 31 0;
S_00000197ec9788e0 .scope begin, "$ivl_for_loop3" "$ivl_for_loop3" 3 105, 3 105 0, S_00000197ec991ec0;
 .timescale -9 -12;
v00000197ec93bcb0_0 .var/i "i", 31 0;
S_00000197ec978a70 .scope begin, "$ivl_for_loop4" "$ivl_for_loop4" 3 126, 3 126 0, S_00000197ec991ec0;
 .timescale -9 -12;
v00000197ec93bd50_0 .var/i "i", 31 0;
S_00000197ec9eb880 .scope module, "uut" "alu" 3 20, 4 1 0, S_00000197ec991ec0;
 .timescale -9 -12;
    .port_info 0 /INPUT 8 "d0_in";
    .port_info 1 /INPUT 8 "d1_in";
    .port_info 2 /INPUT 3 "sel_in";
    .port_info 3 /OUTPUT 16 "res_out";
    .port_info 4 /OUTPUT 1 "gt_out";
    .port_info 5 /OUTPUT 1 "eq_out";
v00000197ec952830_0 .net "d0_in", 7 0, v00000197ec9ecca0_0;  1 drivers
v00000197ec9528d0_0 .net "d1_in", 15 8, v00000197ec9ecd40_0;  1 drivers
v00000197ec9eca20_0 .var "eq_out", 0 0;
v00000197ec9ecac0_0 .var "gt_out", 0 0;
v00000197ec9ecb60_0 .var "res_out", 15 0;
v00000197ec9ecc00_0 .net "sel_in", 2 0, v00000197ec9ed8d0_0;  1 drivers
E_00000197ec97e450 .event anyedge, v00000197ec952830_0, v00000197ec9528d0_0, v00000197ec9ecc00_0;
    .scope S_00000197ec9eb880;
T_0 ;
Ewait_0 .event/or E_00000197ec97e450, E_0x0;
    %wait Ewait_0;
    %pushi/vec4 0, 0, 1;
    %store/vec4 v00000197ec9eca20_0, 0, 1;
    %pushi/vec4 0, 0, 1;
    %store/vec4 v00000197ec9ecac0_0, 0, 1;
    %load/vec4 v00000197ec952830_0;
    %load/vec4 v00000197ec9528d0_0;
    %cmp/e;
    %jmp/0xz  T_0.0, 4;
    %pushi/vec4 1, 0, 1;
    %store/vec4 v00000197ec9eca20_0, 0, 1;
T_0.0 ;
    %load/vec4 v00000197ec952830_0;
    %load/vec4 v00000197ec9528d0_0;
    %cmp/u;
    %jmp/0xz  T_0.2, 5;
    %pushi/vec4 1, 0, 1;
    %store/vec4 v00000197ec9ecac0_0, 0, 1;
T_0.2 ;
    %load/vec4 v00000197ec9ecc00_0;
    %dup/vec4;
    %pushi/vec4 0, 0, 3;
    %cmp/u;
    %jmp/1 T_0.4, 6;
    %dup/vec4;
    %pushi/vec4 1, 0, 3;
    %cmp/u;
    %jmp/1 T_0.5, 6;
    %dup/vec4;
    %pushi/vec4 2, 0, 3;
    %cmp/u;
    %jmp/1 T_0.6, 6;
    %dup/vec4;
    %pushi/vec4 3, 0, 3;
    %cmp/u;
    %jmp/1 T_0.7, 6;
    %dup/vec4;
    %pushi/vec4 4, 0, 3;
    %cmp/u;
    %jmp/1 T_0.8, 6;
    %dup/vec4;
    %pushi/vec4 5, 0, 3;
    %cmp/u;
    %jmp/1 T_0.9, 6;
    %dup/vec4;
    %pushi/vec4 6, 0, 3;
    %cmp/u;
    %jmp/1 T_0.10, 6;
    %dup/vec4;
    %pushi/vec4 7, 0, 3;
    %cmp/u;
    %jmp/1 T_0.11, 6;
    %pushi/vec4 0, 0, 16;
    %store/vec4 v00000197ec9ecb60_0, 0, 16;
    %jmp T_0.13;
T_0.4 ;
    %load/vec4 v00000197ec9528d0_0;
    %pad/u 16;
    %load/vec4 v00000197ec952830_0;
    %pad/u 16;
    %add;
    %store/vec4 v00000197ec9ecb60_0, 0, 16;
    %jmp T_0.13;
T_0.5 ;
    %load/vec4 v00000197ec9528d0_0;
    %pad/u 16;
    %load/vec4 v00000197ec952830_0;
    %pad/u 16;
    %sub;
    %store/vec4 v00000197ec9ecb60_0, 0, 16;
    %jmp T_0.13;
T_0.6 ;
    %load/vec4 v00000197ec9528d0_0;
    %pad/u 16;
    %load/vec4 v00000197ec952830_0;
    %pad/u 16;
    %mul;
    %store/vec4 v00000197ec9ecb60_0, 0, 16;
    %jmp T_0.13;
T_0.7 ;
    %load/vec4 v00000197ec9528d0_0;
    %pad/u 16;
    %load/vec4 v00000197ec952830_0;
    %pad/u 16;
    %div;
    %store/vec4 v00000197ec9ecb60_0, 0, 16;
    %jmp T_0.13;
T_0.8 ;
    %load/vec4 v00000197ec9528d0_0;
    %pad/u 16;
    %load/vec4 v00000197ec952830_0;
    %pad/u 16;
    %mod;
    %store/vec4 v00000197ec9ecb60_0, 0, 16;
    %jmp T_0.13;
T_0.9 ;
    %load/vec4 v00000197ec9528d0_0;
    %pad/u 16;
    %load/vec4 v00000197ec952830_0;
    %pad/u 16;
    %and;
    %store/vec4 v00000197ec9ecb60_0, 0, 16;
    %jmp T_0.13;
T_0.10 ;
    %load/vec4 v00000197ec9528d0_0;
    %pad/u 16;
    %load/vec4 v00000197ec952830_0;
    %pad/u 16;
    %or;
    %store/vec4 v00000197ec9ecb60_0, 0, 16;
    %jmp T_0.13;
T_0.11 ;
    %load/vec4 v00000197ec9528d0_0;
    %pad/u 16;
    %load/vec4 v00000197ec952830_0;
    %pad/u 16;
    %xor;
    %store/vec4 v00000197ec9ecb60_0, 0, 16;
    %jmp T_0.13;
T_0.13 ;
    %pop/vec4 1;
    %jmp T_0;
    .thread T_0, $push;
    .scope S_00000197ec991ec0;
T_1 ;
    %pushi/vec4 0, 0, 8;
    %store/vec4 v00000197ec9ecca0_0, 0, 8;
    %pushi/vec4 0, 0, 8;
    %store/vec4 v00000197ec9ecd40_0, 0, 8;
    %pushi/vec4 0, 0, 3;
    %store/vec4 v00000197ec9ed8d0_0, 0, 3;
    %delay 10000, 0;
    %vpi_call/w 3 36 "$display", "\012---------\012Starting Simulation!" {0 0 0};
    %pushi/vec4 0, 0, 8;
    %store/vec4 v00000197ec9ecca0_0, 0, 8;
    %pushi/vec4 0, 0, 8;
    %store/vec4 v00000197ec9ecd40_0, 0, 8;
    %vpi_call/w 3 41 "$display", "d1_in      d0_in     sel_in  res_out           eq_out  gt_out" {0 0 0};
    %fork t_1, S_00000197ec952510;
    %jmp t_0;
    .scope S_00000197ec952510;
t_1 ;
    %pushi/vec4 0, 0, 32;
    %store/vec4 v00000197ec992050_0, 0, 32;
T_1.0 ;
    %load/vec4 v00000197ec992050_0;
    %cmpi/s 8, 0, 32;
    %jmp/0xz T_1.1, 5;
    %load/vec4 v00000197ec992050_0;
    %pad/s 3;
    %store/vec4 v00000197ec9ed8d0_0, 0, 3;
    %delay 10000, 0;
    %vpi_call/w 3 46 "$display", "%8b   %8b  %3b     %15b  %b       %b", v00000197ec9ecd40_0, v00000197ec9ecca0_0, v00000197ec9ed8d0_0, v00000197ec9ed510_0, v00000197ec9ecde0_0, v00000197ec9ece80_0 {0 0 0};
    %load/vec4 v00000197ec992050_0;
    %addi 1, 0, 32;
    %store/vec4 v00000197ec992050_0, 0, 32;
    %jmp T_1.0;
T_1.1 ;
    %end;
    .scope S_00000197ec991ec0;
t_0 %join;
    %pushi/vec4 0, 0, 8;
    %store/vec4 v00000197ec9ecca0_0, 0, 8;
    %pushi/vec4 0, 0, 8;
    %store/vec4 v00000197ec9ecd40_0, 0, 8;
    %pushi/vec4 0, 0, 3;
    %store/vec4 v00000197ec9ed8d0_0, 0, 3;
    %delay 10000, 0;
    %vpi_call/w 3 57 "$display", "\012---------\012Starting Simulation!" {0 0 0};
    %pushi/vec4 100, 0, 8;
    %store/vec4 v00000197ec9ecca0_0, 0, 8;
    %pushi/vec4 10, 0, 8;
    %store/vec4 v00000197ec9ecd40_0, 0, 8;
    %vpi_call/w 3 62 "$display", "d1_in      d0_in     sel_in  res_out           eq_out  gt_out" {0 0 0};
    %fork t_3, S_00000197ec984630;
    %jmp t_2;
    .scope S_00000197ec984630;
t_3 ;
    %pushi/vec4 0, 0, 32;
    %store/vec4 v00000197ec9920f0_0, 0, 32;
T_1.2 ;
    %load/vec4 v00000197ec9920f0_0;
    %cmpi/s 8, 0, 32;
    %jmp/0xz T_1.3, 5;
    %load/vec4 v00000197ec9920f0_0;
    %pad/s 3;
    %store/vec4 v00000197ec9ed8d0_0, 0, 3;
    %delay 10000, 0;
    %vpi_call/w 3 67 "$display", "%8b   %8b  %3b     %15b  %b       %b", v00000197ec9ecd40_0, v00000197ec9ecca0_0, v00000197ec9ed8d0_0, v00000197ec9ed510_0, v00000197ec9ecde0_0, v00000197ec9ece80_0 {0 0 0};
    %load/vec4 v00000197ec9920f0_0;
    %addi 1, 0, 32;
    %store/vec4 v00000197ec9920f0_0, 0, 32;
    %jmp T_1.2;
T_1.3 ;
    %end;
    .scope S_00000197ec991ec0;
t_2 %join;
    %pushi/vec4 0, 0, 8;
    %store/vec4 v00000197ec9ecca0_0, 0, 8;
    %pushi/vec4 0, 0, 8;
    %store/vec4 v00000197ec9ecd40_0, 0, 8;
    %pushi/vec4 0, 0, 3;
    %store/vec4 v00000197ec9ed8d0_0, 0, 3;
    %delay 10000, 0;
    %vpi_call/w 3 78 "$display", "\012---------\012Starting Simulation!" {0 0 0};
    %pushi/vec4 10, 0, 8;
    %store/vec4 v00000197ec9ecca0_0, 0, 8;
    %pushi/vec4 100, 0, 8;
    %store/vec4 v00000197ec9ecd40_0, 0, 8;
    %vpi_call/w 3 83 "$display", "d1_in      d0_in     sel_in  res_out           eq_out  gt_out" {0 0 0};
    %fork t_5, S_00000197ec9526a0;
    %jmp t_4;
    .scope S_00000197ec9526a0;
t_5 ;
    %pushi/vec4 0, 0, 32;
    %store/vec4 v00000197ec9847c0_0, 0, 32;
T_1.4 ;
    %load/vec4 v00000197ec9847c0_0;
    %cmpi/s 8, 0, 32;
    %jmp/0xz T_1.5, 5;
    %load/vec4 v00000197ec9847c0_0;
    %pad/s 3;
    %store/vec4 v00000197ec9ed8d0_0, 0, 3;
    %delay 10000, 0;
    %vpi_call/w 3 88 "$display", "%8b   %8b  %3b     %15b  %b       %b", v00000197ec9ecd40_0, v00000197ec9ecca0_0, v00000197ec9ed8d0_0, v00000197ec9ed510_0, v00000197ec9ecde0_0, v00000197ec9ece80_0 {0 0 0};
    %load/vec4 v00000197ec9847c0_0;
    %addi 1, 0, 32;
    %store/vec4 v00000197ec9847c0_0, 0, 32;
    %jmp T_1.4;
T_1.5 ;
    %end;
    .scope S_00000197ec991ec0;
t_4 %join;
    %pushi/vec4 0, 0, 8;
    %store/vec4 v00000197ec9ecca0_0, 0, 8;
    %pushi/vec4 0, 0, 8;
    %store/vec4 v00000197ec9ecd40_0, 0, 8;
    %pushi/vec4 0, 0, 3;
    %store/vec4 v00000197ec9ed8d0_0, 0, 3;
    %delay 10000, 0;
    %vpi_call/w 3 99 "$display", "\012---------\012Starting Simulation!" {0 0 0};
    %pushi/vec4 42, 0, 8;
    %store/vec4 v00000197ec9ecca0_0, 0, 8;
    %pushi/vec4 42, 0, 8;
    %store/vec4 v00000197ec9ecd40_0, 0, 8;
    %vpi_call/w 3 104 "$display", "d1_in      d0_in     sel_in  res_out           eq_out  gt_out" {0 0 0};
    %fork t_7, S_00000197ec9788e0;
    %jmp t_6;
    .scope S_00000197ec9788e0;
t_7 ;
    %pushi/vec4 0, 0, 32;
    %store/vec4 v00000197ec93bcb0_0, 0, 32;
T_1.6 ;
    %load/vec4 v00000197ec93bcb0_0;
    %cmpi/s 8, 0, 32;
    %jmp/0xz T_1.7, 5;
    %load/vec4 v00000197ec93bcb0_0;
    %pad/s 3;
    %store/vec4 v00000197ec9ed8d0_0, 0, 3;
    %delay 10000, 0;
    %vpi_call/w 3 109 "$display", "%8b   %8b  %3b     %15b  %b       %b", v00000197ec9ecd40_0, v00000197ec9ecca0_0, v00000197ec9ed8d0_0, v00000197ec9ed510_0, v00000197ec9ecde0_0, v00000197ec9ece80_0 {0 0 0};
    %load/vec4 v00000197ec93bcb0_0;
    %addi 1, 0, 32;
    %store/vec4 v00000197ec93bcb0_0, 0, 32;
    %jmp T_1.6;
T_1.7 ;
    %end;
    .scope S_00000197ec991ec0;
t_6 %join;
    %pushi/vec4 0, 0, 8;
    %store/vec4 v00000197ec9ecca0_0, 0, 8;
    %pushi/vec4 0, 0, 8;
    %store/vec4 v00000197ec9ecd40_0, 0, 8;
    %pushi/vec4 0, 0, 3;
    %store/vec4 v00000197ec9ed8d0_0, 0, 3;
    %delay 10000, 0;
    %vpi_call/w 3 120 "$display", "\012---------\012Starting Simulation!" {0 0 0};
    %pushi/vec4 7, 0, 8;
    %store/vec4 v00000197ec9ecca0_0, 0, 8;
    %pushi/vec4 42, 0, 8;
    %store/vec4 v00000197ec9ecd40_0, 0, 8;
    %vpi_call/w 3 125 "$display", "d1_in      d0_in     sel_in  res_out           eq_out  gt_out" {0 0 0};
    %fork t_9, S_00000197ec978a70;
    %jmp t_8;
    .scope S_00000197ec978a70;
t_9 ;
    %pushi/vec4 0, 0, 32;
    %store/vec4 v00000197ec93bd50_0, 0, 32;
T_1.8 ;
    %load/vec4 v00000197ec93bd50_0;
    %cmpi/s 8, 0, 32;
    %jmp/0xz T_1.9, 5;
    %load/vec4 v00000197ec93bd50_0;
    %pad/s 3;
    %store/vec4 v00000197ec9ed8d0_0, 0, 3;
    %delay 10000, 0;
    %vpi_call/w 3 130 "$display", "%8b   %8b  %3b     %15b  %b       %b", v00000197ec9ecd40_0, v00000197ec9ecca0_0, v00000197ec9ed8d0_0, v00000197ec9ed510_0, v00000197ec9ecde0_0, v00000197ec9ece80_0 {0 0 0};
    %load/vec4 v00000197ec93bd50_0;
    %addi 1, 0, 32;
    %store/vec4 v00000197ec93bd50_0, 0, 32;
    %jmp T_1.8;
T_1.9 ;
    %end;
    .scope S_00000197ec991ec0;
t_8 %join;
    %vpi_call/w 3 134 "$display", "\012---------\012Finishing Simulation!" {0 0 0};
    %vpi_call/w 3 135 "$finish" {0 0 0};
    %end;
    .thread T_1;
# The file index is used to find the file name in the following table.
:file_names 5;
    "N/A";
    "<interactive>";
    "-";
    "sim/alu_tb.sv";
    "hdl/alu.sv";
