Copyright 1986-2022 Xilinx, Inc. All Rights Reserved. Copyright 2022-2023 Advanced Micro Devices, Inc. All Rights Reserved.
---------------------------------------------------------------------------------------------------------------------------------------------
| Tool Version : Vivado v.2023.1 (win64) Build 3865809 Sun May  7 15:05:29 MDT 2023
| Date         : Thu Oct  5 20:16:36 2023
| Host         : DESKTOP-M3QN9GM running 64-bit major release  (build 9200)
| Command      : report_timing -file obj/post_place_timing.rpt
| Design       : top_level
| Device       : 7s50-csga324
| Speed File   : -1  PRODUCTION 1.23 2018-06-13
| Design State : Fully Placed
---------------------------------------------------------------------------------------------------------------------------------------------

Timing Report

Slack (MET) :             5.096ns  (required time - arrival time)
  Source:                 msp/cs/in_sprite2/CLK
                            (rising edge-triggered cell DSP48E1 clocked by clk_pixel_clk_wiz_0  {rise@0.000ns fall@6.734ns period=13.468ns})
  Destination:            msp/cs/in_sprite_reg/D
                            (rising edge-triggered cell FDRE clocked by clk_pixel_clk_wiz_0  {rise@0.000ns fall@6.734ns period=13.468ns})
  Path Group:             clk_pixel_clk_wiz_0
  Path Type:              Setup (Max at Slow Process Corner)
  Requirement:            13.468ns  (clk_pixel_clk_wiz_0 rise@13.468ns - clk_pixel_clk_wiz_0 rise@0.000ns)
  Data Path Delay:        8.117ns  (logic 5.972ns (73.574%)  route 2.145ns (26.426%))
  Logic Levels:           3  (DSP48E1=1 LUT6=2)
  Clock Path Skew:        -0.116ns (DCD - SCD + CPR)
    Destination Clock Delay (DCD):    -1.613ns = ( 11.855 - 13.468 ) 
    Source Clock Delay      (SCD):    -0.932ns
    Clock Pessimism Removal (CPR):    0.566ns
  Clock Uncertainty:      0.168ns  ((TSJ^2 + DJ^2)^1/2) / 2 + PE
    Total System Jitter     (TSJ):    0.071ns
    Discrete Jitter          (DJ):    0.329ns
    Phase Error              (PE):    0.000ns

    Location             Delay type                Incr(ns)  Path(ns)    Netlist Resource(s)
  -------------------------------------------------------------------    -------------------
                         (clock clk_pixel_clk_wiz_0 rise edge)
                                                      0.000     0.000 r  
    N15                                               0.000     0.000 r  clk_100mhz (IN)
                         net (fo=0)                   0.000     0.000    mhdmicw/clk_100mhz
    N15                  IBUF (Prop_ibuf_I_O)         1.440     1.440 r  mhdmicw/clkin1_ibufg/O
                         net (fo=1, estimated)        1.233     2.673    mhdmicw/clk_ref_clk_wiz_0
    MMCME2_ADV_X0Y0      MMCME2_ADV (Prop_mmcme2_adv_CLKIN1_CLKOUT0)
                                                     -7.025    -4.352 r  mhdmicw/mmcm_adv_inst/CLKOUT0
                         net (fo=1, estimated)        1.666    -2.686    mhdmicw/clk_pixel_clk_wiz_0
    BUFGCTRL_X0Y0        BUFG (Prop_bufg_I_O)         0.096    -2.590 r  mhdmicw/clkout1_buf/O
                         net (fo=102, estimated)      1.658    -0.932    msp/cs/clk_pixel
    DSP48_X0Y4           DSP48E1                                      r  msp/cs/in_sprite2/CLK
  -------------------------------------------------------------------    -------------------
    DSP48_X0Y4           DSP48E1 (Prop_dsp48e1_CLK_PCOUT[47])
                                                      4.206     3.274 r  msp/cs/in_sprite2/PCOUT[47]
                         net (fo=1, estimated)        0.000     3.274    msp/cs/in_sprite2_n_106
    DSP48_X0Y5           DSP48E1 (Prop_dsp48e1_PCIN[47]_P[21])
                                                      1.518     4.792 f  msp/cs/in_sprite1/P[21]
                         net (fo=1, estimated)        1.157     5.949    msp/cs/in_sprite1_n_84
    SLICE_X11Y10         LUT6 (Prop_lut6_I0_O)        0.124     6.073 r  msp/cs/in_sprite_i_2/O
                         net (fo=1, estimated)        0.988     7.061    msp/cs/in_sprite_i_2_n_0
    SLICE_X11Y12         LUT6 (Prop_lut6_I0_O)        0.124     7.185 r  msp/cs/in_sprite_i_1/O
                         net (fo=1, routed)           0.000     7.185    msp/cs/in_sprite_i_1_n_0
    SLICE_X11Y12         FDRE                                         r  msp/cs/in_sprite_reg/D
  -------------------------------------------------------------------    -------------------

                         (clock clk_pixel_clk_wiz_0 rise edge)
                                                     13.468    13.468 r  
    N15                                               0.000    13.468 r  clk_100mhz (IN)
                         net (fo=0)                   0.000    13.468    mhdmicw/clk_100mhz
    N15                  IBUF (Prop_ibuf_I_O)         1.370    14.838 r  mhdmicw/clkin1_ibufg/O
                         net (fo=1, estimated)        1.171    16.010    mhdmicw/clk_ref_clk_wiz_0
    MMCME2_ADV_X0Y0      MMCME2_ADV (Prop_mmcme2_adv_CLKIN1_CLKOUT0)
                                                     -7.279     8.731 r  mhdmicw/mmcm_adv_inst/CLKOUT0
                         net (fo=1, estimated)        1.583    10.314    mhdmicw/clk_pixel_clk_wiz_0
    BUFGCTRL_X0Y0        BUFG (Prop_bufg_I_O)         0.091    10.405 r  mhdmicw/clkout1_buf/O
                         net (fo=102, estimated)      1.450    11.855    msp/cs/clk_pixel
    SLICE_X11Y12         FDRE                                         r  msp/cs/in_sprite_reg/C
                         clock pessimism              0.566    12.420    
                         clock uncertainty           -0.168    12.252    
    SLICE_X11Y12         FDRE (Setup_fdre_C_D)        0.029    12.281    msp/cs/in_sprite_reg
  -------------------------------------------------------------------
                         required time                         12.281    
                         arrival time                          -7.185    
  -------------------------------------------------------------------
                         slack                                  5.096    




