Copyright 1986-2022 Xilinx, Inc. All Rights Reserved. Copyright 2022-2023 Advanced Micro Devices, Inc. All Rights Reserved.
---------------------------------------------------------------------------------------------------------------------------------------------
| Tool Version : Vivado v.2023.1 (lin64) Build 3865809 Sun May  7 15:04:56 MDT 2023
| Date         : Thu Oct 26 03:17:38 2023
| Host         : worker running 64-bit Ubuntu 20.04.6 LTS
| Command      : report_timing -file obj/post_synth_timing.rpt
| Design       : top_level
| Device       : 7s50-csga324
| Speed File   : -1  PRODUCTION 1.23 2018-06-13
| Design State : Synthesized
---------------------------------------------------------------------------------------------------------------------------------------------

Timing Report

Slack (MET) :             3.758ns  (required time - arrival time)
  Source:                 my_recorder/add_a_reg[4]/C
                            (rising edge-triggered cell FDRE clocked by clk_out_audio_clk_wiz  {rise@0.000ns fall@5.087ns period=10.173ns})
  Destination:            my_recorder/add_a_reg[0]/R
                            (rising edge-triggered cell FDRE clocked by clk_out_audio_clk_wiz  {rise@0.000ns fall@5.087ns period=10.173ns})
  Path Group:             clk_out_audio_clk_wiz
  Path Type:              Setup (Max at Slow Process Corner)
  Requirement:            10.173ns  (clk_out_audio_clk_wiz rise@10.173ns - clk_out_audio_clk_wiz rise@0.000ns)
  Data Path Delay:        5.730ns  (logic 2.618ns (45.689%)  route 3.112ns (54.311%))
  Logic Levels:           6  (CARRY4=4 LUT6=2)
  Clock Path Skew:        -0.145ns (DCD - SCD + CPR)
    Destination Clock Delay (DCD):    -2.279ns = ( 7.894 - 10.173 ) 
    Source Clock Delay      (SCD):    -1.604ns
    Clock Pessimism Removal (CPR):    0.530ns
  Clock Uncertainty:      0.107ns  ((TSJ^2 + DJ^2)^1/2) / 2 + PE
    Total System Jitter     (TSJ):    0.071ns
    Discrete Jitter          (DJ):    0.203ns
    Phase Error              (PE):    0.000ns

    Location             Delay type                Incr(ns)  Path(ns)    Netlist Resource(s)
  -------------------------------------------------------------------    -------------------
                         (clock clk_out_audio_clk_wiz rise edge)
                                                      0.000     0.000 r  
    N15                                               0.000     0.000 r  clk_100mhz (IN)
                         net (fo=0)                   0.000     0.000    macw/clk_100mhz
    N15                  IBUF (Prop_ibuf_I_O)         1.440     1.440 r  macw/clkin1_ibufg/O
                         net (fo=1, unplaced)         0.584     2.024    macw/clk_in_audio_clk_wiz
                         MMCME2_ADV (Prop_mmcme2_adv_CLKIN1_CLKOUT0)
                                                     -5.108    -3.083 r  macw/mmcm_adv_inst/CLKOUT0
                         net (fo=1, unplaced)         0.800    -2.284    macw/clk_out_audio_clk_wiz
                         BUFG (Prop_bufg_I_O)         0.096    -2.188 r  macw/clkout1_buf/O
                         net (fo=202, unplaced)       0.584    -1.604    my_recorder/clk_out
                         FDRE                                         r  my_recorder/add_a_reg[4]/C
  -------------------------------------------------------------------    -------------------
                         FDRE (Prop_fdre_C_Q)         0.456    -1.148 r  my_recorder/add_a_reg[4]/Q
                         net (fo=24, unplaced)        1.047    -0.101    my_recorder/add_a_reg[4]
                         CARRY4 (Prop_carry4_S[3]_CO[3])
                                                      0.697     0.596 r  my_recorder/add_a1_inferred__0/i__carry/CO[3]
                         net (fo=1, unplaced)         0.009     0.605    my_recorder/add_a1_inferred__0/i__carry_n_0
                         CARRY4 (Prop_carry4_CI_O[2])
                                                      0.256     0.861 r  my_recorder/add_a1_inferred__0/i__carry__0/O[2]
                         net (fo=1, unplaced)         0.905     1.766    my_recorder/add_a1[7]
                         LUT6 (Prop_lut6_I0_O)        0.301     2.067 r  my_recorder/i__carry_i_2/O
                         net (fo=1, unplaced)         0.000     2.067    my_recorder/i__carry_i_2_n_0
                         CARRY4 (Prop_carry4_S[2]_CO[3])
                                                      0.398     2.465 r  my_recorder/add_a0_inferred__2/i__carry/CO[3]
                         net (fo=1, unplaced)         0.009     2.474    my_recorder/add_a0_inferred__2/i__carry_n_0
                         CARRY4 (Prop_carry4_CI_CO[1])
                                                      0.178     2.652 r  my_recorder/add_a0_inferred__2/i__carry__0/CO[1]
                         net (fo=1, unplaced)         0.312     2.964    my_recorder/add_a0_inferred__2/i__carry__0_n_2
                         LUT6 (Prop_lut6_I5_O)        0.332     3.296 r  my_recorder/add_a[0]_i_1/O
                         net (fo=16, unplaced)        0.830     4.126    my_recorder/add_a[0]_i_1_n_0
                         FDRE                                         r  my_recorder/add_a_reg[0]/R
  -------------------------------------------------------------------    -------------------

                         (clock clk_out_audio_clk_wiz rise edge)
                                                     10.173    10.173 r  
    N15                                               0.000    10.173 r  clk_100mhz (IN)
                         net (fo=0)                   0.000    10.173    macw/clk_100mhz
    N15                  IBUF (Prop_ibuf_I_O)         1.370    11.543 r  macw/clkin1_ibufg/O
                         net (fo=1, unplaced)         0.439    11.982    macw/clk_in_audio_clk_wiz
                         MMCME2_ADV (Prop_mmcme2_adv_CLKIN1_CLKOUT0)
                                                     -5.378     6.605 r  macw/mmcm_adv_inst/CLKOUT0
                         net (fo=1, unplaced)         0.760     7.364    macw/clk_out_audio_clk_wiz
                         BUFG (Prop_bufg_I_O)         0.091     7.455 r  macw/clkout1_buf/O
                         net (fo=202, unplaced)       0.439     7.894    my_recorder/clk_out
                         FDRE                                         r  my_recorder/add_a_reg[0]/C
                         clock pessimism              0.530     8.424    
                         clock uncertainty           -0.107     8.317    
                         FDRE (Setup_fdre_C_R)       -0.433     7.884    my_recorder/add_a_reg[0]
  -------------------------------------------------------------------
                         required time                          7.884    
                         arrival time                          -4.126    
  -------------------------------------------------------------------
                         slack                                  3.758    




