Copyright 1986-2022 Xilinx, Inc. All Rights Reserved. Copyright 2022-2023 Advanced Micro Devices, Inc. All Rights Reserved.
---------------------------------------------------------------------------------------------------------------------------------------------
| Tool Version : Vivado v.2023.1 (win64) Build 3865809 Sun May  7 15:05:29 MDT 2023
| Date         : Thu Dec 14 00:41:26 2023
| Host         : DESKTOP-89OFCK6 running 64-bit major release  (build 9200)
| Command      : report_timing -file obj/post_route_timing.rpt
| Design       : top_level
| Device       : 7s50-csga324
| Speed File   : -1  PRODUCTION 1.23 2018-06-13
| Design State : Routed
---------------------------------------------------------------------------------------------------------------------------------------------

Timing Report

Slack (MET) :             2.437ns  (required time - arrival time)
  Source:                 tone_detection/change_3_reg[14]/C
                            (rising edge-triggered cell FDRE clocked by gclk  {rise@0.000ns fall@4.000ns period=10.000ns})
  Destination:            tone_detection/fft_data_reg_4_reg[24]/CE
                            (rising edge-triggered cell FDRE clocked by gclk  {rise@0.000ns fall@4.000ns period=10.000ns})
  Path Group:             gclk
  Path Type:              Setup (Max at Slow Process Corner)
  Requirement:            10.000ns  (gclk rise@10.000ns - gclk rise@0.000ns)
  Data Path Delay:        7.295ns  (logic 1.372ns (18.807%)  route 5.923ns (81.193%))
  Logic Levels:           5  (LUT4=1 LUT5=2 LUT6=2)
  Clock Path Skew:        -0.028ns (DCD - SCD + CPR)
    Destination Clock Delay (DCD):    4.939ns = ( 14.939 - 10.000 ) 
    Source Clock Delay      (SCD):    5.247ns
    Clock Pessimism Removal (CPR):    0.280ns
  Clock Uncertainty:      0.035ns  ((TSJ^2 + TIJ^2)^1/2 + DJ) / 2 + PE
    Total System Jitter     (TSJ):    0.071ns
    Total Input Jitter      (TIJ):    0.000ns
    Discrete Jitter          (DJ):    0.000ns
    Phase Error              (PE):    0.000ns

    Location             Delay type                Incr(ns)  Path(ns)    Netlist Resource(s)
  -------------------------------------------------------------------    -------------------
                         (clock gclk rise edge)       0.000     0.000 r  
    N15                                               0.000     0.000 r  clk_100mhz (IN)
                         net (fo=0)                   0.000     0.000    clk_100mhz
    N15                  IBUF (Prop_ibuf_I_O)         1.440     1.440 r  clk_100mhz_IBUF_inst/O
                         net (fo=1, routed)           1.972     3.412    clk_100mhz_IBUF
    BUFGCTRL_X0Y0        BUFG (Prop_bufg_I_O)         0.096     3.508 r  clk_100mhz_IBUF_BUFG_inst/O
                         net (fo=23033, routed)       1.739     5.247    tone_detection/clk_100mhz_IBUF_BUFG
    SLICE_X50Y101        FDRE                                         r  tone_detection/change_3_reg[14]/C
  -------------------------------------------------------------------    -------------------
    SLICE_X50Y101        FDRE (Prop_fdre_C_Q)         0.518     5.765 f  tone_detection/change_3_reg[14]/Q
                         net (fo=2, routed)           1.039     6.805    tone_detection/change_3[14]
    SLICE_X49Y108        LUT4 (Prop_lut4_I2_O)        0.124     6.929 f  tone_detection/state[1]_i_23/O
                         net (fo=2, routed)           0.855     7.783    tone_detection/state[1]_i_23_n_0
    SLICE_X37Y107        LUT5 (Prop_lut5_I4_O)        0.150     7.933 f  tone_detection/state[1]_i_13/O
                         net (fo=1, routed)           1.100     9.033    tone_detection/state[1]_i_13_n_0
    SLICE_X36Y105        LUT6 (Prop_lut6_I3_O)        0.332     9.365 f  tone_detection/state[1]_i_6/O
                         net (fo=2, routed)           0.653    10.019    tone_detection/state[1]_i_6_n_0
    SLICE_X32Y101        LUT5 (Prop_lut5_I1_O)        0.124    10.143 f  tone_detection/state[1]_i_4/O
                         net (fo=7, routed)           0.704    10.847    tone_detection/state[1]_i_4_n_0
    SLICE_X30Y95         LUT6 (Prop_lut6_I4_O)        0.124    10.971 r  tone_detection/fft_data_reg_2[31]_i_1/O
                         net (fo=95, routed)          1.571    12.542    tone_detection/fft_data_reg_4
    SLICE_X51Y109        FDRE                                         r  tone_detection/fft_data_reg_4_reg[24]/CE
  -------------------------------------------------------------------    -------------------

                         (clock gclk rise edge)      10.000    10.000 r  
    N15                                               0.000    10.000 r  clk_100mhz (IN)
                         net (fo=0)                   0.000    10.000    clk_100mhz
    N15                  IBUF (Prop_ibuf_I_O)         1.370    11.370 r  clk_100mhz_IBUF_inst/O
                         net (fo=1, routed)           1.868    13.238    clk_100mhz_IBUF
    BUFGCTRL_X0Y0        BUFG (Prop_bufg_I_O)         0.091    13.329 r  clk_100mhz_IBUF_BUFG_inst/O
                         net (fo=23033, routed)       1.610    14.939    tone_detection/clk_100mhz_IBUF_BUFG
    SLICE_X51Y109        FDRE                                         r  tone_detection/fft_data_reg_4_reg[24]/C
                         clock pessimism              0.280    15.219    
                         clock uncertainty           -0.035    15.184    
    SLICE_X51Y109        FDRE (Setup_fdre_C_CE)      -0.205    14.979    tone_detection/fft_data_reg_4_reg[24]
  -------------------------------------------------------------------
                         required time                         14.979    
                         arrival time                         -12.542    
  -------------------------------------------------------------------
                         slack                                  2.437    




