#! /c/Source/iverilog-install/bin/vvp
:ivl_version "12.0 (devel)" "(s20150603-1539-g2693dd32b)";
:ivl_delay_selection "TYPICAL";
:vpi_time_precision + 0;
:vpi_module "C:\iverilog\lib\ivl\system.vpi";
:vpi_module "C:\iverilog\lib\ivl\vhdl_sys.vpi";
:vpi_module "C:\iverilog\lib\ivl\vhdl_textio.vpi";
:vpi_module "C:\iverilog\lib\ivl\v2005_math.vpi";
:vpi_module "C:\iverilog\lib\ivl\va_math.vpi";
:vpi_module "C:\iverilog\lib\ivl\v2009.vpi";
S_0000018d4c0c9310 .scope package, "$unit" "$unit" 2 1;
 .timescale 0 0;
S_0000018d4c215b70 .scope module, "parity_tb" "parity_tb" 3 1;
 .timescale 0 0;
v0000018d4c0cbaf0_0 .net "parity_out", 0 0, v0000018d4c215f30_0;  1 drivers
S_0000018d4c215d00 .scope module, "my_counter" "parity_checker" 3 9, 4 1 0, S_0000018d4c215b70;
 .timescale 0 0;
    .port_info 0 /INPUT 13 "data_in";
    .port_info 1 /OUTPUT 1 "parity_out";
P_0000018d4c2054f0 .param/l "WIDTH" 0 4 1, +C4<00000000000000000000000000001101>;
v0000018d4c0cb930_0 .var "counter", 12 0;
L_0000018d4c25bc28 .functor BUFT 1, C4<0001000111011>, C4<0>, C4<0>, C4<0>;
v0000018d4c215e90_0 .net "data_in", 12 0, L_0000018d4c25bc28;  1 drivers
v0000018d4c215f30_0 .var "parity_out", 0 0;
E_0000018d4c204c30 .event anyedge, v0000018d4c215e90_0;
S_0000018d4c1e2510 .scope begin, "$unm_blk_2" "$unm_blk_2" 4 5, 4 5 0, S_0000018d4c215d00;
 .timescale 0 0;
v0000018d4c0c94a0_0 .var/2s "i", 31 0;
    .scope S_0000018d4c215d00;
T_0 ;
Ewait_0 .event/or E_0000018d4c204c30, E_0x0;
    %wait Ewait_0;
    %fork t_1, S_0000018d4c1e2510;
    %jmp t_0;
    .scope S_0000018d4c1e2510;
t_1 ;
    %pushi/vec4 0, 0, 13;
    %store/vec4 v0000018d4c0cb930_0, 0, 13;
    %pushi/vec4 0, 0, 32;
    %store/vec4 v0000018d4c0c94a0_0, 0, 32;
T_0.0 ;
    %load/vec4 v0000018d4c0c94a0_0;
    %cmpi/s 13, 0, 32;
    %jmp/0xz T_0.1, 5;
    %load/vec4 v0000018d4c215e90_0;
    %load/vec4 v0000018d4c0c94a0_0;
    %part/s 1;
    %pad/u 32;
    %cmpi/e 1, 0, 32;
    %jmp/0xz  T_0.2, 4;
    %load/vec4 v0000018d4c0cb930_0;
    %addi 1, 0, 13;
    %store/vec4 v0000018d4c0cb930_0, 0, 13;
T_0.2 ;
    %load/vec4 v0000018d4c0c94a0_0;
    %addi 1, 0, 32;
    %cast2;
    %store/vec4 v0000018d4c0c94a0_0, 0, 32;
    %jmp T_0.0;
T_0.1 ;
    %load/vec4 v0000018d4c0cb930_0;
    %pad/u 32;
    %pushi/vec4 2, 0, 32;
    %mod;
    %cmpi/e 0, 0, 32;
    %jmp/0xz  T_0.4, 4;
    %pushi/vec4 1, 0, 1;
    %store/vec4 v0000018d4c215f30_0, 0, 1;
    %jmp T_0.5;
T_0.4 ;
    %pushi/vec4 0, 0, 1;
    %store/vec4 v0000018d4c215f30_0, 0, 1;
T_0.5 ;
    %end;
    .scope S_0000018d4c215d00;
t_0 %join;
    %jmp T_0;
    .thread T_0, $push;
    .scope S_0000018d4c215b70;
T_1 ;
    %vpi_call/w 3 34 "$dumpfile", "results.vcd" {0 0 0};
    %vpi_call/w 3 35 "$dumpvars", 32'sb00000000000000000000000000000000, S_0000018d4c215b70 {0 0 0};
    %delay 100, 0;
    %vpi_call/w 3 37 "$display", "%b", v0000018d4c0cbaf0_0 {0 0 0};
    %vpi_call/w 3 38 "$finish" {0 0 0};
    %end;
    .thread T_1;
# The file index is used to find the file name in the following table.
:file_names 5;
    "N/A";
    "<interactive>";
    "-";
    "sim/parity_checking_tb.sv";
    "hdl/parity_checker.sv";
