#! /c/Source/iverilog-install/bin/vvp
:ivl_version "12.0 (devel)" "(s20150603-1539-g2693dd32b)";
:ivl_delay_selection "TYPICAL";
:vpi_time_precision - 12;
:vpi_module "C:\iverilog\lib\ivl\system.vpi";
:vpi_module "C:\iverilog\lib\ivl\vhdl_sys.vpi";
:vpi_module "C:\iverilog\lib\ivl\vhdl_textio.vpi";
:vpi_module "C:\iverilog\lib\ivl\v2005_math.vpi";
:vpi_module "C:\iverilog\lib\ivl\va_math.vpi";
:vpi_module "C:\iverilog\lib\ivl\v2009.vpi";
S_00000226ee35f870 .scope package, "$unit" "$unit" 2 1;
 .timescale 0 0;
S_00000226ee36ba50 .scope module, "tmds_2_tb" "tmds_2_tb" 3 6;
 .timescale -9 -12;
v00000226ee3df6b0_0 .var "clk_in", 0 0;
v00000226ee3df4d0_0 .var "control_in", 1 0;
v00000226ee3df1b0_0 .var "data_in", 7 0;
v00000226ee3dfcf0_0 .var "rst_in", 0 0;
v00000226ee3df570_0 .net "tmds_out", 9 0, v00000226ee3df890_0;  1 drivers
v00000226ee3df250_0 .var "ve_in", 0 0;
S_00000226ee36bbe0 .scope begin, "$ivl_for_loop0" "$ivl_for_loop0" 3 39, 3 39 0, S_00000226ee36ba50;
 .timescale -9 -12;
v00000226ee36bd70_0 .var/2s "i", 31 0;
S_00000226ee332510 .scope begin, "$ivl_for_loop1" "$ivl_for_loop1" 3 62, 3 62 0, S_00000226ee36ba50;
 .timescale -9 -12;
v00000226ee36be10_0 .var/2s "i", 31 0;
S_00000226ee3326a0 .scope module, "uut" "tmds_encoder" 3 14, 4 1 0, S_00000226ee36ba50;
 .timescale -9 -12;
    .port_info 0 /INPUT 1 "clk_in";
    .port_info 1 /INPUT 1 "rst_in";
    .port_info 2 /INPUT 8 "data_in";
    .port_info 3 /INPUT 2 "control_in";
    .port_info 4 /INPUT 1 "ve_in";
    .port_info 5 /OUTPUT 10 "tmds_out";
v00000226ee3dec60_0 .net "clk_in", 0 0, v00000226ee3df6b0_0;  1 drivers
v00000226ee3ded00_0 .net "control_in", 1 0, v00000226ee3df4d0_0;  1 drivers
v00000226ee3deda0_0 .var "counter", 8 0;
v00000226ee3dee40_0 .net "data_in", 7 0, v00000226ee3df1b0_0;  1 drivers
v00000226ee3deee0_0 .net "q_m", 8 0, v00000226ee3de3b0_0;  1 drivers
v00000226ee3def80_0 .net "rst_in", 0 0, v00000226ee3dfcf0_0;  1 drivers
v00000226ee3df610_0 .var "tally", 4 0;
v00000226ee3df890_0 .var "tmds_out", 9 0;
v00000226ee3dfb10_0 .net "ve_in", 0 0, v00000226ee3df250_0;  1 drivers
E_00000226ee362be0 .event posedge, v00000226ee3dec60_0;
E_00000226ee362260/0 .event anyedge, v00000226ee3de3b0_0, v00000226ee3de3b0_0, v00000226ee3de3b0_0, v00000226ee3de3b0_0;
E_00000226ee362260/1 .event anyedge, v00000226ee3de3b0_0, v00000226ee3de3b0_0, v00000226ee3de3b0_0, v00000226ee3de3b0_0;
E_00000226ee362260 .event/or E_00000226ee362260/0, E_00000226ee362260/1;
S_00000226ee332830 .scope module, "mtm" "tm_choice" 4 12, 5 1 0, S_00000226ee3326a0;
 .timescale -9 -12;
    .port_info 0 /INPUT 8 "data_in";
    .port_info 1 /OUTPUT 9 "qm_out";
v00000226ee3de270_0 .var "counter", 7 0;
v00000226ee3de310_0 .net "data_in", 7 0, v00000226ee3df1b0_0;  alias, 1 drivers
v00000226ee3de3b0_0 .var "qm_out", 8 0;
E_00000226ee362e60 .event anyedge, v00000226ee3de310_0, v00000226ee3de310_0;
S_00000226ee364460 .scope begin, "$ivl_for_loop2" "$ivl_for_loop2" 5 10, 5 10 0, S_00000226ee332830;
 .timescale -9 -12;
v00000226ee3645f0_0 .var/2s "i", 31 0;
S_00000226ee364690 .scope begin, "$ivl_for_loop3" "$ivl_for_loop3" 5 16, 5 16 0, S_00000226ee332830;
 .timescale -9 -12;
v00000226ee364820_0 .var/2s "i", 31 0;
S_00000226ee3de040 .scope begin, "$ivl_for_loop4" "$ivl_for_loop4" 5 21, 5 21 0, S_00000226ee332830;
 .timescale -9 -12;
v00000226ee3de1d0_0 .var/2s "i", 31 0;
    .scope S_00000226ee332830;
T_0 ;
Ewait_0 .event/or E_00000226ee362e60, E_0x0;
    %wait Ewait_0;
    %load/vec4 v00000226ee3de310_0;
    %parti/s 1, 0, 2;
    %ix/load 4, 0, 0;
    %flag_set/imm 4, 0;
    %store/vec4 v00000226ee3de3b0_0, 4, 1;
    %pushi/vec4 0, 0, 8;
    %store/vec4 v00000226ee3de270_0, 0, 8;
    %fork t_1, S_00000226ee364460;
    %jmp t_0;
    .scope S_00000226ee364460;
t_1 ;
    %pushi/vec4 0, 0, 32;
    %store/vec4 v00000226ee3645f0_0, 0, 32;
T_0.0 ;
    %load/vec4 v00000226ee3645f0_0;
    %cmpi/s 8, 0, 32;
    %jmp/0xz T_0.1, 5;
    %load/vec4 v00000226ee3de310_0;
    %load/vec4 v00000226ee3645f0_0;
    %part/s 1;
    %pad/u 32;
    %cmpi/e 1, 0, 32;
    %jmp/0xz  T_0.2, 4;
    ; show_stmt_assign_vector: Get l-value for compressed += operand
    %load/vec4 v00000226ee3de270_0;
    %pushi/vec4 1, 0, 8;
    %add;
    %store/vec4 v00000226ee3de270_0, 0, 8;
T_0.2 ;
    ; show_stmt_assign_vector: Get l-value for compressed += operand
    %load/vec4 v00000226ee3645f0_0;
    %pushi/vec4 1, 0, 32;
    %add;
    %cast2;
    %store/vec4 v00000226ee3645f0_0, 0, 32;
    %jmp T_0.0;
T_0.1 ;
    %end;
    .scope S_00000226ee332830;
t_0 %join;
    %load/vec4 v00000226ee3de270_0;
    %pad/u 32;
    %cmpi/u 4, 0, 32;
    %flag_or 5, 4; GT is !LE
    %flag_inv 5;
    %jmp/1 T_0.6, 5;
    %flag_mov 8, 5;
    %load/vec4 v00000226ee3de270_0;
    %pad/u 32;
    %cmpi/e 4, 0, 32;
    %flag_get/vec4 4;
    %jmp/0 T_0.7, 4;
    %load/vec4 v00000226ee3de310_0;
    %parti/s 1, 0, 2;
    %pad/u 32;
    %pushi/vec4 0, 0, 32;
    %cmp/e;
    %flag_get/vec4 4;
    %and;
T_0.7;
    %flag_set/vec4 9;
    %flag_or 9, 8;
    %flag_mov 5, 9;
T_0.6;
    %jmp/0xz  T_0.4, 5;
    %fork t_3, S_00000226ee364690;
    %jmp t_2;
    .scope S_00000226ee364690;
t_3 ;
    %pushi/vec4 0, 0, 32;
    %store/vec4 v00000226ee364820_0, 0, 32;
T_0.8 ;
    %load/vec4 v00000226ee364820_0;
    %cmpi/s 8, 0, 32;
    %jmp/0xz T_0.9, 5;
    %load/vec4 v00000226ee3de310_0;
    %load/vec4 v00000226ee364820_0;
    %addi 1, 0, 32;
    %part/s 1;
    %load/vec4 v00000226ee3de3b0_0;
    %load/vec4 v00000226ee364820_0;
    %part/s 1;
    %xor;
    %inv;
    %load/vec4 v00000226ee364820_0;
    %addi 1, 0, 32;
    %ix/vec4/s 4;
    %store/vec4 v00000226ee3de3b0_0, 4, 1;
    ; show_stmt_assign_vector: Get l-value for compressed += operand
    %load/vec4 v00000226ee364820_0;
    %pushi/vec4 1, 0, 32;
    %add;
    %cast2;
    %store/vec4 v00000226ee364820_0, 0, 32;
    %jmp T_0.8;
T_0.9 ;
    %end;
    .scope S_00000226ee332830;
t_2 %join;
    %pushi/vec4 0, 0, 1;
    %ix/load 4, 8, 0;
    %flag_set/imm 4, 0;
    %store/vec4 v00000226ee3de3b0_0, 4, 1;
    %jmp T_0.5;
T_0.4 ;
    %fork t_5, S_00000226ee3de040;
    %jmp t_4;
    .scope S_00000226ee3de040;
t_5 ;
    %pushi/vec4 0, 0, 32;
    %store/vec4 v00000226ee3de1d0_0, 0, 32;
T_0.10 ;
    %load/vec4 v00000226ee3de1d0_0;
    %cmpi/s 8, 0, 32;
    %jmp/0xz T_0.11, 5;
    %load/vec4 v00000226ee3de310_0;
    %load/vec4 v00000226ee3de1d0_0;
    %addi 1, 0, 32;
    %part/s 1;
    %load/vec4 v00000226ee3de3b0_0;
    %load/vec4 v00000226ee3de1d0_0;
    %part/s 1;
    %xor;
    %load/vec4 v00000226ee3de1d0_0;
    %addi 1, 0, 32;
    %ix/vec4/s 4;
    %store/vec4 v00000226ee3de3b0_0, 4, 1;
    ; show_stmt_assign_vector: Get l-value for compressed += operand
    %load/vec4 v00000226ee3de1d0_0;
    %pushi/vec4 1, 0, 32;
    %add;
    %cast2;
    %store/vec4 v00000226ee3de1d0_0, 0, 32;
    %jmp T_0.10;
T_0.11 ;
    %end;
    .scope S_00000226ee332830;
t_4 %join;
    %pushi/vec4 1, 0, 1;
    %ix/load 4, 8, 0;
    %flag_set/imm 4, 0;
    %store/vec4 v00000226ee3de3b0_0, 4, 1;
T_0.5 ;
    %jmp T_0;
    .thread T_0, $push;
    .scope S_00000226ee3326a0;
T_1 ;
Ewait_1 .event/or E_00000226ee362260, E_0x0;
    %wait Ewait_1;
    %load/vec4 v00000226ee3deee0_0;
    %parti/s 1, 0, 2;
    %pad/u 9;
    %load/vec4 v00000226ee3deee0_0;
    %parti/s 1, 1, 2;
    %pad/u 9;
    %add;
    %load/vec4 v00000226ee3deee0_0;
    %parti/s 1, 2, 3;
    %pad/u 9;
    %add;
    %load/vec4 v00000226ee3deee0_0;
    %parti/s 1, 3, 3;
    %pad/u 9;
    %add;
    %load/vec4 v00000226ee3deee0_0;
    %parti/s 1, 4, 4;
    %pad/u 9;
    %add;
    %load/vec4 v00000226ee3deee0_0;
    %parti/s 1, 5, 4;
    %pad/u 9;
    %add;
    %load/vec4 v00000226ee3deee0_0;
    %parti/s 1, 6, 4;
    %pad/u 9;
    %add;
    %load/vec4 v00000226ee3deee0_0;
    %parti/s 1, 7, 4;
    %pad/u 9;
    %add;
    %store/vec4 v00000226ee3deda0_0, 0, 9;
    %jmp T_1;
    .thread T_1, $push;
    .scope S_00000226ee3326a0;
T_2 ;
    %wait E_00000226ee362be0;
    %load/vec4 v00000226ee3def80_0;
    %flag_set/vec4 8;
    %jmp/0xz  T_2.0, 8;
    %pushi/vec4 0, 0, 5;
    %assign/vec4 v00000226ee3df610_0, 0;
    %pushi/vec4 0, 0, 10;
    %assign/vec4 v00000226ee3df890_0, 0;
    %jmp T_2.1;
T_2.0 ;
    %load/vec4 v00000226ee3dfb10_0;
    %flag_set/vec4 8;
    %jmp/0xz  T_2.2, 8;
    %load/vec4 v00000226ee3df610_0;
    %pad/u 32;
    %cmpi/e 0, 0, 32;
    %jmp/1 T_2.6, 4;
    %flag_mov 8, 4;
    %load/vec4 v00000226ee3deda0_0;
    %pad/u 32;
    %pushi/vec4 8, 0, 32;
    %load/vec4 v00000226ee3deda0_0;
    %pad/u 32;
    %sub;
    %cmp/e;
    %flag_or 4, 8;
T_2.6;
    %jmp/0xz  T_2.4, 4;
    %load/vec4 v00000226ee3deee0_0;
    %parti/s 1, 8, 5;
    %inv;
    %ix/load 4, 9, 0;
    %ix/load 5, 0, 0;
    %flag_set/imm 4, 0;
    %assign/vec4/off/d v00000226ee3df890_0, 4, 5;
    %load/vec4 v00000226ee3deee0_0;
    %parti/s 1, 8, 5;
    %ix/load 4, 8, 0;
    %ix/load 5, 0, 0;
    %flag_set/imm 4, 0;
    %assign/vec4/off/d v00000226ee3df890_0, 4, 5;
    %load/vec4 v00000226ee3deee0_0;
    %parti/s 1, 8, 5;
    %flag_set/vec4 8;
    %jmp/0 T_2.7, 8;
    %load/vec4 v00000226ee3deee0_0;
    %parti/s 8, 0, 2;
    %jmp/1 T_2.8, 8;
T_2.7 ; End of true expr.
    %load/vec4 v00000226ee3deee0_0;
    %parti/s 8, 0, 2;
    %inv;
    %jmp/0 T_2.8, 8;
 ; End of false expr.
    %blend;
T_2.8;
    %ix/load 4, 0, 0;
    %ix/load 5, 0, 0;
    %flag_set/imm 4, 0;
    %assign/vec4/off/d v00000226ee3df890_0, 4, 5;
    %load/vec4 v00000226ee3deee0_0;
    %parti/s 1, 8, 5;
    %pad/u 32;
    %cmpi/e 0, 0, 32;
    %jmp/0xz  T_2.9, 4;
    %load/vec4 v00000226ee3df610_0;
    %pad/u 9;
    %pushi/vec4 8, 0, 9;
    %load/vec4 v00000226ee3deda0_0;
    %sub;
    %load/vec4 v00000226ee3deda0_0;
    %sub;
    %add;
    %pad/u 5;
    %assign/vec4 v00000226ee3df610_0, 0;
    %jmp T_2.10;
T_2.9 ;
    %load/vec4 v00000226ee3df610_0;
    %pad/u 9;
    %load/vec4 v00000226ee3deda0_0;
    %pushi/vec4 8, 0, 9;
    %load/vec4 v00000226ee3deda0_0;
    %sub;
    %sub;
    %add;
    %pad/u 5;
    %assign/vec4 v00000226ee3df610_0, 0;
T_2.10 ;
    %jmp T_2.5;
T_2.4 ;
    %load/vec4 v00000226ee3df610_0;
    %parti/s 1, 4, 4;
    %pad/u 32;
    %cmpi/e 0, 0, 32;
    %flag_get/vec4 4;
    %jmp/0 T_2.14, 4;
    %pushi/vec4 8, 0, 32;
    %load/vec4 v00000226ee3deda0_0;
    %pad/u 32;
    %sub;
    %load/vec4 v00000226ee3deda0_0;
    %pad/u 32;
    %cmp/u;
    %flag_get/vec4 5;
    %and;
T_2.14;
    %flag_set/vec4 8;
    %jmp/1 T_2.13, 8;
    %load/vec4 v00000226ee3df610_0;
    %parti/s 1, 4, 4;
    %pad/u 32;
    %cmpi/u 0, 0, 32;
    %flag_or 5, 4; GT is !LE
    %flag_inv 5;
    %flag_get/vec4 5;
    %jmp/0 T_2.15, 5;
    %load/vec4 v00000226ee3deda0_0;
    %pad/u 32;
    %pushi/vec4 8, 0, 32;
    %load/vec4 v00000226ee3deda0_0;
    %pad/u 32;
    %sub;
    %cmp/u;
    %flag_get/vec4 5;
    %and;
T_2.15;
    %flag_set/vec4 9;
    %flag_or 8, 9;
T_2.13;
    %jmp/0xz  T_2.11, 8;
    %pushi/vec4 1, 0, 1;
    %ix/load 4, 9, 0;
    %ix/load 5, 0, 0;
    %flag_set/imm 4, 0;
    %assign/vec4/off/d v00000226ee3df890_0, 4, 5;
    %load/vec4 v00000226ee3deee0_0;
    %parti/s 1, 8, 5;
    %ix/load 4, 8, 0;
    %ix/load 5, 0, 0;
    %flag_set/imm 4, 0;
    %assign/vec4/off/d v00000226ee3df890_0, 4, 5;
    %load/vec4 v00000226ee3deee0_0;
    %parti/s 8, 0, 2;
    %inv;
    %ix/load 4, 0, 0;
    %ix/load 5, 0, 0;
    %flag_set/imm 4, 0;
    %assign/vec4/off/d v00000226ee3df890_0, 4, 5;
    %load/vec4 v00000226ee3df610_0;
    %pad/u 9;
    %load/vec4 v00000226ee3deee0_0;
    %parti/s 1, 8, 5;
    %concati/vec4 0, 0, 1;
    %pad/u 9;
    %add;
    %pushi/vec4 8, 0, 9;
    %load/vec4 v00000226ee3deda0_0;
    %sub;
    %load/vec4 v00000226ee3deda0_0;
    %sub;
    %add;
    %pad/u 5;
    %assign/vec4 v00000226ee3df610_0, 0;
    %jmp T_2.12;
T_2.11 ;
    %pushi/vec4 0, 0, 1;
    %ix/load 4, 9, 0;
    %ix/load 5, 0, 0;
    %flag_set/imm 4, 0;
    %assign/vec4/off/d v00000226ee3df890_0, 4, 5;
    %load/vec4 v00000226ee3deee0_0;
    %parti/s 1, 8, 5;
    %ix/load 4, 8, 0;
    %ix/load 5, 0, 0;
    %flag_set/imm 4, 0;
    %assign/vec4/off/d v00000226ee3df890_0, 4, 5;
    %load/vec4 v00000226ee3deee0_0;
    %parti/s 8, 0, 2;
    %ix/load 4, 0, 0;
    %ix/load 5, 0, 0;
    %flag_set/imm 4, 0;
    %assign/vec4/off/d v00000226ee3df890_0, 4, 5;
    %load/vec4 v00000226ee3df610_0;
    %pad/u 9;
    %load/vec4 v00000226ee3deee0_0;
    %parti/s 1, 8, 5;
    %inv;
    %concati/vec4 0, 0, 1;
    %pad/u 9;
    %sub;
    %load/vec4 v00000226ee3deda0_0;
    %pushi/vec4 8, 0, 9;
    %load/vec4 v00000226ee3deda0_0;
    %sub;
    %sub;
    %add;
    %pad/u 5;
    %assign/vec4 v00000226ee3df610_0, 0;
T_2.12 ;
T_2.5 ;
    %jmp T_2.3;
T_2.2 ;
    %load/vec4 v00000226ee3dfb10_0;
    %pad/u 32;
    %cmpi/e 0, 0, 32;
    %jmp/0xz  T_2.16, 4;
    %pushi/vec4 0, 0, 5;
    %assign/vec4 v00000226ee3df610_0, 0;
    %load/vec4 v00000226ee3ded00_0;
    %cmpi/e 0, 0, 2;
    %jmp/0xz  T_2.18, 4;
    %pushi/vec4 852, 0, 10;
    %assign/vec4 v00000226ee3df890_0, 0;
    %jmp T_2.19;
T_2.18 ;
    %load/vec4 v00000226ee3ded00_0;
    %cmpi/e 1, 0, 2;
    %jmp/0xz  T_2.20, 4;
    %pushi/vec4 171, 0, 10;
    %assign/vec4 v00000226ee3df890_0, 0;
    %jmp T_2.21;
T_2.20 ;
    %load/vec4 v00000226ee3ded00_0;
    %cmpi/e 2, 0, 2;
    %jmp/0xz  T_2.22, 4;
    %pushi/vec4 340, 0, 10;
    %assign/vec4 v00000226ee3df890_0, 0;
    %jmp T_2.23;
T_2.22 ;
    %load/vec4 v00000226ee3ded00_0;
    %cmpi/e 3, 0, 2;
    %jmp/0xz  T_2.24, 4;
    %pushi/vec4 683, 0, 10;
    %assign/vec4 v00000226ee3df890_0, 0;
T_2.24 ;
T_2.23 ;
T_2.21 ;
T_2.19 ;
T_2.16 ;
T_2.3 ;
T_2.1 ;
    %jmp T_2;
    .thread T_2;
    .scope S_00000226ee36ba50;
T_3 ;
    %delay 5000, 0;
    %load/vec4 v00000226ee3df6b0_0;
    %nor/r;
    %store/vec4 v00000226ee3df6b0_0, 0, 1;
    %jmp T_3;
    .thread T_3;
    .scope S_00000226ee36ba50;
T_4 ;
    %vpi_call/w 3 29 "$dumpfile", "tmds_2_tb.vcd" {0 0 0};
    %vpi_call/w 3 30 "$dumpvars", 32'sb00000000000000000000000000000000, S_00000226ee36ba50 {0 0 0};
    %vpi_call/w 3 31 "$display", "Starting Sim" {0 0 0};
    %pushi/vec4 0, 0, 1;
    %store/vec4 v00000226ee3df6b0_0, 0, 1;
    %pushi/vec4 1, 0, 1;
    %store/vec4 v00000226ee3dfcf0_0, 0, 1;
    %pushi/vec4 0, 0, 2;
    %store/vec4 v00000226ee3df4d0_0, 0, 2;
    %pushi/vec4 1, 0, 1;
    %store/vec4 v00000226ee3df250_0, 0, 1;
    %pushi/vec4 0, 0, 8;
    %store/vec4 v00000226ee3df1b0_0, 0, 8;
    %delay 10000, 0;
    %pushi/vec4 0, 0, 1;
    %store/vec4 v00000226ee3dfcf0_0, 0, 1;
    %fork t_7, S_00000226ee36bbe0;
    %jmp t_6;
    .scope S_00000226ee36bbe0;
t_7 ;
    %pushi/vec4 0, 0, 32;
    %store/vec4 v00000226ee36bd70_0, 0, 32;
T_4.0 ;
    %load/vec4 v00000226ee36bd70_0;
    %cmpi/s 1024, 0, 32;
    %jmp/0xz T_4.1, 5;
    %load/vec4 v00000226ee36bd70_0;
    %pad/s 8;
    %store/vec4 v00000226ee3df1b0_0, 0, 8;
    %delay 10000, 0;
    %load/vec4 v00000226ee36bd70_0;
    %addi 1, 0, 32;
    %cast2;
    %store/vec4 v00000226ee36bd70_0, 0, 32;
    %jmp T_4.0;
T_4.1 ;
    %end;
    .scope S_00000226ee36ba50;
t_6 %join;
    %pushi/vec4 0, 0, 2;
    %store/vec4 v00000226ee3df4d0_0, 0, 2;
    %delay 100000, 0;
    %pushi/vec4 1, 0, 2;
    %store/vec4 v00000226ee3df4d0_0, 0, 2;
    %delay 100000, 0;
    %pushi/vec4 2, 0, 2;
    %store/vec4 v00000226ee3df4d0_0, 0, 2;
    %delay 100000, 0;
    %pushi/vec4 3, 0, 2;
    %store/vec4 v00000226ee3df4d0_0, 0, 2;
    %delay 100000, 0;
    %pushi/vec4 0, 0, 1;
    %store/vec4 v00000226ee3df250_0, 0, 1;
    %pushi/vec4 0, 0, 2;
    %store/vec4 v00000226ee3df4d0_0, 0, 2;
    %delay 100000, 0;
    %pushi/vec4 1, 0, 2;
    %store/vec4 v00000226ee3df4d0_0, 0, 2;
    %delay 100000, 0;
    %pushi/vec4 2, 0, 2;
    %store/vec4 v00000226ee3df4d0_0, 0, 2;
    %delay 100000, 0;
    %pushi/vec4 3, 0, 2;
    %store/vec4 v00000226ee3df4d0_0, 0, 2;
    %delay 100000, 0;
    %pushi/vec4 1, 0, 1;
    %store/vec4 v00000226ee3df250_0, 0, 1;
    %delay 10000, 0;
    %fork t_9, S_00000226ee332510;
    %jmp t_8;
    .scope S_00000226ee332510;
t_9 ;
    %pushi/vec4 0, 0, 32;
    %store/vec4 v00000226ee36be10_0, 0, 32;
T_4.2 ;
    %load/vec4 v00000226ee36be10_0;
    %cmpi/s 1024, 0, 32;
    %jmp/0xz T_4.3, 5;
    %pushi/vec4 255, 0, 32;
    %load/vec4 v00000226ee36be10_0;
    %sub;
    %pad/s 8;
    %store/vec4 v00000226ee3df1b0_0, 0, 8;
    %delay 10000, 0;
    %load/vec4 v00000226ee36be10_0;
    %addi 1, 0, 32;
    %cast2;
    %store/vec4 v00000226ee36be10_0, 0, 32;
    %jmp T_4.2;
T_4.3 ;
    %end;
    .scope S_00000226ee36ba50;
t_8 %join;
    %delay 500000, 0;
    %vpi_call/w 3 67 "$display", "Finishing Sim" {0 0 0};
    %vpi_call/w 3 68 "$finish" {0 0 0};
    %end;
    .thread T_4;
# The file index is used to find the file name in the following table.
:file_names 6;
    "N/A";
    "<interactive>";
    "-";
    "sim/tmds_2_tb.sv";
    "hdl/tmds_encoder.sv";
    "hdl/tm_choice.sv";
