Copyright 1986-2022 Xilinx, Inc. All Rights Reserved. Copyright 2022-2023 Advanced Micro Devices, Inc. All Rights Reserved.
---------------------------------------------------------------------------------------------------------------------------------------------
| Tool Version : Vivado v.2023.1 (win64) Build 3865809 Sun May  7 15:05:29 MDT 2023
| Date         : Wed Nov  1 21:29:52 2023
| Host         : DESKTOP-M3QN9GM running 64-bit major release  (build 9200)
| Command      : report_timing_summary -file obj/post_place_timing_summary.rpt
| Design       : top_level
| Device       : 7s50-csga324
| Speed File   : -1  PRODUCTION 1.23 2018-06-13
| Design State : Fully Placed
---------------------------------------------------------------------------------------------------------------------------------------------

Timing Summary Report

------------------------------------------------------------------------------------------------
| Timer Settings
| --------------
------------------------------------------------------------------------------------------------

  Enable Multi Corner Analysis               :  Yes
  Enable Pessimism Removal                   :  Yes
  Pessimism Removal Resolution               :  Nearest Common Node
  Enable Input Delay Default Clock           :  No
  Enable Preset / Clear Arcs                 :  No
  Disable Flight Delays                      :  No
  Ignore I/O Paths                           :  No
  Timing Early Launch at Borrowing Latches   :  No
  Borrow Time for Max Delay Exceptions       :  Yes
  Merge Timing Exceptions                    :  Yes

  Corner  Analyze    Analyze    
  Name    Max Paths  Min Paths  
  ------  ---------  ---------  
  Slow    Yes        Yes        
  Fast    Yes        Yes        


------------------------------------------------------------------------------------------------
| Report Methodology
| ------------------
------------------------------------------------------------------------------------------------

No report available as report_methodology has not been run prior. Run report_methodology on the current design for the summary of methodology violations.



check_timing report

Table of Contents
-----------------
1. checking no_clock (0)
2. checking constant_clock (0)
3. checking pulse_width_clock (0)
4. checking unconstrained_internal_endpoints (0)
5. checking no_input_delay (2)
6. checking no_output_delay (1)
7. checking multiple_clock (0)
8. checking generated_clocks (0)
9. checking loops (0)
10. checking partial_input_delay (0)
11. checking partial_output_delay (0)
12. checking latch_loops (0)

1. checking no_clock (0)
------------------------
 There are 0 register/latch pins with no clock.


2. checking constant_clock (0)
------------------------------
 There are 0 register/latch pins with constant_clock.


3. checking pulse_width_clock (0)
---------------------------------
 There are 0 register/latch pins which need pulse_width check


4. checking unconstrained_internal_endpoints (0)
------------------------------------------------
 There are 0 pins that are not constrained for maximum delay.

 There are 0 pins that are not constrained for maximum delay due to constant clock.


5. checking no_input_delay (2)
------------------------------
 There are 2 input ports with no input delay specified. (HIGH)

 There are 0 input ports with no input delay but user has a false path constraint.


6. checking no_output_delay (1)
-------------------------------
 There is 1 port with no output delay specified. (HIGH)

 There are 0 ports with no output delay but user has a false path constraint

 There are 0 ports with no output delay but with a timing clock defined on it or propagating through it


7. checking multiple_clock (0)
------------------------------
 There are 0 register/latch pins with multiple clocks.


8. checking generated_clocks (0)
--------------------------------
 There are 0 generated clocks that are not connected to a clock source.


9. checking loops (0)
---------------------
 There are 0 combinational loops in the design.


10. checking partial_input_delay (0)
------------------------------------
 There are 0 input ports with partial input delay specified.


11. checking partial_output_delay (0)
-------------------------------------
 There are 0 ports with partial output delay specified.


12. checking latch_loops (0)
----------------------------
 There are 0 combinational latch loops in the design through latch input



------------------------------------------------------------------------------------------------
| Design Timing Summary
| ---------------------
------------------------------------------------------------------------------------------------

    WNS(ns)      TNS(ns)  TNS Failing Endpoints  TNS Total Endpoints      WHS(ns)      THS(ns)  THS Failing Endpoints  THS Total Endpoints     WPWS(ns)     TPWS(ns)  TPWS Failing Endpoints  TPWS Total Endpoints  
    -------      -------  ---------------------  -------------------      -------      -------  ---------------------  -------------------     --------     --------  ----------------------  --------------------  
      4.164        0.000                      0                 5032       -0.058       -0.348                     15                 5032        3.020        0.000                       0                  2353  


Timing constraints are not met.


------------------------------------------------------------------------------------------------
| Clock Summary
| -------------
------------------------------------------------------------------------------------------------

Clock  Waveform(ns)       Period(ns)      Frequency(MHz)
-----  ------------       ----------      --------------
gclk   {0.000 4.000}      10.000          100.000         


------------------------------------------------------------------------------------------------
| Intra Clock Table
| -----------------
------------------------------------------------------------------------------------------------

Clock             WNS(ns)      TNS(ns)  TNS Failing Endpoints  TNS Total Endpoints      WHS(ns)      THS(ns)  THS Failing Endpoints  THS Total Endpoints     WPWS(ns)     TPWS(ns)  TPWS Failing Endpoints  TPWS Total Endpoints  
-----             -------      -------  ---------------------  -------------------      -------      -------  ---------------------  -------------------     --------     --------  ----------------------  --------------------  
gclk                4.164        0.000                      0                 5032       -0.058       -0.348                     15                 5032        3.020        0.000                       0                  2353  


------------------------------------------------------------------------------------------------
| Inter Clock Table
| -----------------
------------------------------------------------------------------------------------------------

From Clock    To Clock          WNS(ns)      TNS(ns)  TNS Failing Endpoints  TNS Total Endpoints      WHS(ns)      THS(ns)  THS Failing Endpoints  THS Total Endpoints  
----------    --------          -------      -------  ---------------------  -------------------      -------      -------  ---------------------  -------------------  


------------------------------------------------------------------------------------------------
| Other Path Groups Table
| -----------------------
------------------------------------------------------------------------------------------------

Path Group    From Clock    To Clock          WNS(ns)      TNS(ns)  TNS Failing Endpoints  TNS Total Endpoints      WHS(ns)      THS(ns)  THS Failing Endpoints  THS Total Endpoints  
----------    ----------    --------          -------      -------  ---------------------  -------------------      -------      -------  ---------------------  -------------------  


------------------------------------------------------------------------------------------------
| Timing Details
| --------------
------------------------------------------------------------------------------------------------


---------------------------------------------------------------------------------------------------
From Clock:  gclk
  To Clock:  gclk

Setup :            0  Failing Endpoints,  Worst Slack        4.164ns,  Total Violation        0.000ns
Hold  :           15  Failing Endpoints,  Worst Slack       -0.058ns,  Total Violation       -0.348ns
PW    :            0  Failing Endpoints,  Worst Slack        3.020ns,  Total Violation        0.000ns
---------------------------------------------------------------------------------------------------


Max Delay Paths
--------------------------------------------------------------------------------------
Slack (MET) :             4.164ns  (required time - arrival time)
  Source:                 divider_inst/dividend_reg[14]/C
                            (rising edge-triggered cell FDRE clocked by gclk  {rise@0.000ns fall@4.000ns period=10.000ns})
  Destination:            divider_inst/dividend_reg[10]/CE
                            (rising edge-triggered cell FDRE clocked by gclk  {rise@0.000ns fall@4.000ns period=10.000ns})
  Path Group:             gclk
  Path Type:              Setup (Max at Slow Process Corner)
  Requirement:            10.000ns  (gclk rise@10.000ns - gclk rise@0.000ns)
  Data Path Delay:        5.363ns  (logic 0.980ns (18.273%)  route 4.383ns (81.727%))
  Logic Levels:           4  (LUT3=1 LUT4=1 LUT6=2)
  Clock Path Skew:        -0.025ns (DCD - SCD + CPR)
    Destination Clock Delay (DCD):    4.854ns = ( 14.854 - 10.000 ) 
    Source Clock Delay      (SCD):    5.144ns
    Clock Pessimism Removal (CPR):    0.266ns
  Clock Uncertainty:      0.035ns  ((TSJ^2 + TIJ^2)^1/2 + DJ) / 2 + PE
    Total System Jitter     (TSJ):    0.071ns
    Total Input Jitter      (TIJ):    0.000ns
    Discrete Jitter          (DJ):    0.000ns
    Phase Error              (PE):    0.000ns

    Location             Delay type                Incr(ns)  Path(ns)    Netlist Resource(s)
  -------------------------------------------------------------------    -------------------
                         (clock gclk rise edge)       0.000     0.000 r  
    N15                                               0.000     0.000 r  clk_100mhz (IN)
                         net (fo=0)                   0.000     0.000    clk_100mhz
    N15                  IBUF (Prop_ibuf_I_O)         1.440     1.440 r  clk_100mhz_IBUF_inst/O
                         net (fo=1, estimated)        1.972     3.412    clk_100mhz_IBUF
    BUFGCTRL_X0Y0        BUFG (Prop_bufg_I_O)         0.096     3.508 r  clk_100mhz_IBUF_BUFG_inst/O
                         net (fo=2352, estimated)     1.636     5.144    divider_inst/clk_100mhz_IBUF_BUFG
    SLICE_X4Y42          FDRE                                         r  divider_inst/dividend_reg[14]/C
  -------------------------------------------------------------------    -------------------
    SLICE_X4Y42          FDRE (Prop_fdre_C_Q)         0.456     5.600 r  divider_inst/dividend_reg[14]/Q
                         net (fo=6, estimated)        0.993     6.593    divider_inst/dividend[14]
    SLICE_X3Y44          LUT4 (Prop_lut4_I0_O)        0.124     6.717 r  divider_inst/quotient[0]_i_8/O
                         net (fo=1, estimated)        0.953     7.670    divider_inst/quotient[0]_i_8_n_0
    SLICE_X2Y46          LUT6 (Prop_lut6_I0_O)        0.124     7.794 r  divider_inst/quotient[0]_i_3/O
                         net (fo=1, estimated)        0.940     8.734    divider_inst/quotient[0]_i_3_n_0
    SLICE_X1Y44          LUT6 (Prop_lut6_I1_O)        0.124     8.858 r  divider_inst/quotient[0]_i_1/O
                         net (fo=34, estimated)       0.716     9.574    divider_inst/quotient[0]_i_1_n_0
    SLICE_X3Y45          LUT3 (Prop_lut3_I2_O)        0.152     9.726 r  divider_inst/dividend[31]_i_1/O
                         net (fo=32, estimated)       0.781    10.507    divider_inst/dividend[31]_i_1_n_0
    SLICE_X4Y41          FDRE                                         r  divider_inst/dividend_reg[10]/CE
  -------------------------------------------------------------------    -------------------

                         (clock gclk rise edge)      10.000    10.000 r  
    N15                                               0.000    10.000 r  clk_100mhz (IN)
                         net (fo=0)                   0.000    10.000    clk_100mhz
    N15                  IBUF (Prop_ibuf_I_O)         1.370    11.370 r  clk_100mhz_IBUF_inst/O
                         net (fo=1, estimated)        1.873    13.244    clk_100mhz_IBUF
    BUFGCTRL_X0Y0        BUFG (Prop_bufg_I_O)         0.091    13.335 r  clk_100mhz_IBUF_BUFG_inst/O
                         net (fo=2352, estimated)     1.519    14.854    divider_inst/clk_100mhz_IBUF_BUFG
    SLICE_X4Y41          FDRE                                         r  divider_inst/dividend_reg[10]/C
                         clock pessimism              0.266    15.119    
                         clock uncertainty           -0.035    15.084    
    SLICE_X4Y41          FDRE (Setup_fdre_C_CE)      -0.413    14.671    divider_inst/dividend_reg[10]
  -------------------------------------------------------------------
                         required time                         14.671    
                         arrival time                         -10.507    
  -------------------------------------------------------------------
                         slack                                  4.164    





Min Delay Paths
--------------------------------------------------------------------------------------
Slack (VIOLATED) :        -0.058ns  (arrival time - required time)
  Source:                 inverse/inst/i_synth/RECIP_OP.OP/i_sp_or_dp.evaluation/ma3/dsp_ls_adder.c_delay_balance/i_pipe/opt_has_pipe.first_q_reg[19]/C
                            (rising edge-triggered cell FDRE clocked by gclk  {rise@0.000ns fall@4.000ns period=10.000ns})
  Destination:            inverse/inst/i_synth/RECIP_OP.OP/i_sp_or_dp.evaluation/ma3/dsp_ls_adder.use_dsp_wrapper.use_dsp48e1.dsp48e1_multadd/i_no_versal_es1_workaround.DSP/C[19]
                            (rising edge-triggered cell DSP48E1 clocked by gclk  {rise@0.000ns fall@4.000ns period=10.000ns})
  Path Group:             gclk
  Path Type:              Hold (Min at Fast Process Corner)
  Requirement:            0.000ns  (gclk rise@0.000ns - gclk rise@0.000ns)
  Data Path Delay:        0.405ns  (logic 0.141ns (34.826%)  route 0.264ns (65.174%))
  Logic Levels:           0  
  Clock Path Skew:        0.367ns (DCD - SCD - CPR)
    Destination Clock Delay (DCD):    2.228ns
    Source Clock Delay      (SCD):    1.627ns
    Clock Pessimism Removal (CPR):    0.234ns

    Location             Delay type                Incr(ns)  Path(ns)    Netlist Resource(s)
  -------------------------------------------------------------------    -------------------
                         (clock gclk rise edge)       0.000     0.000 r  
    N15                                               0.000     0.000 r  clk_100mhz (IN)
                         net (fo=0)                   0.000     0.000    clk_100mhz
    N15                  IBUF (Prop_ibuf_I_O)         0.209     0.209 r  clk_100mhz_IBUF_inst/O
                         net (fo=1, estimated)        0.831     1.040    clk_100mhz_IBUF
    BUFGCTRL_X0Y0        BUFG (Prop_bufg_I_O)         0.026     1.066 r  clk_100mhz_IBUF_BUFG_inst/O
                         net (fo=2352, estimated)     0.561     1.627    inverse/inst/i_synth/RECIP_OP.OP/i_sp_or_dp.evaluation/ma3/dsp_ls_adder.c_delay_balance/i_pipe/aclk
    SLICE_X11Y54         FDRE                                         r  inverse/inst/i_synth/RECIP_OP.OP/i_sp_or_dp.evaluation/ma3/dsp_ls_adder.c_delay_balance/i_pipe/opt_has_pipe.first_q_reg[19]/C
  -------------------------------------------------------------------    -------------------
    SLICE_X11Y54         FDRE (Prop_fdre_C_Q)         0.141     1.768 r  inverse/inst/i_synth/RECIP_OP.OP/i_sp_or_dp.evaluation/ma3/dsp_ls_adder.c_delay_balance/i_pipe/opt_has_pipe.first_q_reg[19]/Q
                         net (fo=1, estimated)        0.264     2.032    inverse/inst/i_synth/RECIP_OP.OP/i_sp_or_dp.evaluation/ma3/dsp_ls_adder.use_dsp_wrapper.use_dsp48e1.dsp48e1_multadd/Q[17]
    DSP48_X0Y19          DSP48E1                                      r  inverse/inst/i_synth/RECIP_OP.OP/i_sp_or_dp.evaluation/ma3/dsp_ls_adder.use_dsp_wrapper.use_dsp48e1.dsp48e1_multadd/i_no_versal_es1_workaround.DSP/C[19]
  -------------------------------------------------------------------    -------------------

                         (clock gclk rise edge)       0.000     0.000 r  
    N15                                               0.000     0.000 r  clk_100mhz (IN)
                         net (fo=0)                   0.000     0.000    clk_100mhz
    N15                  IBUF (Prop_ibuf_I_O)         0.396     0.396 r  clk_100mhz_IBUF_inst/O
                         net (fo=1, estimated)        0.875     1.271    clk_100mhz_IBUF
    BUFGCTRL_X0Y0        BUFG (Prop_bufg_I_O)         0.029     1.300 r  clk_100mhz_IBUF_BUFG_inst/O
                         net (fo=2352, estimated)     0.928     2.228    inverse/inst/i_synth/RECIP_OP.OP/i_sp_or_dp.evaluation/ma3/dsp_ls_adder.use_dsp_wrapper.use_dsp48e1.dsp48e1_multadd/aclk
    DSP48_X0Y19          DSP48E1                                      r  inverse/inst/i_synth/RECIP_OP.OP/i_sp_or_dp.evaluation/ma3/dsp_ls_adder.use_dsp_wrapper.use_dsp48e1.dsp48e1_multadd/i_no_versal_es1_workaround.DSP/CLK
                         clock pessimism             -0.234     1.993    
    DSP48_X0Y19          DSP48E1 (Hold_dsp48e1_CLK_C[19])
                                                      0.096     2.089    inverse/inst/i_synth/RECIP_OP.OP/i_sp_or_dp.evaluation/ma3/dsp_ls_adder.use_dsp_wrapper.use_dsp48e1.dsp48e1_multadd/i_no_versal_es1_workaround.DSP
  -------------------------------------------------------------------
                         required time                         -2.089    
                         arrival time                           2.032    
  -------------------------------------------------------------------
                         slack                                 -0.058    





Pulse Width Checks
--------------------------------------------------------------------------------------
Clock Name:         gclk
Waveform(ns):       { 0.000 4.000 }
Period(ns):         10.000
Sources:            { clk_100mhz }

Check Type        Corner  Lib Pin      Reference Pin  Required(ns)  Actual(ns)  Slack(ns)  Location      Pin
Min Period        n/a     DSP48E1/CLK  n/a            2.545         10.000      7.455      DSP48_X0Y9    add/inst/i_synth/ADDSUB_OP.ADDSUB/DSP.OP/DSP48E1_BODY.ALIGN_ADD/DSP2/i_no_versal_es1_workaround.DSP/CLK
Low Pulse Width   Slow    SRL16E/CLK   n/a            0.980         6.000       5.020      SLICE_X12Y22  add/inst/i_synth/ADDSUB_OP.ADDSUB/DSP.OP/DSP48E1_BODY.ALIGN_ADD/Z_14_LZD_DELAY/i_pipe/opt_has_pipe.i_pipe[2].pipe_reg[2][0]_srl2/CLK
High Pulse Width  Slow    SRL16E/CLK   n/a            0.980         4.000       3.020      SLICE_X12Y22  add/inst/i_synth/ADDSUB_OP.ADDSUB/DSP.OP/DSP48E1_BODY.ALIGN_ADD/Z_14_LZD_DELAY/i_pipe/opt_has_pipe.i_pipe[2].pipe_reg[2][0]_srl2/CLK



