#-----------------------------------------------------------
# Vivado v2023.1 (64-bit)
# SW Build 3865809 on Sun May  7 15:05:29 MDT 2023
# IP Build 3864474 on Sun May  7 20:36:21 MDT 2023
# SharedData Build 3865790 on Sun May 07 13:33:03 MDT 2023
# Start of session at: Thu Oct  5 19:47:55 2023
# Process ID: 23012
# Current directory: C:/Users/Cesar/Desktop/6.2050/Lab 4
# Command line: vivado.exe -mode batch -source build.tcl
# Log file: C:/Users/Cesar/Desktop/6.2050/Lab 4/vivado.log
# Journal file: C:/Users/Cesar/Desktop/6.2050/Lab 4\vivado.jou
# Running On: DESKTOP-M3QN9GM, OS: Windows, CPU Frequency: 2803 MHz, CPU Physical cores: 4, Host memory: 34056 MB
#-----------------------------------------------------------
source build.tcl
# set partNum xc7s50csga324-1
# set outputDir obj
# file mkdir $outputDir
# set files [glob -nocomplain "$outputDir/*"]
# if {[llength $files] != 0} {
#     # clear folder contents
#     puts "deleting contents of $outputDir"
#     file delete -force {*}[glob -directory $outputDir *];
# } else {
#     puts "$outputDir is empty"
# }
obj is empty
# read_verilog -sv [ glob ./hdl/*.sv ]
read_verilog: Time (s): cpu = 00:00:05 ; elapsed = 00:00:08 . Memory (MB): peak = 1460.590 ; gain = 161.180
# read_verilog  [ glob ./hdl/*.v ]
# read_xdc ./xdc/top_level.xdc
# set_part $partNum
INFO: [Coretcl 2-1500] The part has been set to 'xc7s50csga324-1' for the current project only. Run set_part -help for more details. To evaluate different speed grades in the current design, use the set_speed_grade command, or use the open_checkpoint -part command to change the part used by an existing checkpoint design.
# synth_design -top top_level -part $partNum -verbose
Command: synth_design -top top_level -part xc7s50csga324-1 -verbose
Starting synth_design
Attempting to get a license for feature 'Synthesis' and/or device 'xc7s50'
INFO: [Common 17-349] Got license for feature 'Synthesis' and/or device 'xc7s50'
INFO: [Device 21-403] Loading part xc7s50csga324-1
INFO: [Synth 8-7079] Multithreading enabled for synth_design using a maximum of 2 processes.
INFO: [Synth 8-7078] Launching helper process for spawning children vivado processes
INFO: [Synth 8-7075] Helper process launched with PID 6108
WARNING: [Synth 8-6901] identifier 'TOTAL_PIXELS' is used before its declaration [C:/Users/Cesar/Desktop/6.2050/Lab 4/hdl/video_sig_gen.sv:14]
WARNING: [Synth 8-6901] identifier 'TOTAL_LINES' is used before its declaration [C:/Users/Cesar/Desktop/6.2050/Lab 4/hdl/video_sig_gen.sv:15]
---------------------------------------------------------------------------------
Starting RTL Elaboration : Time (s): cpu = 00:00:05 ; elapsed = 00:00:08 . Memory (MB): peak = 2270.047 ; gain = 410.258
---------------------------------------------------------------------------------
INFO: [Synth 8-6157] synthesizing module 'top_level' [C:/Users/Cesar/Desktop/6.2050/Lab 4/hdl/top_level.sv:4]
INFO: [Synth 8-6157] synthesizing module 'hdmi_clk_wiz_720p' [C:/Users/Cesar/Desktop/6.2050/Lab 4/hdl/hdmi_clk_wiz.v:69]
INFO: [Synth 8-6157] synthesizing module 'IBUF' [C:/Xilinx/Vivado/2023.1/scripts/rt/data/unisim_comp.v:71768]
INFO: [Synth 8-6155] done synthesizing module 'IBUF' (0#1) [C:/Xilinx/Vivado/2023.1/scripts/rt/data/unisim_comp.v:71768]
INFO: [Synth 8-6157] synthesizing module 'MMCME2_ADV' [C:/Xilinx/Vivado/2023.1/scripts/rt/data/unisim_comp.v:80311]
	Parameter BANDWIDTH bound to: OPTIMIZED - type: string 
	Parameter CLKFBOUT_MULT_F bound to: 37.125000 - type: double 
	Parameter CLKFBOUT_PHASE bound to: 0.000000 - type: double 
	Parameter CLKFBOUT_USE_FINE_PS bound to: FALSE - type: string 
	Parameter CLKIN1_PERIOD bound to: 10.000000 - type: double 
	Parameter CLKOUT0_DIVIDE_F bound to: 10.000000 - type: double 
	Parameter CLKOUT0_DUTY_CYCLE bound to: 0.500000 - type: double 
	Parameter CLKOUT0_PHASE bound to: 0.000000 - type: double 
	Parameter CLKOUT0_USE_FINE_PS bound to: FALSE - type: string 
	Parameter CLKOUT1_DIVIDE bound to: 2 - type: integer 
	Parameter CLKOUT1_DUTY_CYCLE bound to: 0.500000 - type: double 
	Parameter CLKOUT1_PHASE bound to: 0.000000 - type: double 
	Parameter CLKOUT1_USE_FINE_PS bound to: FALSE - type: string 
	Parameter CLKOUT4_CASCADE bound to: FALSE - type: string 
	Parameter COMPENSATION bound to: ZHOLD - type: string 
	Parameter DIVCLK_DIVIDE bound to: 5 - type: integer 
	Parameter STARTUP_WAIT bound to: FALSE - type: string 
INFO: [Synth 8-6155] done synthesizing module 'MMCME2_ADV' (0#1) [C:/Xilinx/Vivado/2023.1/scripts/rt/data/unisim_comp.v:80311]
INFO: [Synth 8-6157] synthesizing module 'BUFG' [C:/Xilinx/Vivado/2023.1/scripts/rt/data/unisim_comp.v:1519]
INFO: [Synth 8-6155] done synthesizing module 'BUFG' (0#1) [C:/Xilinx/Vivado/2023.1/scripts/rt/data/unisim_comp.v:1519]
INFO: [Synth 8-6155] done synthesizing module 'hdmi_clk_wiz_720p' (0#1) [C:/Users/Cesar/Desktop/6.2050/Lab 4/hdl/hdmi_clk_wiz.v:69]
INFO: [Synth 8-6157] synthesizing module 'video_sig_gen' [C:/Users/Cesar/Desktop/6.2050/Lab 4/hdl/video_sig_gen.sv:1]
INFO: [Synth 8-6155] done synthesizing module 'video_sig_gen' (0#1) [C:/Users/Cesar/Desktop/6.2050/Lab 4/hdl/video_sig_gen.sv:1]
INFO: [Synth 8-6157] synthesizing module 'shape_party' [C:/Users/Cesar/Desktop/6.2050/Lab 4/hdl/shape_party.sv:1]
INFO: [Synth 8-6157] synthesizing module 'block_sprite' [C:/Users/Cesar/Desktop/6.2050/Lab 4/hdl/block_sprite.sv:1]
	Parameter WIDTH bound to: 128 - type: integer 
	Parameter HEIGHT bound to: 128 - type: integer 
	Parameter COLOR bound to: 24'b111111110111111100000000 
INFO: [Synth 8-6155] done synthesizing module 'block_sprite' (0#1) [C:/Users/Cesar/Desktop/6.2050/Lab 4/hdl/block_sprite.sv:1]
INFO: [Synth 8-6157] synthesizing module 'circle_sprite' [C:/Users/Cesar/Desktop/6.2050/Lab 4/hdl/circle_sprite.sv:1]
	Parameter RADIUS bound to: 64 - type: integer 
	Parameter COLOR bound to: 24'b111111111111111111111111 
INFO: [Synth 8-6155] done synthesizing module 'circle_sprite' (0#1) [C:/Users/Cesar/Desktop/6.2050/Lab 4/hdl/circle_sprite.sv:1]
INFO: [Synth 8-6155] done synthesizing module 'shape_party' (0#1) [C:/Users/Cesar/Desktop/6.2050/Lab 4/hdl/shape_party.sv:1]
INFO: [Synth 8-6157] synthesizing module 'tmds_encoder' [C:/Users/Cesar/Desktop/6.2050/Lab 4/hdl/tmds_encoder.sv:1]
INFO: [Synth 8-6157] synthesizing module 'tm_choice' [C:/Users/Cesar/Desktop/6.2050/Lab 4/hdl/tm_choice.sv:1]
WARNING: [Synth 8-324] index 8 out of range [C:/Users/Cesar/Desktop/6.2050/Lab 4/hdl/tm_choice.sv:17]
WARNING: [Synth 8-324] index 8 out of range [C:/Users/Cesar/Desktop/6.2050/Lab 4/hdl/tm_choice.sv:22]
INFO: [Synth 8-6155] done synthesizing module 'tm_choice' (0#1) [C:/Users/Cesar/Desktop/6.2050/Lab 4/hdl/tm_choice.sv:1]
INFO: [Synth 8-6155] done synthesizing module 'tmds_encoder' (0#1) [C:/Users/Cesar/Desktop/6.2050/Lab 4/hdl/tmds_encoder.sv:1]
INFO: [Synth 8-6157] synthesizing module 'tmds_serializer' [C:/Users/Cesar/Desktop/6.2050/Lab 4/hdl/tmds_serializer.sv:4]
INFO: [Synth 8-6157] synthesizing module 'OSERDESE2' [C:/Xilinx/Vivado/2023.1/scripts/rt/data/unisim_comp.v:95372]
	Parameter DATA_RATE_OQ bound to: DDR - type: string 
	Parameter DATA_RATE_TQ bound to: SDR - type: string 
	Parameter DATA_WIDTH bound to: 10 - type: integer 
	Parameter SERDES_MODE bound to: MASTER - type: string 
	Parameter TBYTE_CTL bound to: FALSE - type: string 
	Parameter TBYTE_SRC bound to: FALSE - type: string 
	Parameter TRISTATE_WIDTH bound to: 1 - type: integer 
INFO: [Synth 8-6155] done synthesizing module 'OSERDESE2' (0#1) [C:/Xilinx/Vivado/2023.1/scripts/rt/data/unisim_comp.v:95372]
INFO: [Synth 8-6157] synthesizing module 'OSERDESE2__parameterized0' [C:/Xilinx/Vivado/2023.1/scripts/rt/data/unisim_comp.v:95372]
	Parameter DATA_RATE_OQ bound to: DDR - type: string 
	Parameter DATA_RATE_TQ bound to: SDR - type: string 
	Parameter DATA_WIDTH bound to: 10 - type: integer 
	Parameter SERDES_MODE bound to: SLAVE - type: string 
	Parameter TBYTE_CTL bound to: FALSE - type: string 
	Parameter TBYTE_SRC bound to: FALSE - type: string 
	Parameter TRISTATE_WIDTH bound to: 1 - type: integer 
INFO: [Synth 8-6155] done synthesizing module 'OSERDESE2__parameterized0' (0#1) [C:/Xilinx/Vivado/2023.1/scripts/rt/data/unisim_comp.v:95372]
INFO: [Synth 8-6155] done synthesizing module 'tmds_serializer' (0#1) [C:/Users/Cesar/Desktop/6.2050/Lab 4/hdl/tmds_serializer.sv:4]
INFO: [Synth 8-6157] synthesizing module 'OBUFDS' [C:/Xilinx/Vivado/2023.1/scripts/rt/data/unisim_comp.v:91135]
INFO: [Synth 8-6155] done synthesizing module 'OBUFDS' (0#1) [C:/Xilinx/Vivado/2023.1/scripts/rt/data/unisim_comp.v:91135]
INFO: [Synth 8-6155] done synthesizing module 'top_level' (0#1) [C:/Users/Cesar/Desktop/6.2050/Lab 4/hdl/top_level.sv:4]
WARNING: [Synth 8-6014] Unused sequential element xint_reg was removed.  [C:/Users/Cesar/Desktop/6.2050/Lab 4/hdl/circle_sprite.sv:18]
WARNING: [Synth 8-6014] Unused sequential element yint_reg was removed.  [C:/Users/Cesar/Desktop/6.2050/Lab 4/hdl/circle_sprite.sv:20]
WARNING: [Synth 8-3848] Net tp_b in module/entity top_level does not have driver. [C:/Users/Cesar/Desktop/6.2050/Lab 4/hdl/top_level.sv:57]
WARNING: [Synth 8-3848] Net tp_g in module/entity top_level does not have driver. [C:/Users/Cesar/Desktop/6.2050/Lab 4/hdl/top_level.sv:57]
WARNING: [Synth 8-3848] Net tp_r in module/entity top_level does not have driver. [C:/Users/Cesar/Desktop/6.2050/Lab 4/hdl/top_level.sv:57]
WARNING: [Synth 8-3917] design top_level has port rgb0[2] driven by constant 0
WARNING: [Synth 8-3917] design top_level has port rgb0[1] driven by constant 0
WARNING: [Synth 8-3917] design top_level has port rgb0[0] driven by constant 0
WARNING: [Synth 8-3917] design top_level has port rgb1[2] driven by constant 0
WARNING: [Synth 8-3917] design top_level has port rgb1[1] driven by constant 0
WARNING: [Synth 8-3917] design top_level has port rgb1[0] driven by constant 0
WARNING: [Synth 8-7129] Port rst_in in module circle_sprite is either unconnected or has no load
WARNING: [Synth 8-7129] Port hcount_in[10] in module circle_sprite is either unconnected or has no load
WARNING: [Synth 8-7129] Port hcount_in[9] in module circle_sprite is either unconnected or has no load
WARNING: [Synth 8-7129] Port hcount_in[8] in module circle_sprite is either unconnected or has no load
WARNING: [Synth 8-7129] Port hcount_in[7] in module circle_sprite is either unconnected or has no load
WARNING: [Synth 8-7129] Port hcount_in[6] in module circle_sprite is either unconnected or has no load
WARNING: [Synth 8-7129] Port hcount_in[5] in module circle_sprite is either unconnected or has no load
WARNING: [Synth 8-7129] Port hcount_in[4] in module circle_sprite is either unconnected or has no load
WARNING: [Synth 8-7129] Port hcount_in[3] in module circle_sprite is either unconnected or has no load
WARNING: [Synth 8-7129] Port hcount_in[2] in module circle_sprite is either unconnected or has no load
WARNING: [Synth 8-7129] Port hcount_in[1] in module circle_sprite is either unconnected or has no load
WARNING: [Synth 8-7129] Port hcount_in[0] in module circle_sprite is either unconnected or has no load
WARNING: [Synth 8-7129] Port vcount_in[9] in module circle_sprite is either unconnected or has no load
WARNING: [Synth 8-7129] Port vcount_in[8] in module circle_sprite is either unconnected or has no load
WARNING: [Synth 8-7129] Port vcount_in[7] in module circle_sprite is either unconnected or has no load
WARNING: [Synth 8-7129] Port vcount_in[6] in module circle_sprite is either unconnected or has no load
WARNING: [Synth 8-7129] Port vcount_in[5] in module circle_sprite is either unconnected or has no load
WARNING: [Synth 8-7129] Port vcount_in[4] in module circle_sprite is either unconnected or has no load
WARNING: [Synth 8-7129] Port vcount_in[3] in module circle_sprite is either unconnected or has no load
WARNING: [Synth 8-7129] Port vcount_in[2] in module circle_sprite is either unconnected or has no load
WARNING: [Synth 8-7129] Port vcount_in[1] in module circle_sprite is either unconnected or has no load
WARNING: [Synth 8-7129] Port vcount_in[0] in module circle_sprite is either unconnected or has no load
WARNING: [Synth 8-7129] Port nf_in in module shape_party is either unconnected or has no load
WARNING: [Synth 8-7129] Port btn[3] in module top_level is either unconnected or has no load
WARNING: [Synth 8-7129] Port btn[2] in module top_level is either unconnected or has no load
WARNING: [Synth 8-7129] Port btn[1] in module top_level is either unconnected or has no load
---------------------------------------------------------------------------------
Finished RTL Elaboration : Time (s): cpu = 00:00:06 ; elapsed = 00:00:11 . Memory (MB): peak = 2365.109 ; gain = 505.320
---------------------------------------------------------------------------------
---------------------------------------------------------------------------------
Start Handling Custom Attributes
---------------------------------------------------------------------------------
---------------------------------------------------------------------------------
Finished Handling Custom Attributes : Time (s): cpu = 00:00:06 ; elapsed = 00:00:11 . Memory (MB): peak = 2383.035 ; gain = 523.246
---------------------------------------------------------------------------------
---------------------------------------------------------------------------------
Finished RTL Optimization Phase 1 : Time (s): cpu = 00:00:06 ; elapsed = 00:00:11 . Memory (MB): peak = 2383.035 ; gain = 523.246
---------------------------------------------------------------------------------
Netlist sorting complete. Time (s): cpu = 00:00:00 ; elapsed = 00:00:00.012 . Memory (MB): peak = 2395.066 ; gain = 0.000
INFO: [Netlist 29-17] Analyzing 5 Unisim elements for replacement
INFO: [Netlist 29-28] Unisim Transformation completed in 0 CPU seconds
INFO: [Project 1-570] Preparing netlist for logic optimization

Processing XDC Constraints
Initializing timing engine
Parsing XDC File [C:/Users/Cesar/Desktop/6.2050/Lab 4/xdc/top_level.xdc]
Finished Parsing XDC File [C:/Users/Cesar/Desktop/6.2050/Lab 4/xdc/top_level.xdc]
INFO: [Project 1-236] Implementation specific constraints were found while reading constraint file [C:/Users/Cesar/Desktop/6.2050/Lab 4/xdc/top_level.xdc]. These constraints will be ignored for synthesis but will be used in implementation. Impacted constraints are listed in the file [.Xil/top_level_propImpl.xdc].
Resolution: To avoid this warning, move constraints listed in [.Xil/top_level_propImpl.xdc] to another XDC file and exclude this new file from synthesis with the used_in_synthesis property (File Properties dialog in GUI) and re-run elaboration/synthesis.
INFO: [Timing 38-2] Deriving generated clocks
Completed Processing XDC Constraints

Netlist sorting complete. Time (s): cpu = 00:00:00 ; elapsed = 00:00:00.001 . Memory (MB): peak = 2495.727 ; gain = 0.000
INFO: [Project 1-111] Unisim Transformation Summary:
  A total of 4 instances were transformed.
  OBUFDS => OBUFDS_DUAL_BUF (INV, OBUFDS(x2)): 4 instances

Constraint Validation Runtime : Time (s): cpu = 00:00:00 ; elapsed = 00:00:00.017 . Memory (MB): peak = 2495.727 ; gain = 0.000
---------------------------------------------------------------------------------
Finished Constraint Validation : Time (s): cpu = 00:00:12 ; elapsed = 00:00:21 . Memory (MB): peak = 2495.727 ; gain = 635.938
---------------------------------------------------------------------------------
---------------------------------------------------------------------------------
Start Loading Part and Timing Information
---------------------------------------------------------------------------------
Loading part: xc7s50csga324-1
---------------------------------------------------------------------------------
Finished Loading Part and Timing Information : Time (s): cpu = 00:00:12 ; elapsed = 00:00:21 . Memory (MB): peak = 2495.727 ; gain = 635.938
---------------------------------------------------------------------------------
---------------------------------------------------------------------------------
Start Applying 'set_property' XDC Constraints
---------------------------------------------------------------------------------
---------------------------------------------------------------------------------
Finished applying 'set_property' XDC Constraints : Time (s): cpu = 00:00:12 ; elapsed = 00:00:21 . Memory (MB): peak = 2495.727 ; gain = 635.938
---------------------------------------------------------------------------------
---------------------------------------------------------------------------------
Finished RTL Optimization Phase 2 : Time (s): cpu = 00:00:12 ; elapsed = 00:00:22 . Memory (MB): peak = 2495.727 ; gain = 635.938
---------------------------------------------------------------------------------
---------------------------------------------------------------------------------
Start RTL Component Statistics 
---------------------------------------------------------------------------------
Detailed RTL Component Info : 
+---Adders : 
	   2 Input   32 Bit       Adders := 3     
	   3 Input   13 Bit       Adders := 1     
	   3 Input   12 Bit       Adders := 1     
	   2 Input   12 Bit       Adders := 2     
	   2 Input   11 Bit       Adders := 6     
	   2 Input   10 Bit       Adders := 4     
	   2 Input    8 Bit       Adders := 3     
	   2 Input    6 Bit       Adders := 1     
	   2 Input    5 Bit       Adders := 3     
	   5 Input    5 Bit       Adders := 6     
	   4 Input    5 Bit       Adders := 6     
	   2 Input    4 Bit       Adders := 3     
	   8 Input    4 Bit       Adders := 3     
	   5 Input    3 Bit       Adders := 3     
	   2 Input    2 Bit       Adders := 3     
	   3 Input    2 Bit       Adders := 3     
+---XORs : 
	   2 Input      1 Bit         XORs := 39    
+---Registers : 
	               11 Bit    Registers := 3     
	               10 Bit    Registers := 6     
	                6 Bit    Registers := 1     
	                5 Bit    Registers := 3     
	                1 Bit    Registers := 8     
+---Muxes : 
	   5 Input   11 Bit        Muxes := 1     
	   2 Input   11 Bit        Muxes := 6     
	   2 Input   10 Bit        Muxes := 10    
	   5 Input   10 Bit        Muxes := 3     
	   2 Input    8 Bit        Muxes := 9     
	   2 Input    5 Bit        Muxes := 9     
	   2 Input    4 Bit        Muxes := 2     
	   2 Input    2 Bit        Muxes := 3     
	   2 Input    1 Bit        Muxes := 14    
	   3 Input    1 Bit        Muxes := 1     
---------------------------------------------------------------------------------
Finished RTL Component Statistics 
---------------------------------------------------------------------------------
---------------------------------------------------------------------------------
Start Part Resource Summary
---------------------------------------------------------------------------------
Part Resources:
DSPs: 120 (col length:60)
BRAMs: 150 (col length: RAMB18 60 RAMB36 30)
---------------------------------------------------------------------------------
Finished Part Resource Summary
---------------------------------------------------------------------------------
---------------------------------------------------------------------------------
Start Cross Boundary and Area Optimization
---------------------------------------------------------------------------------
WARNING: [Synth 8-7080] Parallel synthesis criteria is not met
DSP Report: Generating DSP cs/in_sprite2, operation Mode is: A*B.
DSP Report: operator cs/in_sprite2 is absorbed into DSP cs/in_sprite2.
DSP Report: Generating DSP cs/in_sprite1, operation Mode is: PCIN+A*B.
DSP Report: operator cs/in_sprite1 is absorbed into DSP cs/in_sprite1.
DSP Report: operator cs/in_sprite2 is absorbed into DSP cs/in_sprite1.
WARNING: [Synth 8-3917] design top_level has port rgb0[2] driven by constant 0
WARNING: [Synth 8-3917] design top_level has port rgb0[1] driven by constant 0
WARNING: [Synth 8-3917] design top_level has port rgb0[0] driven by constant 0
WARNING: [Synth 8-3917] design top_level has port rgb1[2] driven by constant 0
WARNING: [Synth 8-3917] design top_level has port rgb1[1] driven by constant 0
WARNING: [Synth 8-3917] design top_level has port rgb1[0] driven by constant 0
WARNING: [Synth 8-7129] Port nf_in in module shape_party is either unconnected or has no load
WARNING: [Synth 8-7129] Port btn[3] in module top_level is either unconnected or has no load
WARNING: [Synth 8-7129] Port btn[2] in module top_level is either unconnected or has no load
WARNING: [Synth 8-7129] Port btn[1] in module top_level is either unconnected or has no load
---------------------------------------------------------------------------------
Finished Cross Boundary and Area Optimization : Time (s): cpu = 00:00:17 ; elapsed = 00:00:31 . Memory (MB): peak = 2495.727 ; gain = 635.938
---------------------------------------------------------------------------------
---------------------------------------------------------------------------------
Start ROM, RAM, DSP, Shift Register and Retiming Reporting
---------------------------------------------------------------------------------

DSP: Preliminary Mapping Report (see note below. The ' indicates corresponding REG is set)
+--------------+-------------+--------+--------+--------+--------+--------+------+------+------+------+-------+------+------+
|Module Name   | DSP Mapping | A Size | B Size | C Size | D Size | P Size | AREG | BREG | CREG | DREG | ADREG | MREG | PREG | 
+--------------+-------------+--------+--------+--------+--------+--------+------+------+------+------+-------+------+------+
|circle_sprite | A*B         | 11     | 11     | -      | -      | 22     | 0    | 0    | -    | -    | -     | 0    | 0    | 
|circle_sprite | PCIN+A*B    | 10     | 10     | -      | -      | 23     | 0    | 0    | -    | -    | -     | 0    | 0    | 
+--------------+-------------+--------+--------+--------+--------+--------+------+------+------+------+-------+------+------+

Note: The table above is a preliminary report that shows the DSPs inferred at the current stage of the synthesis flow. Some DSP may be reimplemented as non DSP primitives later in the synthesis flow. Multiple instantiated DSPs are reported only once.
---------------------------------------------------------------------------------
Finished ROM, RAM, DSP, Shift Register and Retiming Reporting
---------------------------------------------------------------------------------
---------------------------------------------------------------------------------
Start Applying XDC Timing Constraints
---------------------------------------------------------------------------------
---------------------------------------------------------------------------------
Finished Applying XDC Timing Constraints : Time (s): cpu = 00:00:24 ; elapsed = 00:00:41 . Memory (MB): peak = 2495.727 ; gain = 635.938
---------------------------------------------------------------------------------
---------------------------------------------------------------------------------
Start Timing Optimization
---------------------------------------------------------------------------------
---------------------------------------------------------------------------------
Finished Timing Optimization : Time (s): cpu = 00:00:25 ; elapsed = 00:00:43 . Memory (MB): peak = 2495.727 ; gain = 635.938
---------------------------------------------------------------------------------
---------------------------------------------------------------------------------
Start Technology Mapping
---------------------------------------------------------------------------------
---------------------------------------------------------------------------------
Finished Technology Mapping : Time (s): cpu = 00:00:25 ; elapsed = 00:00:43 . Memory (MB): peak = 2495.727 ; gain = 635.938
---------------------------------------------------------------------------------
---------------------------------------------------------------------------------
Start IO Insertion
---------------------------------------------------------------------------------
---------------------------------------------------------------------------------
Start Flattening Before IO Insertion
---------------------------------------------------------------------------------
---------------------------------------------------------------------------------
Finished Flattening Before IO Insertion
---------------------------------------------------------------------------------
---------------------------------------------------------------------------------
Start Final Netlist Cleanup
---------------------------------------------------------------------------------
---------------------------------------------------------------------------------
Finished Final Netlist Cleanup
---------------------------------------------------------------------------------
---------------------------------------------------------------------------------
Finished IO Insertion : Time (s): cpu = 00:00:28 ; elapsed = 00:00:49 . Memory (MB): peak = 2495.727 ; gain = 635.938
---------------------------------------------------------------------------------
---------------------------------------------------------------------------------
Start Renaming Generated Instances
---------------------------------------------------------------------------------
---------------------------------------------------------------------------------
Finished Renaming Generated Instances : Time (s): cpu = 00:00:28 ; elapsed = 00:00:49 . Memory (MB): peak = 2495.727 ; gain = 635.938
---------------------------------------------------------------------------------
---------------------------------------------------------------------------------
Start Rebuilding User Hierarchy
---------------------------------------------------------------------------------
---------------------------------------------------------------------------------
Finished Rebuilding User Hierarchy : Time (s): cpu = 00:00:28 ; elapsed = 00:00:49 . Memory (MB): peak = 2495.727 ; gain = 635.938
---------------------------------------------------------------------------------
---------------------------------------------------------------------------------
Start Renaming Generated Ports
---------------------------------------------------------------------------------
---------------------------------------------------------------------------------
Finished Renaming Generated Ports : Time (s): cpu = 00:00:28 ; elapsed = 00:00:49 . Memory (MB): peak = 2495.727 ; gain = 635.938
---------------------------------------------------------------------------------
---------------------------------------------------------------------------------
Start Handling Custom Attributes
---------------------------------------------------------------------------------
---------------------------------------------------------------------------------
Finished Handling Custom Attributes : Time (s): cpu = 00:00:28 ; elapsed = 00:00:49 . Memory (MB): peak = 2495.727 ; gain = 635.938
---------------------------------------------------------------------------------
---------------------------------------------------------------------------------
Start Renaming Generated Nets
---------------------------------------------------------------------------------
---------------------------------------------------------------------------------
Finished Renaming Generated Nets : Time (s): cpu = 00:00:28 ; elapsed = 00:00:49 . Memory (MB): peak = 2495.727 ; gain = 635.938
---------------------------------------------------------------------------------
---------------------------------------------------------------------------------
Start Writing Synthesis Report
---------------------------------------------------------------------------------

DSP Final Report (the ' indicates corresponding REG is set)
+--------------+-------------+--------+--------+--------+--------+--------+------+------+------+------+-------+------+------+
|Module Name   | DSP Mapping | A Size | B Size | C Size | D Size | P Size | AREG | BREG | CREG | DREG | ADREG | MREG | PREG | 
+--------------+-------------+--------+--------+--------+--------+--------+------+------+------+------+-------+------+------+
|circle_sprite | A*B         | 11     | 11     | -      | -      | 22     | 0    | 0    | -    | -    | -     | 0    | 0    | 
|circle_sprite | PCIN+A*B    | 10     | 10     | -      | -      | 23     | 0    | 0    | -    | -    | -     | 0    | 0    | 
+--------------+-------------+--------+--------+--------+--------+--------+------+------+------+------+-------+------+------+


Report BlackBoxes: 
+-+--------------+----------+
| |BlackBox name |Instances |
+-+--------------+----------+
+-+--------------+----------+

Report Cell Usage: 
+------+-----------+------+
|      |Cell       |Count |
+------+-----------+------+
|1     |BUFG       |     3|
|2     |CARRY4     |    17|
|3     |DSP48E1    |     2|
|4     |LUT1       |     4|
|5     |LUT2       |    63|
|6     |LUT3       |    16|
|7     |LUT4       |    59|
|8     |LUT5       |    30|
|9     |LUT6       |    86|
|10    |MMCME2_ADV |     1|
|11    |MUXF7      |     4|
|12    |MUXF8      |     1|
|13    |OSERDESE2  |     6|
|15    |FDRE       |    79|
|16    |FDSE       |    13|
|17    |IBUF       |    18|
|18    |OBUF       |    22|
|19    |OBUFDS     |     4|
+------+-----------+------+
---------------------------------------------------------------------------------
Finished Writing Synthesis Report : Time (s): cpu = 00:00:28 ; elapsed = 00:00:49 . Memory (MB): peak = 2495.727 ; gain = 635.938
---------------------------------------------------------------------------------
Synthesis finished with 0 errors, 0 critical warnings and 11 warnings.
Synthesis Optimization Runtime : Time (s): cpu = 00:00:20 ; elapsed = 00:00:46 . Memory (MB): peak = 2495.727 ; gain = 523.246
Synthesis Optimization Complete : Time (s): cpu = 00:00:28 ; elapsed = 00:00:49 . Memory (MB): peak = 2495.727 ; gain = 635.938
INFO: [Project 1-571] Translating synthesized netlist
Netlist sorting complete. Time (s): cpu = 00:00:00 ; elapsed = 00:00:00.008 . Memory (MB): peak = 2495.727 ; gain = 0.000
INFO: [Netlist 29-17] Analyzing 29 Unisim elements for replacement
INFO: [Netlist 29-28] Unisim Transformation completed in 0 CPU seconds
INFO: [Project 1-570] Preparing netlist for logic optimization
Parsing XDC File [C:/Users/Cesar/Desktop/6.2050/Lab 4/xdc/top_level.xdc]
Finished Parsing XDC File [C:/Users/Cesar/Desktop/6.2050/Lab 4/xdc/top_level.xdc]
INFO: [Opt 31-138] Pushed 0 inverter(s) to 0 load pin(s).
Netlist sorting complete. Time (s): cpu = 00:00:00 ; elapsed = 00:00:00 . Memory (MB): peak = 2495.727 ; gain = 0.000
INFO: [Project 1-111] Unisim Transformation Summary:
  A total of 4 instances were transformed.
  OBUFDS => OBUFDS: 4 instances

Synth Design complete | Checksum: ff773f0e
INFO: [Common 17-83] Releasing license: Synthesis
48 Infos, 52 Warnings, 0 Critical Warnings and 0 Errors encountered.
synth_design completed successfully
synth_design: Time (s): cpu = 00:00:31 ; elapsed = 00:00:57 . Memory (MB): peak = 2495.727 ; gain = 1011.270
# write_checkpoint -force $outputDir/post_synth.dcp
INFO: [Timing 38-480] Writing timing data to binary archive.
Writing XDEF routing.
Writing XDEF routing logical nets.
Writing XDEF routing special nets.
Write XDEF Complete: Time (s): cpu = 00:00:00 ; elapsed = 00:00:00.108 . Memory (MB): peak = 2495.727 ; gain = 0.000
INFO: [Common 17-1381] The checkpoint 'C:/Users/Cesar/Desktop/6.2050/Lab 4/obj/post_synth.dcp' has been generated.
# report_timing_summary -file $outputDir/post_synth_timing_summary.rpt
INFO: [Timing 38-35] Done setting XDC timing constraints.
INFO: [Timing 38-2] Deriving generated clocks
INFO: [Timing 38-91] UpdateTimingParams: Speed grade: -1, Delay Type: min_max.
INFO: [Timing 38-191] Multithreading enabled for timing update using a maximum of 2 CPUs
# report_utilization -file $outputDir/post_synth_util.rpt
# report_timing -file $outputDir/post_synth_timing.rpt
INFO: [Timing 38-91] UpdateTimingParams: Speed grade: -1, Delay Type: max.
INFO: [Timing 38-191] Multithreading enabled for timing update using a maximum of 2 CPUs
INFO: [Timing 38-78] ReportTimingParams: -max_paths 1 -nworst 1 -delay_type max -sort_by slack.
# opt_design
Command: opt_design
Attempting to get a license for feature 'Implementation' and/or device 'xc7s50'
INFO: [Common 17-349] Got license for feature 'Implementation' and/or device 'xc7s50'
Running DRC as a precondition to command opt_design

Starting DRC Task
INFO: [DRC 23-27] Running DRC with 2 threads
INFO: [Project 1-461] DRC finished with 0 Errors
INFO: [Project 1-462] Please refer to the DRC report (report_drc) for more information.

Time (s): cpu = 00:00:02 ; elapsed = 00:00:02 . Memory (MB): peak = 2529.102 ; gain = 27.570

Starting Cache Timing Information Task
Ending Cache Timing Information Task | Checksum: 191da200d

Time (s): cpu = 00:00:00 ; elapsed = 00:00:00.006 . Memory (MB): peak = 2529.102 ; gain = 0.000

Starting Logic Optimization Task

Phase 1 Retarget
INFO: [Opt 31-138] Pushed 0 inverter(s) to 0 load pin(s).
INFO: [Opt 31-49] Retargeted 0 cell(s).
Phase 1 Retarget | Checksum: 191da200d

Time (s): cpu = 00:00:00 ; elapsed = 00:00:00.079 . Memory (MB): peak = 2836.602 ; gain = 0.000
INFO: [Opt 31-389] Phase Retarget created 0 cells and removed 0 cells
INFO: [Opt 31-1021] In phase Retarget, 1 netlist objects are constrained preventing optimization. Please run opt_design with -debug_log to get more detail. 

Phase 2 Constant propagation
INFO: [Opt 31-138] Pushed 0 inverter(s) to 0 load pin(s).
Phase 2 Constant propagation | Checksum: 191da200d

Time (s): cpu = 00:00:00 ; elapsed = 00:00:00.093 . Memory (MB): peak = 2836.602 ; gain = 0.000
INFO: [Opt 31-389] Phase Constant propagation created 0 cells and removed 0 cells

Phase 3 Sweep
Phase 3 Sweep | Checksum: 151b603fa

Time (s): cpu = 00:00:00 ; elapsed = 00:00:00.113 . Memory (MB): peak = 2836.602 ; gain = 0.000
INFO: [Opt 31-389] Phase Sweep created 0 cells and removed 0 cells

Phase 4 BUFG optimization
Phase 4 BUFG optimization | Checksum: 151b603fa

Time (s): cpu = 00:00:00 ; elapsed = 00:00:00.184 . Memory (MB): peak = 2836.602 ; gain = 0.000
INFO: [Opt 31-662] Phase BUFG optimization created 0 cells of which 0 are BUFGs and removed 0 cells.

Phase 5 Shift Register Optimization
INFO: [Opt 31-1064] SRL Remap converted 0 SRLs to 0 registers and converted 0 registers of register chains to 0 SRLs
Phase 5 Shift Register Optimization | Checksum: 1f16bd0e0

Time (s): cpu = 00:00:00 ; elapsed = 00:00:00.219 . Memory (MB): peak = 2836.602 ; gain = 0.000
INFO: [Opt 31-389] Phase Shift Register Optimization created 0 cells and removed 0 cells

Phase 6 Post Processing Netlist
Phase 6 Post Processing Netlist | Checksum: 1f16bd0e0

Time (s): cpu = 00:00:00 ; elapsed = 00:00:00.226 . Memory (MB): peak = 2836.602 ; gain = 0.000
INFO: [Opt 31-389] Phase Post Processing Netlist created 0 cells and removed 0 cells
Opt_design Change Summary
=========================


-------------------------------------------------------------------------------------------------------------------------
|  Phase                        |  #Cells created  |  #Cells Removed  |  #Constrained objects preventing optimizations  |
-------------------------------------------------------------------------------------------------------------------------
|  Retarget                     |               0  |               0  |                                              1  |
|  Constant propagation         |               0  |               0  |                                              0  |
|  Sweep                        |               0  |               0  |                                              0  |
|  BUFG optimization            |               0  |               0  |                                              0  |
|  Shift Register Optimization  |               0  |               0  |                                              0  |
|  Post Processing Netlist      |               0  |               0  |                                              0  |
-------------------------------------------------------------------------------------------------------------------------



Starting Connectivity Check Task

Time (s): cpu = 00:00:00 ; elapsed = 00:00:00.003 . Memory (MB): peak = 2836.602 ; gain = 0.000
Ending Logic Optimization Task | Checksum: 1f16bd0e0

Time (s): cpu = 00:00:00 ; elapsed = 00:00:00.240 . Memory (MB): peak = 2836.602 ; gain = 0.000

Starting Power Optimization Task
INFO: [Pwropt 34-132] Skipping clock gating for clocks with a period < 2.00 ns.
Ending Power Optimization Task | Checksum: 1f16bd0e0

Time (s): cpu = 00:00:00 ; elapsed = 00:00:00.013 . Memory (MB): peak = 2836.602 ; gain = 0.000

Starting Final Cleanup Task
Ending Final Cleanup Task | Checksum: 1f16bd0e0

Time (s): cpu = 00:00:00 ; elapsed = 00:00:00.001 . Memory (MB): peak = 2836.602 ; gain = 0.000

Starting Netlist Obfuscation Task
Netlist sorting complete. Time (s): cpu = 00:00:00 ; elapsed = 00:00:00.002 . Memory (MB): peak = 2836.602 ; gain = 0.000
Ending Netlist Obfuscation Task | Checksum: 1f16bd0e0

Time (s): cpu = 00:00:00 ; elapsed = 00:00:00.005 . Memory (MB): peak = 2836.602 ; gain = 0.000
INFO: [Common 17-83] Releasing license: Implementation
17 Infos, 0 Warnings, 0 Critical Warnings and 0 Errors encountered.
opt_design completed successfully
opt_design: Time (s): cpu = 00:00:04 ; elapsed = 00:00:07 . Memory (MB): peak = 2836.602 ; gain = 335.070
# place_design
Command: place_design
Attempting to get a license for feature 'Implementation' and/or device 'xc7s50'
INFO: [Common 17-349] Got license for feature 'Implementation' and/or device 'xc7s50'
INFO: [DRC 23-27] Running DRC with 2 threads
INFO: [Vivado_Tcl 4-198] DRC finished with 0 Errors
INFO: [Vivado_Tcl 4-199] Please refer to the DRC report (report_drc) for more information.
Running DRC as a precondition to command place_design
INFO: [DRC 23-27] Running DRC with 2 threads
INFO: [Vivado_Tcl 4-198] DRC finished with 0 Errors
INFO: [Vivado_Tcl 4-199] Please refer to the DRC report (report_drc) for more information.

Starting Placer Task
INFO: [Place 30-611] Multithreading enabled for place_design using a maximum of 2 CPUs

Phase 1 Placer Initialization

Phase 1.1 Placer Initialization Netlist Sorting
Netlist sorting complete. Time (s): cpu = 00:00:00 ; elapsed = 00:00:00.001 . Memory (MB): peak = 2836.602 ; gain = 0.000
Phase 1.1 Placer Initialization Netlist Sorting | Checksum: 147a202c3

Time (s): cpu = 00:00:00 ; elapsed = 00:00:00.015 . Memory (MB): peak = 2836.602 ; gain = 0.000
Netlist sorting complete. Time (s): cpu = 00:00:00 ; elapsed = 00:00:00.001 . Memory (MB): peak = 2836.602 ; gain = 0.000

Phase 1.2 IO Placement/ Clock Placement/ Build Placer Device
INFO: [Timing 38-35] Done setting XDC timing constraints.
Phase 1.2 IO Placement/ Clock Placement/ Build Placer Device | Checksum: ad94c0c4

Time (s): cpu = 00:00:00 ; elapsed = 00:00:00.287 . Memory (MB): peak = 2836.602 ; gain = 0.000

Phase 1.3 Build Placer Netlist Model
Phase 1.3 Build Placer Netlist Model | Checksum: 13fdb8271

Time (s): cpu = 00:00:00 ; elapsed = 00:00:00.520 . Memory (MB): peak = 2836.602 ; gain = 0.000

Phase 1.4 Constrain Clocks/Macros
Phase 1.4 Constrain Clocks/Macros | Checksum: 13fdb8271

Time (s): cpu = 00:00:00 ; elapsed = 00:00:00.524 . Memory (MB): peak = 2836.602 ; gain = 0.000
Phase 1 Placer Initialization | Checksum: 13fdb8271

Time (s): cpu = 00:00:00 ; elapsed = 00:00:00.528 . Memory (MB): peak = 2836.602 ; gain = 0.000

Phase 2 Global Placement

Phase 2.1 Floorplanning
Phase 2.1 Floorplanning | Checksum: 17ba7c731

Time (s): cpu = 00:00:00 ; elapsed = 00:00:00.667 . Memory (MB): peak = 2836.602 ; gain = 0.000

Phase 2.2 Update Timing before SLR Path Opt
Phase 2.2 Update Timing before SLR Path Opt | Checksum: 14d993449

Time (s): cpu = 00:00:00 ; elapsed = 00:00:00.758 . Memory (MB): peak = 2836.602 ; gain = 0.000

Phase 2.3 Post-Processing in Floorplanning
Phase 2.3 Post-Processing in Floorplanning | Checksum: 14d993449

Time (s): cpu = 00:00:00 ; elapsed = 00:00:00.761 . Memory (MB): peak = 2836.602 ; gain = 0.000

Phase 2.4 Global Placement Core

Phase 2.4.1 UpdateTiming Before Physical Synthesis
Phase 2.4.1 UpdateTiming Before Physical Synthesis | Checksum: d0356edb

Time (s): cpu = 00:00:02 ; elapsed = 00:00:03 . Memory (MB): peak = 2836.602 ; gain = 0.000

Phase 2.4.2 Physical Synthesis In Placer
INFO: [Physopt 32-1035] Found 0 LUTNM shape to break, 6 LUT instances to create LUTNM shape
INFO: [Physopt 32-1044] Break lutnm for timing: one critical 0, two critical 0, total 0, new lutff created 0
INFO: [Physopt 32-1138] End 1 Pass. Optimized 2 nets or LUTs. Breaked 0 LUT, combined 2 existing LUTs and moved 0 existing LUT
INFO: [Physopt 32-65] No nets found for high-fanout optimization.
INFO: [Physopt 32-232] Optimized 0 net. Created 0 new instance.
INFO: [Physopt 32-775] End 1 Pass. Optimized 0 net or cell. Created 0 new cell, deleted 0 existing cell and moved 0 existing cell
INFO: [Physopt 32-670] No setup violation found.  DSP Register Optimization was not performed.
INFO: [Physopt 32-670] No setup violation found.  Shift Register to Pipeline Optimization was not performed.
INFO: [Physopt 32-670] No setup violation found.  Shift Register Optimization was not performed.
INFO: [Physopt 32-670] No setup violation found.  BRAM Register Optimization was not performed.
INFO: [Physopt 32-670] No setup violation found.  URAM Register Optimization was not performed.
INFO: [Physopt 32-949] No candidate nets found for dynamic/static region interface net replication
INFO: [Physopt 32-775] End 1 Pass. Optimized 0 net or cell. Created 0 new cell, deleted 0 existing cell and moved 0 existing cell
Netlist sorting complete. Time (s): cpu = 00:00:00 ; elapsed = 00:00:00.001 . Memory (MB): peak = 2836.602 ; gain = 0.000

Summary of Physical Synthesis Optimizations
============================================


-----------------------------------------------------------------------------------------------------------------------------------------------------------
|  Optimization                                     |  Added Cells  |  Removed Cells  |  Optimized Cells/Nets  |  Dont Touch  |  Iterations  |  Elapsed   |
-----------------------------------------------------------------------------------------------------------------------------------------------------------
|  LUT Combining                                    |            0  |              2  |                     2  |           0  |           1  |  00:00:00  |
|  Retime                                           |            0  |              0  |                     0  |           0  |           1  |  00:00:00  |
|  Very High Fanout                                 |            0  |              0  |                     0  |           0  |           1  |  00:00:00  |
|  DSP Register                                     |            0  |              0  |                     0  |           0  |           0  |  00:00:00  |
|  Shift Register to Pipeline                       |            0  |              0  |                     0  |           0  |           0  |  00:00:00  |
|  Shift Register                                   |            0  |              0  |                     0  |           0  |           0  |  00:00:00  |
|  BRAM Register                                    |            0  |              0  |                     0  |           0  |           0  |  00:00:00  |
|  URAM Register                                    |            0  |              0  |                     0  |           0  |           0  |  00:00:00  |
|  Dynamic/Static Region Interface Net Replication  |            0  |              0  |                     0  |           0  |           1  |  00:00:00  |
|  Total                                            |            0  |              2  |                     2  |           0  |           4  |  00:00:00  |
-----------------------------------------------------------------------------------------------------------------------------------------------------------


Phase 2.4.2 Physical Synthesis In Placer | Checksum: 149ab2a4e

Time (s): cpu = 00:00:02 ; elapsed = 00:00:03 . Memory (MB): peak = 2836.602 ; gain = 0.000
Phase 2.4 Global Placement Core | Checksum: 18161e6af

Time (s): cpu = 00:00:02 ; elapsed = 00:00:03 . Memory (MB): peak = 2836.602 ; gain = 0.000
Phase 2 Global Placement | Checksum: 18161e6af

Time (s): cpu = 00:00:02 ; elapsed = 00:00:03 . Memory (MB): peak = 2836.602 ; gain = 0.000

Phase 3 Detail Placement

Phase 3.1 Commit Multi Column Macros
Phase 3.1 Commit Multi Column Macros | Checksum: 197ff6156

Time (s): cpu = 00:00:02 ; elapsed = 00:00:03 . Memory (MB): peak = 2836.602 ; gain = 0.000

Phase 3.2 Commit Most Macros & LUTRAMs
Phase 3.2 Commit Most Macros & LUTRAMs | Checksum: 1e6304ecd

Time (s): cpu = 00:00:02 ; elapsed = 00:00:03 . Memory (MB): peak = 2836.602 ; gain = 0.000

Phase 3.3 Area Swap Optimization
Phase 3.3 Area Swap Optimization | Checksum: 1b581f5c1

Time (s): cpu = 00:00:02 ; elapsed = 00:00:03 . Memory (MB): peak = 2836.602 ; gain = 0.000

Phase 3.4 Pipeline Register Optimization
Phase 3.4 Pipeline Register Optimization | Checksum: 23a620ce7

Time (s): cpu = 00:00:02 ; elapsed = 00:00:03 . Memory (MB): peak = 2836.602 ; gain = 0.000

Phase 3.5 Small Shape Detail Placement
Phase 3.5 Small Shape Detail Placement | Checksum: 2638dd919

Time (s): cpu = 00:00:02 ; elapsed = 00:00:03 . Memory (MB): peak = 2836.602 ; gain = 0.000

Phase 3.6 Re-assign LUT pins
Phase 3.6 Re-assign LUT pins | Checksum: 1b00334cc

Time (s): cpu = 00:00:02 ; elapsed = 00:00:03 . Memory (MB): peak = 2836.602 ; gain = 0.000

Phase 3.7 Pipeline Register Optimization
Phase 3.7 Pipeline Register Optimization | Checksum: 125232e96

Time (s): cpu = 00:00:02 ; elapsed = 00:00:03 . Memory (MB): peak = 2836.602 ; gain = 0.000
Phase 3 Detail Placement | Checksum: 125232e96

Time (s): cpu = 00:00:02 ; elapsed = 00:00:03 . Memory (MB): peak = 2836.602 ; gain = 0.000

Phase 4 Post Placement Optimization and Clean-Up

Phase 4.1 Post Commit Optimization
INFO: [Timing 38-35] Done setting XDC timing constraints.

Phase 4.1.1 Post Placement Optimization
Post Placement Optimization Initialization | Checksum: 1f2b7f135

Phase 4.1.1.1 BUFG Insertion

Starting Physical Synthesis Task

Phase 1 Physical Synthesis Initialization
INFO: [Physopt 32-721] Multithreading enabled for phys_opt_design using a maximum of 2 CPUs
INFO: [Physopt 32-619] Estimated Timing Summary | WNS=3.347 | TNS=0.000 |
Phase 1 Physical Synthesis Initialization | Checksum: 1ae3adcbb

Time (s): cpu = 00:00:00 ; elapsed = 00:00:00.098 . Memory (MB): peak = 2836.602 ; gain = 0.000
INFO: [Place 46-56] BUFG insertion identified 0 candidate nets. Inserted BUFG: 0, Replicated BUFG Driver: 0, Skipped due to Placement/Routing Conflicts: 0, Skipped due to Timing Degradation: 0, Skipped due to netlist editing failed: 0.
Ending Physical Synthesis Task | Checksum: 1ae3adcbb

Time (s): cpu = 00:00:00 ; elapsed = 00:00:00.114 . Memory (MB): peak = 2836.602 ; gain = 0.000
Phase 4.1.1.1 BUFG Insertion | Checksum: 1f2b7f135

Time (s): cpu = 00:00:02 ; elapsed = 00:00:04 . Memory (MB): peak = 2836.602 ; gain = 0.000

Phase 4.1.1.2 Post Placement Timing Optimization
INFO: [Place 30-746] Post Placement Timing Summary WNS=3.347. For the most accurate timing information please run report_timing.
Phase 4.1.1.2 Post Placement Timing Optimization | Checksum: 1a7c67c65

Time (s): cpu = 00:00:02 ; elapsed = 00:00:04 . Memory (MB): peak = 2836.602 ; gain = 0.000

Time (s): cpu = 00:00:02 ; elapsed = 00:00:04 . Memory (MB): peak = 2836.602 ; gain = 0.000
Phase 4.1 Post Commit Optimization | Checksum: 1a7c67c65

Time (s): cpu = 00:00:02 ; elapsed = 00:00:04 . Memory (MB): peak = 2836.602 ; gain = 0.000

Phase 4.2 Post Placement Cleanup
Phase 4.2 Post Placement Cleanup | Checksum: 1a7c67c65

Time (s): cpu = 00:00:02 ; elapsed = 00:00:04 . Memory (MB): peak = 2836.602 ; gain = 0.000

Phase 4.3 Placer Reporting

Phase 4.3.1 Print Estimated Congestion
INFO: [Place 30-612] Post-Placement Estimated Congestion 
 ____________________________________________________
|           | Global Congestion | Short Congestion  |
| Direction | Region Size       | Region Size       |
|___________|___________________|___________________|
|      North|                1x1|                1x1|
|___________|___________________|___________________|
|      South|                1x1|                1x1|
|___________|___________________|___________________|
|       East|                1x1|                1x1|
|___________|___________________|___________________|
|       West|                1x1|                1x1|
|___________|___________________|___________________|

Phase 4.3.1 Print Estimated Congestion | Checksum: 1a7c67c65

Time (s): cpu = 00:00:02 ; elapsed = 00:00:04 . Memory (MB): peak = 2836.602 ; gain = 0.000
Phase 4.3 Placer Reporting | Checksum: 1a7c67c65

Time (s): cpu = 00:00:02 ; elapsed = 00:00:04 . Memory (MB): peak = 2836.602 ; gain = 0.000

Phase 4.4 Final Placement Cleanup
Netlist sorting complete. Time (s): cpu = 00:00:00 ; elapsed = 00:00:00.001 . Memory (MB): peak = 2836.602 ; gain = 0.000

Time (s): cpu = 00:00:02 ; elapsed = 00:00:04 . Memory (MB): peak = 2836.602 ; gain = 0.000
Phase 4 Post Placement Optimization and Clean-Up | Checksum: e2e6fe5f

Time (s): cpu = 00:00:02 ; elapsed = 00:00:04 . Memory (MB): peak = 2836.602 ; gain = 0.000
Ending Placer Task | Checksum: 3f919098

Time (s): cpu = 00:00:02 ; elapsed = 00:00:04 . Memory (MB): peak = 2836.602 ; gain = 0.000
INFO: [Common 17-83] Releasing license: Implementation
29 Infos, 0 Warnings, 0 Critical Warnings and 0 Errors encountered.
place_design completed successfully
place_design: Time (s): cpu = 00:00:04 ; elapsed = 00:00:06 . Memory (MB): peak = 2836.602 ; gain = 0.000
# report_clock_utilization -file $outputDir/clock_util.rpt
# if {[get_property SLACK [get_timing_paths -max_paths 1 -nworst 1 -setup]] < 0} {
#  puts "Found setup timing violations => running physical optimization"
#  phys_opt_design
# }
# write_checkpoint -force $outputDir/post_place.dcp
INFO: [Timing 38-480] Writing timing data to binary archive.
Writing XDEF routing.
Writing XDEF routing logical nets.
Writing XDEF routing special nets.
Write XDEF Complete: Time (s): cpu = 00:00:01 ; elapsed = 00:00:00.186 . Memory (MB): peak = 2836.602 ; gain = 0.000
INFO: [Common 17-1381] The checkpoint 'C:/Users/Cesar/Desktop/6.2050/Lab 4/obj/post_place.dcp' has been generated.
# report_utilization -file $outputDir/post_place_util.rpt
# report_timing_summary -file $outputDir/post_place_timing_summary.rpt
# report_timing -file $outputDir/post_place_timing.rpt
INFO: [Timing 38-78] ReportTimingParams: -max_paths 1 -nworst 1 -delay_type max -sort_by slack.
# route_design -directive Explore
Command: route_design -directive Explore
Attempting to get a license for feature 'Implementation' and/or device 'xc7s50'
INFO: [Common 17-349] Got license for feature 'Implementation' and/or device 'xc7s50'
Running DRC as a precondition to command route_design
INFO: [DRC 23-27] Running DRC with 2 threads
INFO: [Vivado_Tcl 4-198] DRC finished with 0 Errors
INFO: [Vivado_Tcl 4-199] Please refer to the DRC report (report_drc) for more information.


Starting Routing Task
INFO: [Route 35-270] Using Router directive 'Explore'.
INFO: [Route 35-254] Multithreading enabled for route_design using a maximum of 2 CPUs

Phase 1 Build RT Design
Checksum: PlaceDB: 233d5e36 ConstDB: 0 ShapeSum: 1c543262 RouteDB: 0
Post Restoration Checksum: NetGraph: ad08aa93 | NumContArr: e44c2ddc | Constraints: 190a55ad | Timing: 0
Phase 1 Build RT Design | Checksum: 1aa5f2e1c

Time (s): cpu = 00:00:18 ; elapsed = 00:00:26 . Memory (MB): peak = 2836.602 ; gain = 0.000

Phase 2 Router Initialization

Phase 2.1 Fix Topology Constraints
Phase 2.1 Fix Topology Constraints | Checksum: 1aa5f2e1c

Time (s): cpu = 00:00:18 ; elapsed = 00:00:26 . Memory (MB): peak = 2836.602 ; gain = 0.000

Phase 2.2 Pre Route Cleanup
Phase 2.2 Pre Route Cleanup | Checksum: 1aa5f2e1c

Time (s): cpu = 00:00:18 ; elapsed = 00:00:26 . Memory (MB): peak = 2836.602 ; gain = 0.000
 Number of Nodes with overlaps = 0

Phase 2.3 Update Timing
Phase 2.3 Update Timing | Checksum: d18cb49d

Time (s): cpu = 00:00:19 ; elapsed = 00:00:26 . Memory (MB): peak = 2836.602 ; gain = 0.000
INFO: [Route 35-416] Intermediate Timing Summary | WNS=3.301  | TNS=0.000  | WHS=-0.235 | THS=-3.602 |


Router Utilization Summary
  Global Vertical Routing Utilization    = 0 %
  Global Horizontal Routing Utilization  = 0 %
  Routable Net Status*
  *Does not include unroutable nets such as driverless and loadless.
  Run report_route_status for detailed report.
  Number of Failed Nets               = 324
    (Failed Nets is the sum of unrouted and partially routed nets)
  Number of Unrouted Nets             = 324
  Number of Partially Routed Nets     = 0
  Number of Node Overlaps             = 0

Phase 2 Router Initialization | Checksum: e2f2fdfc

Time (s): cpu = 00:00:19 ; elapsed = 00:00:26 . Memory (MB): peak = 2836.602 ; gain = 0.000

Phase 3 Initial Routing

Phase 3.1 Global Routing
Phase 3.1 Global Routing | Checksum: e2f2fdfc

Time (s): cpu = 00:00:19 ; elapsed = 00:00:26 . Memory (MB): peak = 2836.602 ; gain = 0.000
Phase 3 Initial Routing | Checksum: 145468f66

Time (s): cpu = 00:00:19 ; elapsed = 00:00:27 . Memory (MB): peak = 2836.602 ; gain = 0.000

Phase 4 Rip-up And Reroute

Phase 4.1 Global Iteration 0
 Number of Nodes with overlaps = 25
 Number of Nodes with overlaps = 0
INFO: [Route 35-416] Intermediate Timing Summary | WNS=3.089  | TNS=0.000  | WHS=N/A    | THS=N/A    |

Phase 4.1 Global Iteration 0 | Checksum: 1547a7f41

Time (s): cpu = 00:00:19 ; elapsed = 00:00:27 . Memory (MB): peak = 2836.602 ; gain = 0.000
Phase 4 Rip-up And Reroute | Checksum: 1547a7f41

Time (s): cpu = 00:00:19 ; elapsed = 00:00:27 . Memory (MB): peak = 2836.602 ; gain = 0.000

Phase 5 Delay and Skew Optimization

Phase 5.1 Delay CleanUp

Phase 5.1.1 Update Timing
Phase 5.1.1 Update Timing | Checksum: e5333e0b

Time (s): cpu = 00:00:19 ; elapsed = 00:00:27 . Memory (MB): peak = 2836.602 ; gain = 0.000
INFO: [Route 35-416] Intermediate Timing Summary | WNS=3.168  | TNS=0.000  | WHS=N/A    | THS=N/A    |

Phase 5.1 Delay CleanUp | Checksum: e5333e0b

Time (s): cpu = 00:00:19 ; elapsed = 00:00:27 . Memory (MB): peak = 2836.602 ; gain = 0.000

Phase 5.2 Clock Skew Optimization
Phase 5.2 Clock Skew Optimization | Checksum: e5333e0b

Time (s): cpu = 00:00:19 ; elapsed = 00:00:27 . Memory (MB): peak = 2836.602 ; gain = 0.000
Phase 5 Delay and Skew Optimization | Checksum: e5333e0b

Time (s): cpu = 00:00:19 ; elapsed = 00:00:27 . Memory (MB): peak = 2836.602 ; gain = 0.000

Phase 6 Post Hold Fix

Phase 6.1 Hold Fix Iter

Phase 6.1.1 Update Timing
Phase 6.1.1 Update Timing | Checksum: 18582355b

Time (s): cpu = 00:00:19 ; elapsed = 00:00:27 . Memory (MB): peak = 2836.602 ; gain = 0.000
INFO: [Route 35-416] Intermediate Timing Summary | WNS=3.168  | TNS=0.000  | WHS=0.149  | THS=0.000  |

Phase 6.1 Hold Fix Iter | Checksum: 19a6b9d6a

Time (s): cpu = 00:00:19 ; elapsed = 00:00:27 . Memory (MB): peak = 2836.602 ; gain = 0.000
Phase 6 Post Hold Fix | Checksum: 19a6b9d6a

Time (s): cpu = 00:00:19 ; elapsed = 00:00:27 . Memory (MB): peak = 2836.602 ; gain = 0.000

Phase 7 Route finalize

Router Utilization Summary
  Global Vertical Routing Utilization    = 0.120625 %
  Global Horizontal Routing Utilization  = 0.140812 %
  Routable Net Status*
  *Does not include unroutable nets such as driverless and loadless.
  Run report_route_status for detailed report.
  Number of Failed Nets               = 0
    (Failed Nets is the sum of unrouted and partially routed nets)
  Number of Unrouted Nets             = 0
  Number of Partially Routed Nets     = 0
  Number of Node Overlaps             = 0

Phase 7 Route finalize | Checksum: 1d34843af

Time (s): cpu = 00:00:19 ; elapsed = 00:00:27 . Memory (MB): peak = 2836.602 ; gain = 0.000

Phase 8 Verifying routed nets

 Verification completed successfully
Phase 8 Verifying routed nets | Checksum: 1d34843af

Time (s): cpu = 00:00:19 ; elapsed = 00:00:27 . Memory (MB): peak = 2836.602 ; gain = 0.000

Phase 9 Depositing Routes
Phase 9 Depositing Routes | Checksum: 260cfcfea

Time (s): cpu = 00:00:19 ; elapsed = 00:00:27 . Memory (MB): peak = 2836.602 ; gain = 0.000

Phase 10 Post Router Timing
INFO: [Route 35-20] Post Routing Timing Summary | WNS=3.169  | TNS=0.000  | WHS=0.150  | THS=0.000  |

Phase 10 Post Router Timing | Checksum: 1ee3e2816

Time (s): cpu = 00:00:19 ; elapsed = 00:00:27 . Memory (MB): peak = 2836.602 ; gain = 0.000
INFO: [Route 35-61] The design met the timing requirement.
INFO: [Route 35-16] Router Completed Successfully

Phase 11 Post-Route Event Processing
Phase 11 Post-Route Event Processing | Checksum: 5f93b741

Time (s): cpu = 00:00:19 ; elapsed = 00:00:27 . Memory (MB): peak = 2836.602 ; gain = 0.000

Time (s): cpu = 00:00:19 ; elapsed = 00:00:27 . Memory (MB): peak = 2836.602 ; gain = 0.000

Routing Is Done.
INFO: [Common 17-83] Releasing license: Implementation
14 Infos, 0 Warnings, 0 Critical Warnings and 0 Errors encountered.
route_design completed successfully
route_design: Time (s): cpu = 00:00:20 ; elapsed = 00:00:29 . Memory (MB): peak = 2836.602 ; gain = 0.000
# write_checkpoint -force $outputDir/post_route.dcp
INFO: [Timing 38-480] Writing timing data to binary archive.
Writing XDEF routing.
Writing XDEF routing logical nets.
Writing XDEF routing special nets.
Write XDEF Complete: Time (s): cpu = 00:00:00 ; elapsed = 00:00:00.188 . Memory (MB): peak = 2836.602 ; gain = 0.000
INFO: [Common 17-1381] The checkpoint 'C:/Users/Cesar/Desktop/6.2050/Lab 4/obj/post_route.dcp' has been generated.
# report_route_status -file $outputDir/post_route_status.rpt
# report_timing_summary -file $outputDir/post_route_timing_summary.rpt
# report_timing -file $outputDir/post_route_timing.rpt
INFO: [Timing 38-78] ReportTimingParams: -max_paths 1 -nworst 1 -delay_type max -sort_by slack.
# report_power -file $outputDir/post_route_power.rpt
Command: report_power -file obj/post_route_power.rpt
Running Vector-less Activity Propagation...

Finished Running Vector-less Activity Propagation
0 Infos, 0 Warnings, 0 Critical Warnings and 0 Errors encountered.
report_power completed successfully
# report_drc -file $outputDir/post_imp_drc.rpt
Command: report_drc -file obj/post_imp_drc.rpt
INFO: [IP_Flow 19-234] Refreshing IP repositories
INFO: [IP_Flow 19-1704] No user IP repositories specified
INFO: [IP_Flow 19-2313] Loaded Vivado IP repository 'C:/Xilinx/Vivado/2023.1/data/ip'.
INFO: [DRC 23-27] Running DRC with 2 threads
INFO: [Vivado_Tcl 2-168] The results of DRC are in file C:/Users/Cesar/Desktop/6.2050/Lab 4/obj/post_imp_drc.rpt.
report_drc completed successfully
# write_bitstream -force $outputDir/final.bit
Command: write_bitstream -force obj/final.bit
Attempting to get a license for feature 'Implementation' and/or device 'xc7s50'
INFO: [Common 17-349] Got license for feature 'Implementation' and/or device 'xc7s50'
Running DRC as a precondition to command write_bitstream
INFO: [IP_Flow 19-1839] IP Catalog is up to date.
INFO: [DRC 23-27] Running DRC with 2 threads
WARNING: [DRC DPIP-1] Input pipelining: DSP msp/cs/in_sprite1 input msp/cs/in_sprite1/A[29:0] is not pipelined. Pipelining DSP48 input will improve performance.
WARNING: [DRC DPIP-1] Input pipelining: DSP msp/cs/in_sprite1 input msp/cs/in_sprite1/B[17:0] is not pipelined. Pipelining DSP48 input will improve performance.
WARNING: [DRC DPIP-1] Input pipelining: DSP msp/cs/in_sprite2 input msp/cs/in_sprite2/A[29:0] is not pipelined. Pipelining DSP48 input will improve performance.
WARNING: [DRC DPIP-1] Input pipelining: DSP msp/cs/in_sprite2 input msp/cs/in_sprite2/B[17:0] is not pipelined. Pipelining DSP48 input will improve performance.
INFO: [Vivado 12-3199] DRC finished with 0 Errors, 4 Warnings
INFO: [Vivado 12-3200] Please refer to the DRC report (report_drc) for more information.
INFO: [Designutils 20-2272] Running write_bitstream with 2 threads.
Loading data files...
Loading site data...
Loading route data...
Processing options...
Creating bitmap...
Creating bitstream...
Bitstream compression saved 14146112 bits.
Writing bitstream obj/final.bit...
INFO: [Vivado 12-1842] Bitgen Completed Successfully.
INFO: [Project 1-1876] WebTalk data collection is mandatory when using a ULT device. To see the specific WebTalk data collected for your design, open the usage_statistics_webtalk.html or usage_statistics_webtalk.xml file in the implementation directory.
INFO: [Common 17-83] Releasing license: Implementation
9 Infos, 4 Warnings, 0 Critical Warnings and 0 Errors encountered.
write_bitstream completed successfully
write_bitstream: Time (s): cpu = 00:00:12 ; elapsed = 00:00:15 . Memory (MB): peak = 3108.422 ; gain = 260.305
INFO: [Common 17-206] Exiting Vivado at Thu Oct  5 19:50:19 2023...
