Copyright 1986-2022 Xilinx, Inc. All Rights Reserved. Copyright 2022-2023 Advanced Micro Devices, Inc. All Rights Reserved.
---------------------------------------------------------------------------------------------------------------------------------------------
| Tool Version : Vivado v.2023.1 (win64) Build 3865809 Sun May  7 15:05:29 MDT 2023
| Date         : Wed Sep 13 15:45:52 2023
| Host         : DESKTOP-M3QN9GM running 64-bit major release  (build 9200)
| Command      : report_timing -file obj/post_route_timing.rpt
| Design       : top_level
| Device       : 7s50-csga324
| Speed File   : -1  PRODUCTION 1.23 2018-06-13
| Design State : Routed
---------------------------------------------------------------------------------------------------------------------------------------------

Timing Report

Slack:                    inf
  Source:                 sw[1]
                            (input port)
  Destination:            led[7]
                            (output port)
  Path Group:             (none)
  Path Type:              Max at Slow Process Corner
  Data Path Delay:        33.254ns  (logic 13.378ns (40.229%)  route 19.877ns (59.771%))
  Logic Levels:           35  (CARRY4=19 IBUF=1 LUT2=1 LUT3=6 LUT4=2 LUT5=1 LUT6=4 OBUF=1)

    Location             Delay type                Incr(ns)  Path(ns)    Netlist Resource(s)
  -------------------------------------------------------------------    -------------------
    F2                                                0.000     0.000 f  sw[1] (IN)
                         net (fo=0)                   0.000     0.000    sw[1]
    F2                   IBUF (Prop_ibuf_I_O)         1.467     1.467 f  sw_IBUF[1]_inst/O
                         net (fo=50, routed)          2.997     4.464    n1/sw_IBUF[1]
    SLICE_X63Y77         LUT6 (Prop_lut6_I3_O)        0.124     4.588 r  n1/res_out0__122_carry_i_9/O
                         net (fo=9, routed)           0.817     5.405    n1/res_out0__122_carry_i_9_n_0
    SLICE_X63Y78         LUT4 (Prop_lut4_I1_O)        0.124     5.529 r  n1/res_out0__122_carry_i_1/O
                         net (fo=22, routed)          0.888     6.417    n1/data3[7]
    SLICE_X63Y77         LUT2 (Prop_lut2_I1_O)        0.124     6.541 r  n1/res_out0__122_carry__0_i_4/O
                         net (fo=4, routed)           0.608     7.148    n1/res_out0__122_carry__0_i_4_n_0
    SLICE_X64Y77         LUT6 (Prop_lut6_I0_O)        0.124     7.272 r  n1/res_out0__121_carry__0_i_6/O
                         net (fo=1, routed)           0.000     7.272    n1/res_out0__121_carry__0_i_6_n_0
    SLICE_X64Y77         CARRY4 (Prop_carry4_S[0]_CO[3])
                                                      0.513     7.785 r  n1/res_out0__121_carry__0/CO[3]
                         net (fo=1, routed)           0.000     7.785    n1/res_out0__121_carry__0_n_0
    SLICE_X64Y78         CARRY4 (Prop_carry4_CI_CO[0])
                                                      0.254     8.039 r  n1/res_out0__121_carry__1/CO[0]
                         net (fo=11, routed)          1.486     9.526    n1/res_out0__121_carry__1_n_3
    SLICE_X65Y72         LUT3 (Prop_lut3_I0_O)        0.367     9.893 r  n1/led_OBUF[7]_inst_i_68/O
                         net (fo=1, routed)           0.000     9.893    n1/led_OBUF[7]_inst_i_68_n_0
    SLICE_X65Y72         CARRY4 (Prop_carry4_S[3]_CO[3])
                                                      0.401    10.294 r  n1/led_OBUF[7]_inst_i_54/CO[3]
                         net (fo=1, routed)           0.000    10.294    n1/led_OBUF[7]_inst_i_54_n_0
    SLICE_X65Y73         CARRY4 (Prop_carry4_CI_CO[3])
                                                      0.114    10.408 r  n1/led_OBUF[7]_inst_i_51/CO[3]
                         net (fo=1, routed)           0.000    10.408    n1/led_OBUF[7]_inst_i_51_n_0
    SLICE_X65Y74         CARRY4 (Prop_carry4_CI_CO[1])
                                                      0.157    10.565 r  n1/led_OBUF[7]_inst_i_50/CO[1]
                         net (fo=11, routed)          0.894    11.458    n1/led_OBUF[7]_inst_i_50_n_2
    SLICE_X64Y73         LUT3 (Prop_lut3_I0_O)        0.329    11.787 r  n1/led_OBUF[7]_inst_i_61/O
                         net (fo=1, routed)           0.000    11.787    n1/led_OBUF[7]_inst_i_61_n_0
    SLICE_X64Y73         CARRY4 (Prop_carry4_S[1]_CO[3])
                                                      0.533    12.320 r  n1/led_OBUF[7]_inst_i_42/CO[3]
                         net (fo=1, routed)           0.000    12.320    n1/led_OBUF[7]_inst_i_42_n_0
    SLICE_X64Y74         CARRY4 (Prop_carry4_CI_CO[3])
                                                      0.117    12.437 r  n1/led_OBUF[7]_inst_i_39/CO[3]
                         net (fo=1, routed)           0.009    12.446    n1/led_OBUF[7]_inst_i_39_n_0
    SLICE_X64Y75         CARRY4 (Prop_carry4_CI_CO[1])
                                                      0.157    12.603 r  n1/led_OBUF[7]_inst_i_38/CO[1]
                         net (fo=11, routed)          1.354    13.957    n1/led_OBUF[7]_inst_i_38_n_2
    SLICE_X62Y73         LUT3 (Prop_lut3_I0_O)        0.332    14.289 r  n1/led_OBUF[7]_inst_i_47/O
                         net (fo=1, routed)           0.000    14.289    n1/led_OBUF[7]_inst_i_47_n_0
    SLICE_X62Y73         CARRY4 (Prop_carry4_S[3]_CO[3])
                                                      0.401    14.690 r  n1/led_OBUF[7]_inst_i_30/CO[3]
                         net (fo=1, routed)           0.000    14.690    n1/led_OBUF[7]_inst_i_30_n_0
    SLICE_X62Y74         CARRY4 (Prop_carry4_CI_CO[3])
                                                      0.114    14.804 r  n1/led_OBUF[7]_inst_i_27/CO[3]
                         net (fo=1, routed)           0.009    14.813    n1/led_OBUF[7]_inst_i_27_n_0
    SLICE_X62Y75         CARRY4 (Prop_carry4_CI_CO[1])
                                                      0.157    14.970 r  n1/led_OBUF[7]_inst_i_26/CO[1]
                         net (fo=11, routed)          1.410    16.380    n1/led_OBUF[7]_inst_i_26_n_2
    SLICE_X61Y73         LUT3 (Prop_lut3_I0_O)        0.329    16.709 r  n1/led_OBUF[7]_inst_i_35/O
                         net (fo=1, routed)           0.000    16.709    n1/led_OBUF[7]_inst_i_35_n_0
    SLICE_X61Y73         CARRY4 (Prop_carry4_S[3]_CO[3])
                                                      0.401    17.110 r  n1/led_OBUF[7]_inst_i_21/CO[3]
                         net (fo=1, routed)           0.000    17.110    n1/led_OBUF[7]_inst_i_21_n_0
    SLICE_X61Y74         CARRY4 (Prop_carry4_CI_CO[3])
                                                      0.114    17.224 r  n1/led_OBUF[7]_inst_i_18/CO[3]
                         net (fo=1, routed)           0.009    17.233    n1/led_OBUF[7]_inst_i_18_n_0
    SLICE_X61Y75         CARRY4 (Prop_carry4_CI_CO[1])
                                                      0.157    17.390 r  n1/led_OBUF[7]_inst_i_17/CO[1]
                         net (fo=11, routed)          1.227    18.616    n1/led_OBUF[7]_inst_i_17_n_2
    SLICE_X59Y73         LUT3 (Prop_lut3_I0_O)        0.329    18.945 r  n1/led_OBUF[6]_inst_i_16/O
                         net (fo=1, routed)           0.000    18.945    n1/led_OBUF[6]_inst_i_16_n_0
    SLICE_X59Y73         CARRY4 (Prop_carry4_S[1]_CO[3])
                                                      0.550    19.495 r  n1/led_OBUF[6]_inst_i_9/CO[3]
                         net (fo=1, routed)           0.000    19.495    n1/led_OBUF[6]_inst_i_9_n_0
    SLICE_X59Y74         CARRY4 (Prop_carry4_CI_CO[3])
                                                      0.114    19.609 r  n1/led_OBUF[7]_inst_i_11/CO[3]
                         net (fo=1, routed)           0.009    19.618    n1/led_OBUF[7]_inst_i_11_n_0
    SLICE_X59Y75         CARRY4 (Prop_carry4_CI_CO[1])
                                                      0.157    19.775 r  n1/led_OBUF[7]_inst_i_10/CO[1]
                         net (fo=11, routed)          1.036    20.812    n1/led_OBUF[7]_inst_i_10_n_2
    SLICE_X58Y73         LUT3 (Prop_lut3_I0_O)        0.329    21.141 r  n1/led_OBUF[0]_inst_i_10/O
                         net (fo=1, routed)           0.000    21.141    n1/led_OBUF[0]_inst_i_10_n_0
    SLICE_X58Y73         CARRY4 (Prop_carry4_S[1]_CO[3])
                                                      0.550    21.691 r  n1/led_OBUF[0]_inst_i_5/CO[3]
                         net (fo=1, routed)           0.000    21.691    n1/led_OBUF[0]_inst_i_5_n_0
    SLICE_X58Y74         CARRY4 (Prop_carry4_CI_O[0])
                                                      0.222    21.913 r  n1/led_OBUF[6]_inst_i_6/O[0]
                         net (fo=4, routed)           1.316    23.228    n1/led_OBUF[6]_inst_i_6_n_7
    SLICE_X62Y76         LUT4 (Prop_lut4_I2_O)        0.299    23.527 f  n1/led_OBUF[7]_inst_i_15/O
                         net (fo=1, routed)           0.657    24.185    n1/led_OBUF[7]_inst_i_15_n_0
    SLICE_X61Y76         LUT5 (Prop_lut5_I3_O)        0.124    24.309 r  n1/led_OBUF[7]_inst_i_7/O
                         net (fo=3, routed)           0.815    25.124    n1/led_OBUF[7]_inst_i_7_n_0
    SLICE_X58Y76         LUT6 (Prop_lut6_I2_O)        0.124    25.248 r  n1/led_OBUF[7]_inst_i_4/O
                         net (fo=1, routed)           0.953    26.201    n1/led_OBUF[7]_inst_i_4_n_0
    SLICE_X58Y80         LUT6 (Prop_lut6_I4_O)        0.124    26.325 r  n1/led_OBUF[7]_inst_i_1/O
                         net (fo=1, routed)           3.384    29.709    led_OBUF[7]
    D17                  OBUF (Prop_obuf_I_O)         3.546    33.254 r  led_OBUF[7]_inst/O
                         net (fo=0)                   0.000    33.254    led[7]
    D17                                                               r  led[7] (OUT)
  -------------------------------------------------------------------    -------------------




